[0.057s] Invoking command in '/home/devuser/AOX/ROS2/src/tutorial_interfaces/build/tutorial_interfaces': CMAKE_PREFIX_PATH=${CMAKE_PREFIX_PATH}:/opt/ros/humble /usr/bin/cmake --build /home/devuser/AOX/ROS2/src/tutorial_interfaces/build/tutorial_interfaces -- -j8 -l8
[0.145s] -- Found ament_cmake: 1.3.5 (/opt/ros/humble/share/ament_cmake/cmake)
[0.274s] -- Found geometry_msgs: 4.2.3 (/opt/ros/humble/share/geometry_msgs/cmake)
[0.290s] -- Found rosidl_generator_c: 3.1.5 (/opt/ros/humble/share/rosidl_generator_c/cmake)
[0.292s] -- Found rosidl_adapter: 3.1.5 (/opt/ros/humble/share/rosidl_adapter/cmake)
[0.295s] -- Found rosidl_generator_cpp: 3.1.5 (/opt/ros/humble/share/rosidl_generator_cpp/cmake)
[0.302s] -- Using all available rosidl_typesupport_c: rosidl_typesupport_fastrtps_c;rosidl_typesupport_introspection_c
[0.313s] -- Using all available rosidl_typesupport_cpp: rosidl_typesupport_fastrtps_cpp;rosidl_typesupport_introspection_cpp
[0.389s] -- Found rosidl_default_generators: 1.2.0 (/opt/ros/humble/share/rosidl_default_generators/cmake)
[0.586s] -- Found ament_cmake_ros: 0.10.0 (/opt/ros/humble/share/ament_cmake_ros/cmake)
[0.856s] -- Using all available rosidl_typesupport_c: rosidl_typesupport_fastrtps_c;rosidl_typesupport_introspection_c
[0.962s] -- Using all available rosidl_typesupport_cpp: rosidl_typesupport_fastrtps_cpp;rosidl_typesupport_introspection_cpp
[0.977s] -- Found python_cmake_module: 0.10.0 (/opt/ros/humble/share/python_cmake_module/cmake)
[0.992s] -- Using PYTHON_EXECUTABLE: /usr/bin/python3
[0.992s] -- Using PYTHON_INCLUDE_DIRS: /usr/include/python3.10
[0.992s] -- Using PYTHON_LIBRARIES: /usr/lib/x86_64-linux-gnu/libpython3.10.so
[1.022s] -- Configuring done
[1.082s] -- Generating done
[1.085s] -- Build files have been written to: /home/devuser/AOX/ROS2/src/tutorial_interfaces/build/tutorial_interfaces
[1.111s] [  2%] Built target tutorial_interfaces__cpp
[1.118s] [  2%] Built target ament_cmake_python_copy_tutorial_interfaces
[1.161s] [35m[1mConsolidate compiler generated dependencies of target tutorial_interfaces__rosidl_generator_c[0m
[1.161s] [35m[1mConsolidate compiler generated dependencies of target tutorial_interfaces__rosidl_typesupport_introspection_cpp[0m
[1.161s] [35m[1mConsolidate compiler generated dependencies of target tutorial_interfaces__rosidl_typesupport_cpp[0m
[1.172s] [ 12%] Built target tutorial_interfaces__rosidl_generator_c
[1.173s] [ 23%] Built target tutorial_interfaces__rosidl_typesupport_introspection_cpp
[1.175s] [ 34%] Built target tutorial_interfaces__rosidl_typesupport_cpp
[1.192s] [35m[1mConsolidate compiler generated dependencies of target tutorial_interfaces__rosidl_typesupport_c[0m
[1.193s] [35m[1mConsolidate compiler generated dependencies of target tutorial_interfaces__rosidl_typesupport_introspection_c[0m
[1.201s] [ 46%] Built target tutorial_interfaces__rosidl_typesupport_c
[1.201s] [ 55%] Built target tutorial_interfaces__rosidl_typesupport_introspection_c
[1.238s] [35m[1mConsolidate compiler generated dependencies of target tutorial_interfaces__rosidl_typesupport_fastrtps_c[0m
[1.249s] [35m[1mConsolidate compiler generated dependencies of target tutorial_interfaces__rosidl_typesupport_fastrtps_cpp[0m
[1.250s] [ 65%] Built target tutorial_interfaces__rosidl_typesupport_fastrtps_c
[1.262s] [ 76%] Built target tutorial_interfaces__rosidl_typesupport_fastrtps_cpp
[1.275s] [ 76%] Built target tutorial_interfaces
[1.290s] [ 78%] Built target tutorial_interfaces__py
[1.341s] [35m[1mConsolidate compiler generated dependencies of target tutorial_interfaces__rosidl_generator_py[0m
[1.352s] [ 87%] Built target tutorial_interfaces__rosidl_generator_py
[1.360s] [35m[1mConsolidate compiler generated dependencies of target tutorial_interfaces__rosidl_typesupport_fastrtps_c__pyext[0m
[1.360s] [35m[1mConsolidate compiler generated dependencies of target tutorial_interfaces__rosidl_typesupport_c__pyext[0m
[1.360s] [35m[1mConsolidate compiler generated dependencies of target tutorial_interfaces__rosidl_typesupport_introspection_c__pyext[0m
[1.366s] running egg_info
[1.367s] writing tutorial_interfaces.egg-info/PKG-INFO
[1.368s] writing dependency_links to tutorial_interfaces.egg-info/dependency_links.txt
[1.368s] writing top-level names to tutorial_interfaces.egg-info/top_level.txt
[1.369s] [ 91%] Built target tutorial_interfaces__rosidl_typesupport_c__pyext
[1.370s] [ 95%] Built target tutorial_interfaces__rosidl_typesupport_fastrtps_c__pyext
[1.371s] reading manifest file 'tutorial_interfaces.egg-info/SOURCES.txt'
[1.371s] [100%] Built target tutorial_interfaces__rosidl_typesupport_introspection_c__pyext
[1.371s] writing manifest file 'tutorial_interfaces.egg-info/SOURCES.txt'
[1.389s] [100%] Built target ament_cmake_python_build_tutorial_interfaces_egg
[1.397s] Invoked command in '/home/devuser/AOX/ROS2/src/tutorial_interfaces/build/tutorial_interfaces' returned '0': CMAKE_PREFIX_PATH=${CMAKE_PREFIX_PATH}:/opt/ros/humble /usr/bin/cmake --build /home/devuser/AOX/ROS2/src/tutorial_interfaces/build/tutorial_interfaces -- -j8 -l8
[1.464s] Invoking command in '/home/devuser/AOX/ROS2/src/tutorial_interfaces/build/tutorial_interfaces': CMAKE_PREFIX_PATH=${CMAKE_PREFIX_PATH}:/opt/ros/humble /usr/bin/cmake --install /home/devuser/AOX/ROS2/src/tutorial_interfaces/build/tutorial_interfaces
[1.469s] -- Install configuration: ""
[1.469s] -- Up-to-date: /home/devuser/AOX/ROS2/src/tutorial_interfaces/install/tutorial_interfaces/share/ament_index/resource_index/rosidl_interfaces/tutorial_interfaces
[1.469s] -- Up-to-date: /home/devuser/AOX/ROS2/src/tutorial_interfaces/install/tutorial_interfaces/include/tutorial_interfaces/tutorial_interfaces
[1.470s] -- Up-to-date: /home/devuser/AOX/ROS2/src/tutorial_interfaces/install/tutorial_interfaces/include/tutorial_interfaces/tutorial_interfaces/srv
[1.470s] -- Up-to-date: /home/devuser/AOX/ROS2/src/tutorial_interfaces/install/tutorial_interfaces/include/tutorial_interfaces/tutorial_interfaces/srv/detail
[1.470s] -- Up-to-date: /home/devuser/AOX/ROS2/src/tutorial_interfaces/install/tutorial_interfaces/include/tutorial_interfaces/tutorial_interfaces/srv/detail/add_three_ints__type_support.h
[1.470s] -- Up-to-date: /home/devuser/AOX/ROS2/src/tutorial_interfaces/install/tutorial_interfaces/include/tutorial_interfaces/tutorial_interfaces/srv/detail/add_three_ints__functions.c
[1.470s] -- Up-to-date: /home/devuser/AOX/ROS2/src/tutorial_interfaces/install/tutorial_interfaces/include/tutorial_interfaces/tutorial_interfaces/srv/detail/add_three_ints__struct.h
[1.470s] -- Up-to-date: /home/devuser/AOX/ROS2/src/tutorial_interfaces/install/tutorial_interfaces/include/tutorial_interfaces/tutorial_interfaces/srv/detail/add_three_ints__functions.h
[1.470s] -- Up-to-date: /home/devuser/AOX/ROS2/src/tutorial_interfaces/install/tutorial_interfaces/include/tutorial_interfaces/tutorial_interfaces/srv/add_three_ints.h
[1.470s] -- Up-to-date: /home/devuser/AOX/ROS2/src/tutorial_interfaces/install/tutorial_interfaces/include/tutorial_interfaces/tutorial_interfaces/msg
[1.470s] -- Up-to-date: /home/devuser/AOX/ROS2/src/tutorial_interfaces/install/tutorial_interfaces/include/tutorial_interfaces/tutorial_interfaces/msg/num.h
[1.470s] -- Up-to-date: /home/devuser/AOX/ROS2/src/tutorial_interfaces/install/tutorial_interfaces/include/tutorial_interfaces/tutorial_interfaces/msg/sphere.h
[1.470s] -- Up-to-date: /home/devuser/AOX/ROS2/src/tutorial_interfaces/install/tutorial_interfaces/include/tutorial_interfaces/tutorial_interfaces/msg/rosidl_generator_c__visibility_control.h
[1.470s] -- Up-to-date: /home/devuser/AOX/ROS2/src/tutorial_interfaces/install/tutorial_interfaces/include/tutorial_interfaces/tutorial_interfaces/msg/detail
[1.470s] -- Up-to-date: /home/devuser/AOX/ROS2/src/tutorial_interfaces/install/tutorial_interfaces/include/tutorial_interfaces/tutorial_interfaces/msg/detail/num__type_support.h
[1.470s] -- Up-to-date: /home/devuser/AOX/ROS2/src/tutorial_interfaces/install/tutorial_interfaces/include/tutorial_interfaces/tutorial_interfaces/msg/detail/sphere__functions.h
[1.470s] -- Up-to-date: /home/devuser/AOX/ROS2/src/tutorial_interfaces/install/tutorial_interfaces/include/tutorial_interfaces/tutorial_interfaces/msg/detail/num__struct.h
[1.470s] -- Up-to-date: /home/devuser/AOX/ROS2/src/tutorial_interfaces/install/tutorial_interfaces/include/tutorial_interfaces/tutorial_interfaces/msg/detail/sphere__type_support.h
[1.470s] -- Up-to-date: /home/devuser/AOX/ROS2/src/tutorial_interfaces/install/tutorial_interfaces/include/tutorial_interfaces/tutorial_interfaces/msg/detail/sphere__functions.c
[1.470s] -- Up-to-date: /home/devuser/AOX/ROS2/src/tutorial_interfaces/install/tutorial_interfaces/include/tutorial_interfaces/tutorial_interfaces/msg/detail/num__functions.h
[1.470s] -- Up-to-date: /home/devuser/AOX/ROS2/src/tutorial_interfaces/install/tutorial_interfaces/include/tutorial_interfaces/tutorial_interfaces/msg/detail/sphere__struct.h
[1.470s] -- Up-to-date: /home/devuser/AOX/ROS2/src/tutorial_interfaces/install/tutorial_interfaces/include/tutorial_interfaces/tutorial_interfaces/msg/detail/num__functions.c
[1.471s] -- Up-to-date: /home/devuser/AOX/ROS2/src/tutorial_interfaces/install/tutorial_interfaces/share/tutorial_interfaces/environment/library_path.sh
[1.471s] -- Installing: /home/devuser/AOX/ROS2/src/tutorial_interfaces/install/tutorial_interfaces/share/tutorial_interfaces/environment/library_path.dsv
[1.471s] -- Up-to-date: /home/devuser/AOX/ROS2/src/tutorial_interfaces/install/tutorial_interfaces/lib/libtutorial_interfaces__rosidl_generator_c.so
[1.471s] -- Up-to-date: /home/devuser/AOX/ROS2/src/tutorial_interfaces/install/tutorial_interfaces/include/tutorial_interfaces/tutorial_interfaces
[1.471s] -- Up-to-date: /home/devuser/AOX/ROS2/src/tutorial_interfaces/install/tutorial_interfaces/include/tutorial_interfaces/tutorial_interfaces/srv
[1.471s] -- Up-to-date: /home/devuser/AOX/ROS2/src/tutorial_interfaces/install/tutorial_interfaces/include/tutorial_interfaces/tutorial_interfaces/srv/detail
[1.471s] -- Up-to-date: /home/devuser/AOX/ROS2/src/tutorial_interfaces/install/tutorial_interfaces/include/tutorial_interfaces/tutorial_interfaces/srv/detail/add_three_ints__rosidl_typesupport_fastrtps_c.h
[1.471s] -- Up-to-date: /home/devuser/AOX/ROS2/src/tutorial_interfaces/install/tutorial_interfaces/include/tutorial_interfaces/tutorial_interfaces/msg
[1.471s] -- Up-to-date: /home/devuser/AOX/ROS2/src/tutorial_interfaces/install/tutorial_interfaces/include/tutorial_interfaces/tutorial_interfaces/msg/detail
[1.471s] -- Up-to-date: /home/devuser/AOX/ROS2/src/tutorial_interfaces/install/tutorial_interfaces/include/tutorial_interfaces/tutorial_interfaces/msg/detail/num__rosidl_typesupport_fastrtps_c.h
[1.471s] -- Up-to-date: /home/devuser/AOX/ROS2/src/tutorial_interfaces/install/tutorial_interfaces/include/tutorial_interfaces/tutorial_interfaces/msg/detail/sphere__rosidl_typesupport_fastrtps_c.h
[1.471s] -- Up-to-date: /home/devuser/AOX/ROS2/src/tutorial_interfaces/install/tutorial_interfaces/include/tutorial_interfaces/tutorial_interfaces/msg/rosidl_typesupport_fastrtps_c__visibility_control.h
[1.471s] -- Up-to-date: /home/devuser/AOX/ROS2/src/tutorial_interfaces/install/tutorial_interfaces/lib/libtutorial_interfaces__rosidl_typesupport_fastrtps_c.so
[1.471s] -- Up-to-date: /home/devuser/AOX/ROS2/src/tutorial_interfaces/install/tutorial_interfaces/include/tutorial_interfaces/tutorial_interfaces
[1.471s] -- Up-to-date: /home/devuser/AOX/ROS2/src/tutorial_interfaces/install/tutorial_interfaces/include/tutorial_interfaces/tutorial_interfaces/srv
[1.471s] -- Up-to-date: /home/devuser/AOX/ROS2/src/tutorial_interfaces/install/tutorial_interfaces/include/tutorial_interfaces/tutorial_interfaces/srv/add_three_ints.hpp
[1.471s] -- Up-to-date: /home/devuser/AOX/ROS2/src/tutorial_interfaces/install/tutorial_interfaces/include/tutorial_interfaces/tutorial_interfaces/srv/detail
[1.471s] -- Up-to-date: /home/devuser/AOX/ROS2/src/tutorial_interfaces/install/tutorial_interfaces/include/tutorial_interfaces/tutorial_interfaces/srv/detail/add_three_ints__traits.hpp
[1.471s] -- Up-to-date: /home/devuser/AOX/ROS2/src/tutorial_interfaces/install/tutorial_interfaces/include/tutorial_interfaces/tutorial_interfaces/srv/detail/add_three_ints__struct.hpp
[1.472s] -- Up-to-date: /home/devuser/AOX/ROS2/src/tutorial_interfaces/install/tutorial_interfaces/include/tutorial_interfaces/tutorial_interfaces/srv/detail/add_three_ints__builder.hpp
[1.472s] -- Up-to-date: /home/devuser/AOX/ROS2/src/tutorial_interfaces/install/tutorial_interfaces/include/tutorial_interfaces/tutorial_interfaces/msg
[1.472s] -- Up-to-date: /home/devuser/AOX/ROS2/src/tutorial_interfaces/install/tutorial_interfaces/include/tutorial_interfaces/tutorial_interfaces/msg/num.hpp
[1.472s] -- Up-to-date: /home/devuser/AOX/ROS2/src/tutorial_interfaces/install/tutorial_interfaces/include/tutorial_interfaces/tutorial_interfaces/msg/sphere.hpp
[1.472s] -- Up-to-date: /home/devuser/AOX/ROS2/src/tutorial_interfaces/install/tutorial_interfaces/include/tutorial_interfaces/tutorial_interfaces/msg/detail
[1.472s] -- Up-to-date: /home/devuser/AOX/ROS2/src/tutorial_interfaces/install/tutorial_interfaces/include/tutorial_interfaces/tutorial_interfaces/msg/detail/sphere__struct.hpp
[1.472s] -- Up-to-date: /home/devuser/AOX/ROS2/src/tutorial_interfaces/install/tutorial_interfaces/include/tutorial_interfaces/tutorial_interfaces/msg/detail/num__struct.hpp
[1.472s] -- Up-to-date: /home/devuser/AOX/ROS2/src/tutorial_interfaces/install/tutorial_interfaces/include/tutorial_interfaces/tutorial_interfaces/msg/detail/num__traits.hpp
[1.472s] -- Up-to-date: /home/devuser/AOX/ROS2/src/tutorial_interfaces/install/tutorial_interfaces/include/tutorial_interfaces/tutorial_interfaces/msg/detail/sphere__builder.hpp
[1.472s] -- Up-to-date: /home/devuser/AOX/ROS2/src/tutorial_interfaces/install/tutorial_interfaces/include/tutorial_interfaces/tutorial_interfaces/msg/detail/sphere__traits.hpp
[1.472s] -- Up-to-date: /home/devuser/AOX/ROS2/src/tutorial_interfaces/install/tutorial_interfaces/include/tutorial_interfaces/tutorial_interfaces/msg/detail/num__builder.hpp
[1.472s] -- Up-to-date: /home/devuser/AOX/ROS2/src/tutorial_interfaces/install/tutorial_interfaces/include/tutorial_interfaces/tutorial_interfaces
[1.472s] -- Up-to-date: /home/devuser/AOX/ROS2/src/tutorial_interfaces/install/tutorial_interfaces/include/tutorial_interfaces/tutorial_interfaces/srv
[1.472s] -- Up-to-date: /home/devuser/AOX/ROS2/src/tutorial_interfaces/install/tutorial_interfaces/include/tutorial_interfaces/tutorial_interfaces/srv/detail
[1.472s] -- Up-to-date: /home/devuser/AOX/ROS2/src/tutorial_interfaces/install/tutorial_interfaces/include/tutorial_interfaces/tutorial_interfaces/srv/detail/add_three_ints__rosidl_typesupport_fastrtps_cpp.hpp
[1.472s] -- Up-to-date: /home/devuser/AOX/ROS2/src/tutorial_interfaces/install/tutorial_interfaces/include/tutorial_interfaces/tutorial_interfaces/srv/detail/dds_fastrtps
[1.472s] -- Up-to-date: /home/devuser/AOX/ROS2/src/tutorial_interfaces/install/tutorial_interfaces/include/tutorial_interfaces/tutorial_interfaces/msg
[1.472s] -- Up-to-date: /home/devuser/AOX/ROS2/src/tutorial_interfaces/install/tutorial_interfaces/include/tutorial_interfaces/tutorial_interfaces/msg/rosidl_typesupport_fastrtps_cpp__visibility_control.h
[1.472s] -- Up-to-date: /home/devuser/AOX/ROS2/src/tutorial_interfaces/install/tutorial_interfaces/include/tutorial_interfaces/tutorial_interfaces/msg/detail
[1.472s] -- Up-to-date: /home/devuser/AOX/ROS2/src/tutorial_interfaces/install/tutorial_interfaces/include/tutorial_interfaces/tutorial_interfaces/msg/detail/num__rosidl_typesupport_fastrtps_cpp.hpp
[1.472s] -- Up-to-date: /home/devuser/AOX/ROS2/src/tutorial_interfaces/install/tutorial_interfaces/include/tutorial_interfaces/tutorial_interfaces/msg/detail/sphere__rosidl_typesupport_fastrtps_cpp.hpp
[1.472s] -- Up-to-date: /home/devuser/AOX/ROS2/src/tutorial_interfaces/install/tutorial_interfaces/include/tutorial_interfaces/tutorial_interfaces/msg/detail/dds_fastrtps
[1.472s] -- Up-to-date: /home/devuser/AOX/ROS2/src/tutorial_interfaces/install/tutorial_interfaces/lib/libtutorial_interfaces__rosidl_typesupport_fastrtps_cpp.so
[1.473s] -- Up-to-date: /home/devuser/AOX/ROS2/src/tutorial_interfaces/install/tutorial_interfaces/include/tutorial_interfaces/tutorial_interfaces
[1.473s] -- Up-to-date: /home/devuser/AOX/ROS2/src/tutorial_interfaces/install/tutorial_interfaces/include/tutorial_interfaces/tutorial_interfaces/srv
[1.473s] -- Up-to-date: /home/devuser/AOX/ROS2/src/tutorial_interfaces/install/tutorial_interfaces/include/tutorial_interfaces/tutorial_interfaces/srv/detail
[1.473s] -- Up-to-date: /home/devuser/AOX/ROS2/src/tutorial_interfaces/install/tutorial_interfaces/include/tutorial_interfaces/tutorial_interfaces/srv/detail/add_three_ints__type_support.c
[1.473s] -- Up-to-date: /home/devuser/AOX/ROS2/src/tutorial_interfaces/install/tutorial_interfaces/include/tutorial_interfaces/tutorial_interfaces/srv/detail/add_three_ints__rosidl_typesupport_introspection_c.h
[1.473s] -- Up-to-date: /home/devuser/AOX/ROS2/src/tutorial_interfaces/install/tutorial_interfaces/include/tutorial_interfaces/tutorial_interfaces/msg
[1.473s] -- Up-to-date: /home/devuser/AOX/ROS2/src/tutorial_interfaces/install/tutorial_interfaces/include/tutorial_interfaces/tutorial_interfaces/msg/rosidl_typesupport_introspection_c__visibility_control.h
[1.473s] -- Up-to-date: /home/devuser/AOX/ROS2/src/tutorial_interfaces/install/tutorial_interfaces/include/tutorial_interfaces/tutorial_interfaces/msg/detail
[1.473s] -- Up-to-date: /home/devuser/AOX/ROS2/src/tutorial_interfaces/install/tutorial_interfaces/include/tutorial_interfaces/tutorial_interfaces/msg/detail/num__type_support.c
[1.473s] -- Up-to-date: /home/devuser/AOX/ROS2/src/tutorial_interfaces/install/tutorial_interfaces/include/tutorial_interfaces/tutorial_interfaces/msg/detail/num__rosidl_typesupport_introspection_c.h
[1.473s] -- Up-to-date: /home/devuser/AOX/ROS2/src/tutorial_interfaces/install/tutorial_interfaces/include/tutorial_interfaces/tutorial_interfaces/msg/detail/sphere__rosidl_typesupport_introspection_c.h
[1.473s] -- Up-to-date: /home/devuser/AOX/ROS2/src/tutorial_interfaces/install/tutorial_interfaces/include/tutorial_interfaces/tutorial_interfaces/msg/detail/sphere__type_support.c
[1.473s] -- Up-to-date: /home/devuser/AOX/ROS2/src/tutorial_interfaces/install/tutorial_interfaces/lib/libtutorial_interfaces__rosidl_typesupport_introspection_c.so
[1.473s] -- Up-to-date: /home/devuser/AOX/ROS2/src/tutorial_interfaces/install/tutorial_interfaces/lib/libtutorial_interfaces__rosidl_typesupport_c.so
[1.473s] -- Up-to-date: /home/devuser/AOX/ROS2/src/tutorial_interfaces/install/tutorial_interfaces/include/tutorial_interfaces/tutorial_interfaces
[1.473s] -- Up-to-date: /home/devuser/AOX/ROS2/src/tutorial_interfaces/install/tutorial_interfaces/include/tutorial_interfaces/tutorial_interfaces/srv
[1.473s] -- Up-to-date: /home/devuser/AOX/ROS2/src/tutorial_interfaces/install/tutorial_interfaces/include/tutorial_interfaces/tutorial_interfaces/srv/detail
[1.473s] -- Up-to-date: /home/devuser/AOX/ROS2/src/tutorial_interfaces/install/tutorial_interfaces/include/tutorial_interfaces/tutorial_interfaces/srv/detail/add_three_ints__rosidl_typesupport_introspection_cpp.hpp
[1.473s] -- Up-to-date: /home/devuser/AOX/ROS2/src/tutorial_interfaces/install/tutorial_interfaces/include/tutorial_interfaces/tutorial_interfaces/srv/detail/add_three_ints__type_support.cpp
[1.473s] -- Up-to-date: /home/devuser/AOX/ROS2/src/tutorial_interfaces/install/tutorial_interfaces/include/tutorial_interfaces/tutorial_interfaces/msg
[1.474s] -- Up-to-date: /home/devuser/AOX/ROS2/src/tutorial_interfaces/install/tutorial_interfaces/include/tutorial_interfaces/tutorial_interfaces/msg/detail
[1.474s] -- Up-to-date: /home/devuser/AOX/ROS2/src/tutorial_interfaces/install/tutorial_interfaces/include/tutorial_interfaces/tutorial_interfaces/msg/detail/num__rosidl_typesupport_introspection_cpp.hpp
[1.474s] -- Up-to-date: /home/devuser/AOX/ROS2/src/tutorial_interfaces/install/tutorial_interfaces/include/tutorial_interfaces/tutorial_interfaces/msg/detail/sphere__type_support.cpp
[1.474s] -- Up-to-date: /home/devuser/AOX/ROS2/src/tutorial_interfaces/install/tutorial_interfaces/include/tutorial_interfaces/tutorial_interfaces/msg/detail/sphere__rosidl_typesupport_introspection_cpp.hpp
[1.474s] -- Up-to-date: /home/devuser/AOX/ROS2/src/tutorial_interfaces/install/tutorial_interfaces/include/tutorial_interfaces/tutorial_interfaces/msg/detail/num__type_support.cpp
[1.474s] -- Up-to-date: /home/devuser/AOX/ROS2/src/tutorial_interfaces/install/tutorial_interfaces/lib/libtutorial_interfaces__rosidl_typesupport_introspection_cpp.so
[1.474s] -- Up-to-date: /home/devuser/AOX/ROS2/src/tutorial_interfaces/install/tutorial_interfaces/lib/libtutorial_interfaces__rosidl_typesupport_cpp.so
[1.474s] -- Up-to-date: /home/devuser/AOX/ROS2/src/tutorial_interfaces/install/tutorial_interfaces/share/tutorial_interfaces/environment/pythonpath.sh
[1.474s] -- Installing: /home/devuser/AOX/ROS2/src/tutorial_interfaces/install/tutorial_interfaces/share/tutorial_interfaces/environment/pythonpath.dsv
[1.474s] -- Up-to-date: /home/devuser/AOX/ROS2/src/tutorial_interfaces/install/tutorial_interfaces/local/lib/python3.10/dist-packages/tutorial_interfaces-0.0.0-py3.10.egg-info
[1.474s] -- Installing: /home/devuser/AOX/ROS2/src/tutorial_interfaces/install/tutorial_interfaces/local/lib/python3.10/dist-packages/tutorial_interfaces-0.0.0-py3.10.egg-info/top_level.txt
[1.474s] -- Installing: /home/devuser/AOX/ROS2/src/tutorial_interfaces/install/tutorial_interfaces/local/lib/python3.10/dist-packages/tutorial_interfaces-0.0.0-py3.10.egg-info/SOURCES.txt
[1.474s] -- Installing: /home/devuser/AOX/ROS2/src/tutorial_interfaces/install/tutorial_interfaces/local/lib/python3.10/dist-packages/tutorial_interfaces-0.0.0-py3.10.egg-info/dependency_links.txt
[1.474s] -- Installing: /home/devuser/AOX/ROS2/src/tutorial_interfaces/install/tutorial_interfaces/local/lib/python3.10/dist-packages/tutorial_interfaces-0.0.0-py3.10.egg-info/PKG-INFO
[1.474s] -- Up-to-date: /home/devuser/AOX/ROS2/src/tutorial_interfaces/install/tutorial_interfaces/local/lib/python3.10/dist-packages/tutorial_interfaces
[1.474s] -- Up-to-date: /home/devuser/AOX/ROS2/src/tutorial_interfaces/install/tutorial_interfaces/local/lib/python3.10/dist-packages/tutorial_interfaces/_tutorial_interfaces_s.ep.rosidl_typesupport_fastrtps_c.c
[1.474s] -- Up-to-date: /home/devuser/AOX/ROS2/src/tutorial_interfaces/install/tutorial_interfaces/local/lib/python3.10/dist-packages/tutorial_interfaces/srv
[1.474s] -- Up-to-date: /home/devuser/AOX/ROS2/src/tutorial_interfaces/install/tutorial_interfaces/local/lib/python3.10/dist-packages/tutorial_interfaces/srv/_add_three_ints.py
[1.474s] -- Up-to-date: /home/devuser/AOX/ROS2/src/tutorial_interfaces/install/tutorial_interfaces/local/lib/python3.10/dist-packages/tutorial_interfaces/srv/_add_three_ints_s.c
[1.474s] -- Up-to-date: /home/devuser/AOX/ROS2/src/tutorial_interfaces/install/tutorial_interfaces/local/lib/python3.10/dist-packages/tutorial_interfaces/srv/__init__.py
[1.474s] -- Up-to-date: /home/devuser/AOX/ROS2/src/tutorial_interfaces/install/tutorial_interfaces/local/lib/python3.10/dist-packages/tutorial_interfaces/tutorial_interfaces_s__rosidl_typesupport_introspection_c.cpython-310-x86_64-linux-gnu.so
[1.474s] -- Up-to-date: /home/devuser/AOX/ROS2/src/tutorial_interfaces/install/tutorial_interfaces/local/lib/python3.10/dist-packages/tutorial_interfaces/libtutorial_interfaces__rosidl_generator_py.so
[1.474s] -- Up-to-date: /home/devuser/AOX/ROS2/src/tutorial_interfaces/install/tutorial_interfaces/local/lib/python3.10/dist-packages/tutorial_interfaces/tutorial_interfaces_s__rosidl_typesupport_c.cpython-310-x86_64-linux-gnu.so
[1.474s] -- Up-to-date: /home/devuser/AOX/ROS2/src/tutorial_interfaces/install/tutorial_interfaces/local/lib/python3.10/dist-packages/tutorial_interfaces/_tutorial_interfaces_s.ep.rosidl_typesupport_introspection_c.c
[1.475s] -- Installing: /home/devuser/AOX/ROS2/src/tutorial_interfaces/install/tutorial_interfaces/local/lib/python3.10/dist-packages/tutorial_interfaces/__init__.py
[1.475s] -- Up-to-date: /home/devuser/AOX/ROS2/src/tutorial_interfaces/install/tutorial_interfaces/local/lib/python3.10/dist-packages/tutorial_interfaces/tutorial_interfaces_s__rosidl_typesupport_fastrtps_c.cpython-310-x86_64-linux-gnu.so
[1.475s] -- Up-to-date: /home/devuser/AOX/ROS2/src/tutorial_interfaces/install/tutorial_interfaces/local/lib/python3.10/dist-packages/tutorial_interfaces/msg
[1.475s] -- Up-to-date: /home/devuser/AOX/ROS2/src/tutorial_interfaces/install/tutorial_interfaces/local/lib/python3.10/dist-packages/tutorial_interfaces/msg/_sphere_s.c
[1.475s] -- Up-to-date: /home/devuser/AOX/ROS2/src/tutorial_interfaces/install/tutorial_interfaces/local/lib/python3.10/dist-packages/tutorial_interfaces/msg/_num_s.c
[1.475s] -- Up-to-date: /home/devuser/AOX/ROS2/src/tutorial_interfaces/install/tutorial_interfaces/local/lib/python3.10/dist-packages/tutorial_interfaces/msg/_sphere.py
[1.475s] -- Up-to-date: /home/devuser/AOX/ROS2/src/tutorial_interfaces/install/tutorial_interfaces/local/lib/python3.10/dist-packages/tutorial_interfaces/msg/_num.py
[1.475s] -- Up-to-date: /home/devuser/AOX/ROS2/src/tutorial_interfaces/install/tutorial_interfaces/local/lib/python3.10/dist-packages/tutorial_interfaces/msg/__init__.py
[1.475s] -- Up-to-date: /home/devuser/AOX/ROS2/src/tutorial_interfaces/install/tutorial_interfaces/local/lib/python3.10/dist-packages/tutorial_interfaces/_tutorial_interfaces_s.ep.rosidl_typesupport_c.c
[1.527s] Listing '/home/devuser/AOX/ROS2/src/tutorial_interfaces/install/tutorial_interfaces/local/lib/python3.10/dist-packages/tutorial_interfaces'...
[1.527s] Compiling '/home/devuser/AOX/ROS2/src/tutorial_interfaces/install/tutorial_interfaces/local/lib/python3.10/dist-packages/tutorial_interfaces/__init__.py'...
[1.527s] Listing '/home/devuser/AOX/ROS2/src/tutorial_interfaces/install/tutorial_interfaces/local/lib/python3.10/dist-packages/tutorial_interfaces/msg'...
[1.527s] Listing '/home/devuser/AOX/ROS2/src/tutorial_interfaces/install/tutorial_interfaces/local/lib/python3.10/dist-packages/tutorial_interfaces/srv'...
[1.531s] -- Up-to-date: /home/devuser/AOX/ROS2/src/tutorial_interfaces/install/tutorial_interfaces/local/lib/python3.10/dist-packages/tutorial_interfaces/tutorial_interfaces_s__rosidl_typesupport_fastrtps_c.cpython-310-x86_64-linux-gnu.so
[1.531s] -- Up-to-date: /home/devuser/AOX/ROS2/src/tutorial_interfaces/install/tutorial_interfaces/local/lib/python3.10/dist-packages/tutorial_interfaces/tutorial_interfaces_s__rosidl_typesupport_introspection_c.cpython-310-x86_64-linux-gnu.so
[1.532s] -- Up-to-date: /home/devuser/AOX/ROS2/src/tutorial_interfaces/install/tutorial_interfaces/local/lib/python3.10/dist-packages/tutorial_interfaces/tutorial_interfaces_s__rosidl_typesupport_c.cpython-310-x86_64-linux-gnu.so
[1.532s] -- Up-to-date: /home/devuser/AOX/ROS2/src/tutorial_interfaces/install/tutorial_interfaces/lib/libtutorial_interfaces__rosidl_generator_py.so
[1.532s] -- Up-to-date: /home/devuser/AOX/ROS2/src/tutorial_interfaces/install/tutorial_interfaces/share/tutorial_interfaces/msg/Num.idl
[1.532s] -- Up-to-date: /home/devuser/AOX/ROS2/src/tutorial_interfaces/install/tutorial_interfaces/share/tutorial_interfaces/msg/Sphere.idl
[1.532s] -- Up-to-date: /home/devuser/AOX/ROS2/src/tutorial_interfaces/install/tutorial_interfaces/share/tutorial_interfaces/srv/AddThreeInts.idl
[1.532s] -- Up-to-date: /home/devuser/AOX/ROS2/src/tutorial_interfaces/install/tutorial_interfaces/share/tutorial_interfaces/msg/Num.msg
[1.532s] -- Up-to-date: /home/devuser/AOX/ROS2/src/tutorial_interfaces/install/tutorial_interfaces/share/tutorial_interfaces/msg/Sphere.msg
[1.532s] -- Installing: /home/devuser/AOX/ROS2/src/tutorial_interfaces/install/tutorial_interfaces/share/tutorial_interfaces/srv/AddThreeInts.srv
[1.532s] -- Up-to-date: /home/devuser/AOX/ROS2/src/tutorial_interfaces/install/tutorial_interfaces/share/tutorial_interfaces/srv/AddThreeInts_Request.msg
[1.532s] -- Up-to-date: /home/devuser/AOX/ROS2/src/tutorial_interfaces/install/tutorial_interfaces/share/tutorial_interfaces/srv/AddThreeInts_Response.msg
[1.532s] -- Up-to-date: /home/devuser/AOX/ROS2/src/tutorial_interfaces/install/tutorial_interfaces/share/ament_index/resource_index/package_run_dependencies/tutorial_interfaces
[1.532s] -- Up-to-date: /home/devuser/AOX/ROS2/src/tutorial_interfaces/install/tutorial_interfaces/share/ament_index/resource_index/parent_prefix_path/tutorial_interfaces
[1.533s] -- Up-to-date: /home/devuser/AOX/ROS2/src/tutorial_interfaces/install/tutorial_interfaces/share/tutorial_interfaces/environment/ament_prefix_path.sh
[1.533s] -- Installing: /home/devuser/AOX/ROS2/src/tutorial_interfaces/install/tutorial_interfaces/share/tutorial_interfaces/environment/ament_prefix_path.dsv
[1.533s] -- Up-to-date: /home/devuser/AOX/ROS2/src/tutorial_interfaces/install/tutorial_interfaces/share/tutorial_interfaces/environment/path.sh
[1.533s] -- Installing: /home/devuser/AOX/ROS2/src/tutorial_interfaces/install/tutorial_interfaces/share/tutorial_interfaces/environment/path.dsv
[1.533s] -- Up-to-date: /home/devuser/AOX/ROS2/src/tutorial_interfaces/install/tutorial_interfaces/share/tutorial_interfaces/local_setup.bash
[1.533s] -- Up-to-date: /home/devuser/AOX/ROS2/src/tutorial_interfaces/install/tutorial_interfaces/share/tutorial_interfaces/local_setup.sh
[1.533s] -- Up-to-date: /home/devuser/AOX/ROS2/src/tutorial_interfaces/install/tutorial_interfaces/share/tutorial_interfaces/local_setup.zsh
[1.533s] -- Installing: /home/devuser/AOX/ROS2/src/tutorial_interfaces/install/tutorial_interfaces/share/tutorial_interfaces/local_setup.dsv
[1.533s] -- Installing: /home/devuser/AOX/ROS2/src/tutorial_interfaces/install/tutorial_interfaces/share/tutorial_interfaces/package.dsv
[1.533s] -- Up-to-date: /home/devuser/AOX/ROS2/src/tutorial_interfaces/install/tutorial_interfaces/share/ament_index/resource_index/packages/tutorial_interfaces
[1.534s] -- Up-to-date: /home/devuser/AOX/ROS2/src/tutorial_interfaces/install/tutorial_interfaces/share/tutorial_interfaces/cmake/export_tutorial_interfaces__rosidl_generator_cExport.cmake
[1.534s] -- Up-to-date: /home/devuser/AOX/ROS2/src/tutorial_interfaces/install/tutorial_interfaces/share/tutorial_interfaces/cmake/export_tutorial_interfaces__rosidl_generator_cExport-noconfig.cmake
[1.534s] -- Up-to-date: /home/devuser/AOX/ROS2/src/tutorial_interfaces/install/tutorial_interfaces/share/tutorial_interfaces/cmake/export_tutorial_interfaces__rosidl_typesupport_fastrtps_cExport.cmake
[1.534s] -- Up-to-date: /home/devuser/AOX/ROS2/src/tutorial_interfaces/install/tutorial_interfaces/share/tutorial_interfaces/cmake/export_tutorial_interfaces__rosidl_typesupport_fastrtps_cExport-noconfig.cmake
[1.534s] -- Up-to-date: /home/devuser/AOX/ROS2/src/tutorial_interfaces/install/tutorial_interfaces/share/tutorial_interfaces/cmake/export_tutorial_interfaces__rosidl_generator_cppExport.cmake
[1.534s] -- Up-to-date: /home/devuser/AOX/ROS2/src/tutorial_interfaces/install/tutorial_interfaces/share/tutorial_interfaces/cmake/export_tutorial_interfaces__rosidl_typesupport_fastrtps_cppExport.cmake
[1.534s] -- Up-to-date: /home/devuser/AOX/ROS2/src/tutorial_interfaces/install/tutorial_interfaces/share/tutorial_interfaces/cmake/export_tutorial_interfaces__rosidl_typesupport_fastrtps_cppExport-noconfig.cmake
[1.534s] -- Up-to-date: /home/devuser/AOX/ROS2/src/tutorial_interfaces/install/tutorial_interfaces/share/tutorial_interfaces/cmake/tutorial_interfaces__rosidl_typesupport_introspection_cExport.cmake
[1.534s] -- Up-to-date: /home/devuser/AOX/ROS2/src/tutorial_interfaces/install/tutorial_interfaces/share/tutorial_interfaces/cmake/tutorial_interfaces__rosidl_typesupport_introspection_cExport-noconfig.cmake
[1.534s] -- Up-to-date: /home/devuser/AOX/ROS2/src/tutorial_interfaces/install/tutorial_interfaces/share/tutorial_interfaces/cmake/tutorial_interfaces__rosidl_typesupport_cExport.cmake
[1.534s] -- Up-to-date: /home/devuser/AOX/ROS2/src/tutorial_interfaces/install/tutorial_interfaces/share/tutorial_interfaces/cmake/tutorial_interfaces__rosidl_typesupport_cExport-noconfig.cmake
[1.534s] -- Up-to-date: /home/devuser/AOX/ROS2/src/tutorial_interfaces/install/tutorial_interfaces/share/tutorial_interfaces/cmake/tutorial_interfaces__rosidl_typesupport_introspection_cppExport.cmake
[1.535s] -- Up-to-date: /home/devuser/AOX/ROS2/src/tutorial_interfaces/install/tutorial_interfaces/share/tutorial_interfaces/cmake/tutorial_interfaces__rosidl_typesupport_introspection_cppExport-noconfig.cmake
[1.535s] -- Up-to-date: /home/devuser/AOX/ROS2/src/tutorial_interfaces/install/tutorial_interfaces/share/tutorial_interfaces/cmake/tutorial_interfaces__rosidl_typesupport_cppExport.cmake
[1.535s] -- Up-to-date: /home/devuser/AOX/ROS2/src/tutorial_interfaces/install/tutorial_interfaces/share/tutorial_interfaces/cmake/tutorial_interfaces__rosidl_typesupport_cppExport-noconfig.cmake
[1.535s] -- Up-to-date: /home/devuser/AOX/ROS2/src/tutorial_interfaces/install/tutorial_interfaces/share/tutorial_interfaces/cmake/export_tutorial_interfaces__rosidl_generator_pyExport.cmake
[1.535s] -- Up-to-date: /home/devuser/AOX/ROS2/src/tutorial_interfaces/install/tutorial_interfaces/share/tutorial_interfaces/cmake/export_tutorial_interfaces__rosidl_generator_pyExport-noconfig.cmake
[1.535s] -- Up-to-date: /home/devuser/AOX/ROS2/src/tutorial_interfaces/install/tutorial_interfaces/share/tutorial_interfaces/cmake/rosidl_cmake-extras.cmake
[1.535s] -- Up-to-date: /home/devuser/AOX/ROS2/src/tutorial_interfaces/install/tutorial_interfaces/share/tutorial_interfaces/cmake/ament_cmake_export_dependencies-extras.cmake
[1.535s] -- Up-to-date: /home/devuser/AOX/ROS2/src/tutorial_interfaces/install/tutorial_interfaces/share/tutorial_interfaces/cmake/ament_cmake_export_include_directories-extras.cmake
[1.535s] -- Up-to-date: /home/devuser/AOX/ROS2/src/tutorial_interfaces/install/tutorial_interfaces/share/tutorial_interfaces/cmake/ament_cmake_export_libraries-extras.cmake
[1.536s] -- Up-to-date: /home/devuser/AOX/ROS2/src/tutorial_interfaces/install/tutorial_interfaces/share/tutorial_interfaces/cmake/ament_cmake_export_targets-extras.cmake
[1.536s] -- Up-to-date: /home/devuser/AOX/ROS2/src/tutorial_interfaces/install/tutorial_interfaces/share/tutorial_interfaces/cmake/rosidl_cmake_export_typesupport_targets-extras.cmake
[1.536s] -- Up-to-date: /home/devuser/AOX/ROS2/src/tutorial_interfaces/install/tutorial_interfaces/share/tutorial_interfaces/cmake/rosidl_cmake_export_typesupport_libraries-extras.cmake
[1.536s] -- Up-to-date: /home/devuser/AOX/ROS2/src/tutorial_interfaces/install/tutorial_interfaces/share/tutorial_interfaces/cmake/tutorial_interfacesConfig.cmake
[1.536s] -- Up-to-date: /home/devuser/AOX/ROS2/src/tutorial_interfaces/install/tutorial_interfaces/share/tutorial_interfaces/cmake/tutorial_interfacesConfig-version.cmake
[1.536s] -- Up-to-date: /home/devuser/AOX/ROS2/src/tutorial_interfaces/install/tutorial_interfaces/share/tutorial_interfaces/package.xml
[1.538s] Invoked command in '/home/devuser/AOX/ROS2/src/tutorial_interfaces/build/tutorial_interfaces' returned '0': CMAKE_PREFIX_PATH=${CMAKE_PREFIX_PATH}:/opt/ros/humble /usr/bin/cmake --install /home/devuser/AOX/ROS2/src/tutorial_interfaces/build/tutorial_interfaces
