[0.015s] Invoking command in '/home/devuser/AOX/ROS2/src/tutorial_interfaces/build/tutorial_interfaces': CMAKE_PREFIX_PATH=${CMAKE_PREFIX_PATH}:/opt/ros/humble /usr/bin/cmake --build /home/devuser/AOX/ROS2/src/tutorial_interfaces/build/tutorial_interfaces -- -j8 -l8
[0.032s] -- Found ament_cmake: 1.3.5 (/opt/ros/humble/share/ament_cmake/cmake)
[0.128s] -- Found geometry_msgs: 4.2.3 (/opt/ros/humble/share/geometry_msgs/cmake)
[0.145s] -- Found rosidl_generator_c: 3.1.5 (/opt/ros/humble/share/rosidl_generator_c/cmake)
[0.147s] -- Found rosidl_adapter: 3.1.5 (/opt/ros/humble/share/rosidl_adapter/cmake)
[0.150s] -- Found rosidl_generator_cpp: 3.1.5 (/opt/ros/humble/share/rosidl_generator_cpp/cmake)
[0.158s] -- Using all available rosidl_typesupport_c: rosidl_typesupport_fastrtps_c;rosidl_typesupport_introspection_c
[0.168s] -- Using all available rosidl_typesupport_cpp: rosidl_typesupport_fastrtps_cpp;rosidl_typesupport_introspection_cpp
[0.243s] -- Found rosidl_default_generators: 1.2.0 (/opt/ros/humble/share/rosidl_default_generators/cmake)
[0.438s] -- Found ament_cmake_ros: 0.10.0 (/opt/ros/humble/share/ament_cmake_ros/cmake)
[0.710s] -- Using all available rosidl_typesupport_c: rosidl_typesupport_fastrtps_c;rosidl_typesupport_introspection_c
[0.815s] -- Using all available rosidl_typesupport_cpp: rosidl_typesupport_fastrtps_cpp;rosidl_typesupport_introspection_cpp
[0.831s] -- Found python_cmake_module: 0.10.0 (/opt/ros/humble/share/python_cmake_module/cmake)
[0.847s] -- Using PYTHON_EXECUTABLE: /usr/bin/python3
[0.847s] -- Using PYTHON_INCLUDE_DIRS: /usr/include/python3.10
[0.847s] -- Using PYTHON_LIBRARIES: /usr/lib/x86_64-linux-gnu/libpython3.10.so
[0.873s] -- Configuring done
[0.898s] -- Generating done
[0.900s] -- Build files have been written to: /home/devuser/AOX/ROS2/src/tutorial_interfaces/build/tutorial_interfaces
[0.919s] [35m[1mConsolidate compiler generated dependencies of target tutorial_interfaces__rosidl_generator_c[0m
[0.927s] [  2%] Built target tutorial_interfaces__cpp
[0.928s] [  4%] [32m[1mLinking C shared library libtutorial_interfaces__rosidl_generator_c.so[0m
[0.933s] [  4%] Built target ament_cmake_python_copy_tutorial_interfaces
[0.934s] [35m[1mConsolidate compiler generated dependencies of target tutorial_interfaces__rosidl_typesupport_introspection_cpp[0m
[0.936s] [35m[1mConsolidate compiler generated dependencies of target tutorial_interfaces__rosidl_typesupport_cpp[0m
[0.936s] [35m[1mConsolidate compiler generated dependencies of target tutorial_interfaces__rosidl_typesupport_fastrtps_cpp[0m
[0.951s] [  6%] [32m[1mLinking CXX shared library libtutorial_interfaces__rosidl_typesupport_introspection_cpp.so[0m
[0.952s] [ 10%] [32m[1mLinking CXX shared library libtutorial_interfaces__rosidl_typesupport_cpp.so[0m
[0.952s] [ 10%] [32m[1mLinking CXX shared library libtutorial_interfaces__rosidl_typesupport_fastrtps_cpp.so[0m
[0.958s] [ 19%] Built target tutorial_interfaces__rosidl_generator_c
[0.969s] [35m[1mConsolidate compiler generated dependencies of target tutorial_interfaces__rosidl_typesupport_c[0m
[0.970s] [35m[1mConsolidate compiler generated dependencies of target tutorial_interfaces__rosidl_typesupport_introspection_c[0m
[0.970s] [35m[1mConsolidate compiler generated dependencies of target tutorial_interfaces__rosidl_typesupport_fastrtps_c[0m
[0.984s] [ 23%] [32m[1mLinking CXX shared library libtutorial_interfaces__rosidl_typesupport_c.so[0m
[0.984s] [ 23%] [32m[1mLinking C shared library libtutorial_interfaces__rosidl_typesupport_introspection_c.so[0m
[0.989s] [ 25%] [32m[1mLinking CXX shared library libtutorial_interfaces__rosidl_typesupport_fastrtps_c.so[0m
[0.999s] [ 34%] Built target tutorial_interfaces__rosidl_typesupport_cpp
[1.021s] [ 42%] Built target tutorial_interfaces__rosidl_typesupport_introspection_c
[1.024s] [ 51%] Built target tutorial_interfaces__rosidl_typesupport_introspection_cpp
[1.033s] [ 59%] Built target tutorial_interfaces__rosidl_typesupport_c
[1.041s] [ 68%] Built target tutorial_interfaces__rosidl_typesupport_fastrtps_cpp
[1.064s] [ 76%] Built target tutorial_interfaces__rosidl_typesupport_fastrtps_c
[1.085s] [ 76%] Built target tutorial_interfaces
[1.103s] [ 78%] Built target tutorial_interfaces__py
[1.112s] [35m[1mConsolidate compiler generated dependencies of target tutorial_interfaces__rosidl_generator_py[0m
[1.124s] [ 80%] [32m[1mLinking C shared library rosidl_generator_py/tutorial_interfaces/libtutorial_interfaces__rosidl_generator_py.so[0m
[1.157s] [ 87%] Built target tutorial_interfaces__rosidl_generator_py
[1.166s] [35m[1mConsolidate compiler generated dependencies of target tutorial_interfaces__rosidl_typesupport_introspection_c__pyext[0m
[1.167s] [35m[1mConsolidate compiler generated dependencies of target tutorial_interfaces__rosidl_typesupport_fastrtps_c__pyext[0m
[1.168s] [35m[1mConsolidate compiler generated dependencies of target tutorial_interfaces__rosidl_typesupport_c__pyext[0m
[1.183s] running egg_info
[1.183s] writing tutorial_interfaces.egg-info/PKG-INFO
[1.183s] writing dependency_links to tutorial_interfaces.egg-info/dependency_links.txt
[1.184s] writing top-level names to tutorial_interfaces.egg-info/top_level.txt
[1.185s] reading manifest file 'tutorial_interfaces.egg-info/SOURCES.txt'
[1.186s] writing manifest file 'tutorial_interfaces.egg-info/SOURCES.txt'
[1.186s] [ 89%] [32m[1mLinking C shared library rosidl_generator_py/tutorial_interfaces/tutorial_interfaces_s__rosidl_typesupport_introspection_c.cpython-310-x86_64-linux-gnu.so[0m
[1.199s] [ 91%] [32m[1mLinking C shared library rosidl_generator_py/tutorial_interfaces/tutorial_interfaces_s__rosidl_typesupport_c.cpython-310-x86_64-linux-gnu.so[0m
[1.200s] [ 93%] [32m[1mLinking C shared library rosidl_generator_py/tutorial_interfaces/tutorial_interfaces_s__rosidl_typesupport_fastrtps_c.cpython-310-x86_64-linux-gnu.so[0m
[1.207s] [ 93%] Built target ament_cmake_python_build_tutorial_interfaces_egg
[1.222s] [ 95%] Built target tutorial_interfaces__rosidl_typesupport_introspection_c__pyext
[1.233s] [ 97%] Built target tutorial_interfaces__rosidl_typesupport_c__pyext
[1.234s] [100%] Built target tutorial_interfaces__rosidl_typesupport_fastrtps_c__pyext
[1.243s] Invoked command in '/home/devuser/AOX/ROS2/src/tutorial_interfaces/build/tutorial_interfaces' returned '0': CMAKE_PREFIX_PATH=${CMAKE_PREFIX_PATH}:/opt/ros/humble /usr/bin/cmake --build /home/devuser/AOX/ROS2/src/tutorial_interfaces/build/tutorial_interfaces -- -j8 -l8
[1.314s] Invoking command in '/home/devuser/AOX/ROS2/src/tutorial_interfaces/build/tutorial_interfaces': CMAKE_PREFIX_PATH=${CMAKE_PREFIX_PATH}:/opt/ros/humble /usr/bin/cmake --install /home/devuser/AOX/ROS2/src/tutorial_interfaces/build/tutorial_interfaces
[1.321s] -- Install configuration: ""
[1.321s] -- Installing: /home/devuser/AOX/ROS2/src/tutorial_interfaces/install/tutorial_interfaces/share/ament_index/resource_index/rosidl_interfaces/tutorial_interfaces
[1.321s] -- Up-to-date: /home/devuser/AOX/ROS2/src/tutorial_interfaces/install/tutorial_interfaces/include/tutorial_interfaces/tutorial_interfaces
[1.321s] -- Up-to-date: /home/devuser/AOX/ROS2/src/tutorial_interfaces/install/tutorial_interfaces/include/tutorial_interfaces/tutorial_interfaces/srv
[1.321s] -- Up-to-date: /home/devuser/AOX/ROS2/src/tutorial_interfaces/install/tutorial_interfaces/include/tutorial_interfaces/tutorial_interfaces/srv/shutdown.h
[1.321s] -- Up-to-date: /home/devuser/AOX/ROS2/src/tutorial_interfaces/install/tutorial_interfaces/include/tutorial_interfaces/tutorial_interfaces/srv/detail
[1.321s] -- Up-to-date: /home/devuser/AOX/ROS2/src/tutorial_interfaces/install/tutorial_interfaces/include/tutorial_interfaces/tutorial_interfaces/srv/detail/add_three_ints__type_support.h
[1.321s] -- Up-to-date: /home/devuser/AOX/ROS2/src/tutorial_interfaces/install/tutorial_interfaces/include/tutorial_interfaces/tutorial_interfaces/srv/detail/add_three_ints__functions.c
[1.321s] -- Up-to-date: /home/devuser/AOX/ROS2/src/tutorial_interfaces/install/tutorial_interfaces/include/tutorial_interfaces/tutorial_interfaces/srv/detail/shutdown__functions.c
[1.321s] -- Up-to-date: /home/devuser/AOX/ROS2/src/tutorial_interfaces/install/tutorial_interfaces/include/tutorial_interfaces/tutorial_interfaces/srv/detail/shutdown__type_support.h
[1.322s] -- Up-to-date: /home/devuser/AOX/ROS2/src/tutorial_interfaces/install/tutorial_interfaces/include/tutorial_interfaces/tutorial_interfaces/srv/detail/add_three_ints__struct.h
[1.322s] -- Up-to-date: /home/devuser/AOX/ROS2/src/tutorial_interfaces/install/tutorial_interfaces/include/tutorial_interfaces/tutorial_interfaces/srv/detail/shutdown__functions.h
[1.322s] -- Up-to-date: /home/devuser/AOX/ROS2/src/tutorial_interfaces/install/tutorial_interfaces/include/tutorial_interfaces/tutorial_interfaces/srv/detail/add_three_ints__functions.h
[1.322s] -- Up-to-date: /home/devuser/AOX/ROS2/src/tutorial_interfaces/install/tutorial_interfaces/include/tutorial_interfaces/tutorial_interfaces/srv/detail/shutdown__struct.h
[1.322s] -- Up-to-date: /home/devuser/AOX/ROS2/src/tutorial_interfaces/install/tutorial_interfaces/include/tutorial_interfaces/tutorial_interfaces/srv/add_three_ints.h
[1.322s] -- Up-to-date: /home/devuser/AOX/ROS2/src/tutorial_interfaces/install/tutorial_interfaces/include/tutorial_interfaces/tutorial_interfaces/msg
[1.322s] -- Up-to-date: /home/devuser/AOX/ROS2/src/tutorial_interfaces/install/tutorial_interfaces/include/tutorial_interfaces/tutorial_interfaces/msg/num.h
[1.322s] -- Up-to-date: /home/devuser/AOX/ROS2/src/tutorial_interfaces/install/tutorial_interfaces/include/tutorial_interfaces/tutorial_interfaces/msg/sphere.h
[1.322s] -- Up-to-date: /home/devuser/AOX/ROS2/src/tutorial_interfaces/install/tutorial_interfaces/include/tutorial_interfaces/tutorial_interfaces/msg/rosidl_generator_c__visibility_control.h
[1.322s] -- Up-to-date: /home/devuser/AOX/ROS2/src/tutorial_interfaces/install/tutorial_interfaces/include/tutorial_interfaces/tutorial_interfaces/msg/detail
[1.322s] -- Up-to-date: /home/devuser/AOX/ROS2/src/tutorial_interfaces/install/tutorial_interfaces/include/tutorial_interfaces/tutorial_interfaces/msg/detail/num__type_support.h
[1.322s] -- Up-to-date: /home/devuser/AOX/ROS2/src/tutorial_interfaces/install/tutorial_interfaces/include/tutorial_interfaces/tutorial_interfaces/msg/detail/sphere__functions.h
[1.322s] -- Up-to-date: /home/devuser/AOX/ROS2/src/tutorial_interfaces/install/tutorial_interfaces/include/tutorial_interfaces/tutorial_interfaces/msg/detail/num__struct.h
[1.322s] -- Up-to-date: /home/devuser/AOX/ROS2/src/tutorial_interfaces/install/tutorial_interfaces/include/tutorial_interfaces/tutorial_interfaces/msg/detail/sphere__type_support.h
[1.323s] -- Up-to-date: /home/devuser/AOX/ROS2/src/tutorial_interfaces/install/tutorial_interfaces/include/tutorial_interfaces/tutorial_interfaces/msg/detail/sphere__functions.c
[1.323s] -- Up-to-date: /home/devuser/AOX/ROS2/src/tutorial_interfaces/install/tutorial_interfaces/include/tutorial_interfaces/tutorial_interfaces/msg/detail/num__functions.h
[1.323s] -- Up-to-date: /home/devuser/AOX/ROS2/src/tutorial_interfaces/install/tutorial_interfaces/include/tutorial_interfaces/tutorial_interfaces/msg/detail/sphere__struct.h
[1.323s] -- Up-to-date: /home/devuser/AOX/ROS2/src/tutorial_interfaces/install/tutorial_interfaces/include/tutorial_interfaces/tutorial_interfaces/msg/detail/num__functions.c
[1.323s] -- Up-to-date: /home/devuser/AOX/ROS2/src/tutorial_interfaces/install/tutorial_interfaces/share/tutorial_interfaces/environment/library_path.sh
[1.323s] -- Installing: /home/devuser/AOX/ROS2/src/tutorial_interfaces/install/tutorial_interfaces/share/tutorial_interfaces/environment/library_path.dsv
[1.323s] -- Installing: /home/devuser/AOX/ROS2/src/tutorial_interfaces/install/tutorial_interfaces/lib/libtutorial_interfaces__rosidl_generator_c.so
[1.323s] -- Set runtime path of "/home/devuser/AOX/ROS2/src/tutorial_interfaces/install/tutorial_interfaces/lib/libtutorial_interfaces__rosidl_generator_c.so" to ""
[1.323s] -- Up-to-date: /home/devuser/AOX/ROS2/src/tutorial_interfaces/install/tutorial_interfaces/include/tutorial_interfaces/tutorial_interfaces
[1.323s] -- Up-to-date: /home/devuser/AOX/ROS2/src/tutorial_interfaces/install/tutorial_interfaces/include/tutorial_interfaces/tutorial_interfaces/srv
[1.323s] -- Up-to-date: /home/devuser/AOX/ROS2/src/tutorial_interfaces/install/tutorial_interfaces/include/tutorial_interfaces/tutorial_interfaces/srv/detail
[1.323s] -- Up-to-date: /home/devuser/AOX/ROS2/src/tutorial_interfaces/install/tutorial_interfaces/include/tutorial_interfaces/tutorial_interfaces/srv/detail/add_three_ints__rosidl_typesupport_fastrtps_c.h
[1.323s] -- Up-to-date: /home/devuser/AOX/ROS2/src/tutorial_interfaces/install/tutorial_interfaces/include/tutorial_interfaces/tutorial_interfaces/srv/detail/shutdown__rosidl_typesupport_fastrtps_c.h
[1.323s] -- Up-to-date: /home/devuser/AOX/ROS2/src/tutorial_interfaces/install/tutorial_interfaces/include/tutorial_interfaces/tutorial_interfaces/msg
[1.323s] -- Up-to-date: /home/devuser/AOX/ROS2/src/tutorial_interfaces/install/tutorial_interfaces/include/tutorial_interfaces/tutorial_interfaces/msg/detail
[1.323s] -- Up-to-date: /home/devuser/AOX/ROS2/src/tutorial_interfaces/install/tutorial_interfaces/include/tutorial_interfaces/tutorial_interfaces/msg/detail/num__rosidl_typesupport_fastrtps_c.h
[1.324s] -- Up-to-date: /home/devuser/AOX/ROS2/src/tutorial_interfaces/install/tutorial_interfaces/include/tutorial_interfaces/tutorial_interfaces/msg/detail/sphere__rosidl_typesupport_fastrtps_c.h
[1.324s] -- Up-to-date: /home/devuser/AOX/ROS2/src/tutorial_interfaces/install/tutorial_interfaces/include/tutorial_interfaces/tutorial_interfaces/msg/rosidl_typesupport_fastrtps_c__visibility_control.h
[1.324s] -- Installing: /home/devuser/AOX/ROS2/src/tutorial_interfaces/install/tutorial_interfaces/lib/libtutorial_interfaces__rosidl_typesupport_fastrtps_c.so
[1.324s] -- Set runtime path of "/home/devuser/AOX/ROS2/src/tutorial_interfaces/install/tutorial_interfaces/lib/libtutorial_interfaces__rosidl_typesupport_fastrtps_c.so" to ""
[1.324s] -- Up-to-date: /home/devuser/AOX/ROS2/src/tutorial_interfaces/install/tutorial_interfaces/include/tutorial_interfaces/tutorial_interfaces
[1.324s] -- Up-to-date: /home/devuser/AOX/ROS2/src/tutorial_interfaces/install/tutorial_interfaces/include/tutorial_interfaces/tutorial_interfaces/srv
[1.324s] -- Up-to-date: /home/devuser/AOX/ROS2/src/tutorial_interfaces/install/tutorial_interfaces/include/tutorial_interfaces/tutorial_interfaces/srv/add_three_ints.hpp
[1.324s] -- Up-to-date: /home/devuser/AOX/ROS2/src/tutorial_interfaces/install/tutorial_interfaces/include/tutorial_interfaces/tutorial_interfaces/srv/detail
[1.324s] -- Up-to-date: /home/devuser/AOX/ROS2/src/tutorial_interfaces/install/tutorial_interfaces/include/tutorial_interfaces/tutorial_interfaces/srv/detail/add_three_ints__traits.hpp
[1.324s] -- Up-to-date: /home/devuser/AOX/ROS2/src/tutorial_interfaces/install/tutorial_interfaces/include/tutorial_interfaces/tutorial_interfaces/srv/detail/shutdown__builder.hpp
[1.324s] -- Up-to-date: /home/devuser/AOX/ROS2/src/tutorial_interfaces/install/tutorial_interfaces/include/tutorial_interfaces/tutorial_interfaces/srv/detail/shutdown__traits.hpp
[1.324s] -- Up-to-date: /home/devuser/AOX/ROS2/src/tutorial_interfaces/install/tutorial_interfaces/include/tutorial_interfaces/tutorial_interfaces/srv/detail/shutdown__struct.hpp
[1.324s] -- Up-to-date: /home/devuser/AOX/ROS2/src/tutorial_interfaces/install/tutorial_interfaces/include/tutorial_interfaces/tutorial_interfaces/srv/detail/add_three_ints__struct.hpp
[1.324s] -- Up-to-date: /home/devuser/AOX/ROS2/src/tutorial_interfaces/install/tutorial_interfaces/include/tutorial_interfaces/tutorial_interfaces/srv/detail/add_three_ints__builder.hpp
[1.324s] -- Up-to-date: /home/devuser/AOX/ROS2/src/tutorial_interfaces/install/tutorial_interfaces/include/tutorial_interfaces/tutorial_interfaces/srv/shutdown.hpp
[1.324s] -- Up-to-date: /home/devuser/AOX/ROS2/src/tutorial_interfaces/install/tutorial_interfaces/include/tutorial_interfaces/tutorial_interfaces/msg
[1.324s] -- Up-to-date: /home/devuser/AOX/ROS2/src/tutorial_interfaces/install/tutorial_interfaces/include/tutorial_interfaces/tutorial_interfaces/msg/num.hpp
[1.325s] -- Up-to-date: /home/devuser/AOX/ROS2/src/tutorial_interfaces/install/tutorial_interfaces/include/tutorial_interfaces/tutorial_interfaces/msg/sphere.hpp
[1.325s] -- Up-to-date: /home/devuser/AOX/ROS2/src/tutorial_interfaces/install/tutorial_interfaces/include/tutorial_interfaces/tutorial_interfaces/msg/detail
[1.325s] -- Up-to-date: /home/devuser/AOX/ROS2/src/tutorial_interfaces/install/tutorial_interfaces/include/tutorial_interfaces/tutorial_interfaces/msg/detail/sphere__struct.hpp
[1.325s] -- Up-to-date: /home/devuser/AOX/ROS2/src/tutorial_interfaces/install/tutorial_interfaces/include/tutorial_interfaces/tutorial_interfaces/msg/detail/num__struct.hpp
[1.325s] -- Up-to-date: /home/devuser/AOX/ROS2/src/tutorial_interfaces/install/tutorial_interfaces/include/tutorial_interfaces/tutorial_interfaces/msg/detail/num__traits.hpp
[1.325s] -- Up-to-date: /home/devuser/AOX/ROS2/src/tutorial_interfaces/install/tutorial_interfaces/include/tutorial_interfaces/tutorial_interfaces/msg/detail/sphere__builder.hpp
[1.325s] -- Up-to-date: /home/devuser/AOX/ROS2/src/tutorial_interfaces/install/tutorial_interfaces/include/tutorial_interfaces/tutorial_interfaces/msg/detail/sphere__traits.hpp
[1.325s] -- Up-to-date: /home/devuser/AOX/ROS2/src/tutorial_interfaces/install/tutorial_interfaces/include/tutorial_interfaces/tutorial_interfaces/msg/detail/num__builder.hpp
[1.325s] -- Up-to-date: /home/devuser/AOX/ROS2/src/tutorial_interfaces/install/tutorial_interfaces/include/tutorial_interfaces/tutorial_interfaces
[1.325s] -- Up-to-date: /home/devuser/AOX/ROS2/src/tutorial_interfaces/install/tutorial_interfaces/include/tutorial_interfaces/tutorial_interfaces/srv
[1.325s] -- Up-to-date: /home/devuser/AOX/ROS2/src/tutorial_interfaces/install/tutorial_interfaces/include/tutorial_interfaces/tutorial_interfaces/srv/detail
[1.325s] -- Up-to-date: /home/devuser/AOX/ROS2/src/tutorial_interfaces/install/tutorial_interfaces/include/tutorial_interfaces/tutorial_interfaces/srv/detail/add_three_ints__rosidl_typesupport_fastrtps_cpp.hpp
[1.325s] -- Up-to-date: /home/devuser/AOX/ROS2/src/tutorial_interfaces/install/tutorial_interfaces/include/tutorial_interfaces/tutorial_interfaces/srv/detail/shutdown__rosidl_typesupport_fastrtps_cpp.hpp
[1.325s] -- Up-to-date: /home/devuser/AOX/ROS2/src/tutorial_interfaces/install/tutorial_interfaces/include/tutorial_interfaces/tutorial_interfaces/srv/detail/dds_fastrtps
[1.325s] -- Up-to-date: /home/devuser/AOX/ROS2/src/tutorial_interfaces/install/tutorial_interfaces/include/tutorial_interfaces/tutorial_interfaces/msg
[1.325s] -- Up-to-date: /home/devuser/AOX/ROS2/src/tutorial_interfaces/install/tutorial_interfaces/include/tutorial_interfaces/tutorial_interfaces/msg/rosidl_typesupport_fastrtps_cpp__visibility_control.h
[1.325s] -- Up-to-date: /home/devuser/AOX/ROS2/src/tutorial_interfaces/install/tutorial_interfaces/include/tutorial_interfaces/tutorial_interfaces/msg/detail
[1.325s] -- Up-to-date: /home/devuser/AOX/ROS2/src/tutorial_interfaces/install/tutorial_interfaces/include/tutorial_interfaces/tutorial_interfaces/msg/detail/num__rosidl_typesupport_fastrtps_cpp.hpp
[1.325s] -- Up-to-date: /home/devuser/AOX/ROS2/src/tutorial_interfaces/install/tutorial_interfaces/include/tutorial_interfaces/tutorial_interfaces/msg/detail/sphere__rosidl_typesupport_fastrtps_cpp.hpp
[1.325s] -- Up-to-date: /home/devuser/AOX/ROS2/src/tutorial_interfaces/install/tutorial_interfaces/include/tutorial_interfaces/tutorial_interfaces/msg/detail/dds_fastrtps
[1.325s] -- Installing: /home/devuser/AOX/ROS2/src/tutorial_interfaces/install/tutorial_interfaces/lib/libtutorial_interfaces__rosidl_typesupport_fastrtps_cpp.so
[1.326s] -- Set runtime path of "/home/devuser/AOX/ROS2/src/tutorial_interfaces/install/tutorial_interfaces/lib/libtutorial_interfaces__rosidl_typesupport_fastrtps_cpp.so" to ""
[1.326s] -- Up-to-date: /home/devuser/AOX/ROS2/src/tutorial_interfaces/install/tutorial_interfaces/include/tutorial_interfaces/tutorial_interfaces
[1.326s] -- Up-to-date: /home/devuser/AOX/ROS2/src/tutorial_interfaces/install/tutorial_interfaces/include/tutorial_interfaces/tutorial_interfaces/srv
[1.326s] -- Up-to-date: /home/devuser/AOX/ROS2/src/tutorial_interfaces/install/tutorial_interfaces/include/tutorial_interfaces/tutorial_interfaces/srv/detail
[1.326s] -- Up-to-date: /home/devuser/AOX/ROS2/src/tutorial_interfaces/install/tutorial_interfaces/include/tutorial_interfaces/tutorial_interfaces/srv/detail/shutdown__rosidl_typesupport_introspection_c.h
[1.326s] -- Up-to-date: /home/devuser/AOX/ROS2/src/tutorial_interfaces/install/tutorial_interfaces/include/tutorial_interfaces/tutorial_interfaces/srv/detail/shutdown__type_support.c
[1.326s] -- Up-to-date: /home/devuser/AOX/ROS2/src/tutorial_interfaces/install/tutorial_interfaces/include/tutorial_interfaces/tutorial_interfaces/srv/detail/add_three_ints__type_support.c
[1.326s] -- Up-to-date: /home/devuser/AOX/ROS2/src/tutorial_interfaces/install/tutorial_interfaces/include/tutorial_interfaces/tutorial_interfaces/srv/detail/add_three_ints__rosidl_typesupport_introspection_c.h
[1.326s] -- Up-to-date: /home/devuser/AOX/ROS2/src/tutorial_interfaces/install/tutorial_interfaces/include/tutorial_interfaces/tutorial_interfaces/msg
[1.326s] -- Up-to-date: /home/devuser/AOX/ROS2/src/tutorial_interfaces/install/tutorial_interfaces/include/tutorial_interfaces/tutorial_interfaces/msg/rosidl_typesupport_introspection_c__visibility_control.h
[1.326s] -- Up-to-date: /home/devuser/AOX/ROS2/src/tutorial_interfaces/install/tutorial_interfaces/include/tutorial_interfaces/tutorial_interfaces/msg/detail
[1.326s] -- Up-to-date: /home/devuser/AOX/ROS2/src/tutorial_interfaces/install/tutorial_interfaces/include/tutorial_interfaces/tutorial_interfaces/msg/detail/num__type_support.c
[1.326s] -- Up-to-date: /home/devuser/AOX/ROS2/src/tutorial_interfaces/install/tutorial_interfaces/include/tutorial_interfaces/tutorial_interfaces/msg/detail/num__rosidl_typesupport_introspection_c.h
[1.326s] -- Up-to-date: /home/devuser/AOX/ROS2/src/tutorial_interfaces/install/tutorial_interfaces/include/tutorial_interfaces/tutorial_interfaces/msg/detail/sphere__rosidl_typesupport_introspection_c.h
[1.326s] -- Up-to-date: /home/devuser/AOX/ROS2/src/tutorial_interfaces/install/tutorial_interfaces/include/tutorial_interfaces/tutorial_interfaces/msg/detail/sphere__type_support.c
[1.326s] -- Installing: /home/devuser/AOX/ROS2/src/tutorial_interfaces/install/tutorial_interfaces/lib/libtutorial_interfaces__rosidl_typesupport_introspection_c.so
[1.326s] -- Set runtime path of "/home/devuser/AOX/ROS2/src/tutorial_interfaces/install/tutorial_interfaces/lib/libtutorial_interfaces__rosidl_typesupport_introspection_c.so" to ""
[1.326s] -- Installing: /home/devuser/AOX/ROS2/src/tutorial_interfaces/install/tutorial_interfaces/lib/libtutorial_interfaces__rosidl_typesupport_c.so
[1.326s] -- Set runtime path of "/home/devuser/AOX/ROS2/src/tutorial_interfaces/install/tutorial_interfaces/lib/libtutorial_interfaces__rosidl_typesupport_c.so" to ""
[1.326s] -- Up-to-date: /home/devuser/AOX/ROS2/src/tutorial_interfaces/install/tutorial_interfaces/include/tutorial_interfaces/tutorial_interfaces
[1.326s] -- Up-to-date: /home/devuser/AOX/ROS2/src/tutorial_interfaces/install/tutorial_interfaces/include/tutorial_interfaces/tutorial_interfaces/srv
[1.327s] -- Up-to-date: /home/devuser/AOX/ROS2/src/tutorial_interfaces/install/tutorial_interfaces/include/tutorial_interfaces/tutorial_interfaces/srv/detail
[1.327s] -- Up-to-date: /home/devuser/AOX/ROS2/src/tutorial_interfaces/install/tutorial_interfaces/include/tutorial_interfaces/tutorial_interfaces/srv/detail/add_three_ints__rosidl_typesupport_introspection_cpp.hpp
[1.327s] -- Up-to-date: /home/devuser/AOX/ROS2/src/tutorial_interfaces/install/tutorial_interfaces/include/tutorial_interfaces/tutorial_interfaces/srv/detail/shutdown__type_support.cpp
[1.327s] -- Up-to-date: /home/devuser/AOX/ROS2/src/tutorial_interfaces/install/tutorial_interfaces/include/tutorial_interfaces/tutorial_interfaces/srv/detail/add_three_ints__type_support.cpp
[1.327s] -- Up-to-date: /home/devuser/AOX/ROS2/src/tutorial_interfaces/install/tutorial_interfaces/include/tutorial_interfaces/tutorial_interfaces/srv/detail/shutdown__rosidl_typesupport_introspection_cpp.hpp
[1.327s] -- Up-to-date: /home/devuser/AOX/ROS2/src/tutorial_interfaces/install/tutorial_interfaces/include/tutorial_interfaces/tutorial_interfaces/msg
[1.327s] -- Up-to-date: /home/devuser/AOX/ROS2/src/tutorial_interfaces/install/tutorial_interfaces/include/tutorial_interfaces/tutorial_interfaces/msg/detail
[1.327s] -- Up-to-date: /home/devuser/AOX/ROS2/src/tutorial_interfaces/install/tutorial_interfaces/include/tutorial_interfaces/tutorial_interfaces/msg/detail/num__rosidl_typesupport_introspection_cpp.hpp
[1.327s] -- Up-to-date: /home/devuser/AOX/ROS2/src/tutorial_interfaces/install/tutorial_interfaces/include/tutorial_interfaces/tutorial_interfaces/msg/detail/sphere__type_support.cpp
[1.327s] -- Up-to-date: /home/devuser/AOX/ROS2/src/tutorial_interfaces/install/tutorial_interfaces/include/tutorial_interfaces/tutorial_interfaces/msg/detail/sphere__rosidl_typesupport_introspection_cpp.hpp
[1.327s] -- Up-to-date: /home/devuser/AOX/ROS2/src/tutorial_interfaces/install/tutorial_interfaces/include/tutorial_interfaces/tutorial_interfaces/msg/detail/num__type_support.cpp
[1.327s] -- Installing: /home/devuser/AOX/ROS2/src/tutorial_interfaces/install/tutorial_interfaces/lib/libtutorial_interfaces__rosidl_typesupport_introspection_cpp.so
[1.327s] -- Set runtime path of "/home/devuser/AOX/ROS2/src/tutorial_interfaces/install/tutorial_interfaces/lib/libtutorial_interfaces__rosidl_typesupport_introspection_cpp.so" to ""
[1.327s] -- Installing: /home/devuser/AOX/ROS2/src/tutorial_interfaces/install/tutorial_interfaces/lib/libtutorial_interfaces__rosidl_typesupport_cpp.so
[1.327s] -- Set runtime path of "/home/devuser/AOX/ROS2/src/tutorial_interfaces/install/tutorial_interfaces/lib/libtutorial_interfaces__rosidl_typesupport_cpp.so" to ""
[1.327s] -- Up-to-date: /home/devuser/AOX/ROS2/src/tutorial_interfaces/install/tutorial_interfaces/share/tutorial_interfaces/environment/pythonpath.sh
[1.328s] -- Installing: /home/devuser/AOX/ROS2/src/tutorial_interfaces/install/tutorial_interfaces/share/tutorial_interfaces/environment/pythonpath.dsv
[1.328s] -- Up-to-date: /home/devuser/AOX/ROS2/src/tutorial_interfaces/install/tutorial_interfaces/local/lib/python3.10/dist-packages/tutorial_interfaces-0.0.0-py3.10.egg-info
[1.328s] -- Installing: /home/devuser/AOX/ROS2/src/tutorial_interfaces/install/tutorial_interfaces/local/lib/python3.10/dist-packages/tutorial_interfaces-0.0.0-py3.10.egg-info/top_level.txt
[1.328s] -- Installing: /home/devuser/AOX/ROS2/src/tutorial_interfaces/install/tutorial_interfaces/local/lib/python3.10/dist-packages/tutorial_interfaces-0.0.0-py3.10.egg-info/SOURCES.txt
[1.328s] -- Installing: /home/devuser/AOX/ROS2/src/tutorial_interfaces/install/tutorial_interfaces/local/lib/python3.10/dist-packages/tutorial_interfaces-0.0.0-py3.10.egg-info/dependency_links.txt
[1.328s] -- Installing: /home/devuser/AOX/ROS2/src/tutorial_interfaces/install/tutorial_interfaces/local/lib/python3.10/dist-packages/tutorial_interfaces-0.0.0-py3.10.egg-info/PKG-INFO
[1.328s] -- Up-to-date: /home/devuser/AOX/ROS2/src/tutorial_interfaces/install/tutorial_interfaces/local/lib/python3.10/dist-packages/tutorial_interfaces
[1.328s] -- Up-to-date: /home/devuser/AOX/ROS2/src/tutorial_interfaces/install/tutorial_interfaces/local/lib/python3.10/dist-packages/tutorial_interfaces/_tutorial_interfaces_s.ep.rosidl_typesupport_fastrtps_c.c
[1.328s] -- Up-to-date: /home/devuser/AOX/ROS2/src/tutorial_interfaces/install/tutorial_interfaces/local/lib/python3.10/dist-packages/tutorial_interfaces/srv
[1.328s] -- Up-to-date: /home/devuser/AOX/ROS2/src/tutorial_interfaces/install/tutorial_interfaces/local/lib/python3.10/dist-packages/tutorial_interfaces/srv/_add_three_ints.py
[1.328s] -- Up-to-date: /home/devuser/AOX/ROS2/src/tutorial_interfaces/install/tutorial_interfaces/local/lib/python3.10/dist-packages/tutorial_interfaces/srv/_shutdown_s.c
[1.328s] -- Up-to-date: /home/devuser/AOX/ROS2/src/tutorial_interfaces/install/tutorial_interfaces/local/lib/python3.10/dist-packages/tutorial_interfaces/srv/_add_three_ints_s.c
[1.328s] -- Up-to-date: /home/devuser/AOX/ROS2/src/tutorial_interfaces/install/tutorial_interfaces/local/lib/python3.10/dist-packages/tutorial_interfaces/srv/__init__.py
[1.329s] -- Up-to-date: /home/devuser/AOX/ROS2/src/tutorial_interfaces/install/tutorial_interfaces/local/lib/python3.10/dist-packages/tutorial_interfaces/srv/_shutdown.py
[1.329s] -- Installing: /home/devuser/AOX/ROS2/src/tutorial_interfaces/install/tutorial_interfaces/local/lib/python3.10/dist-packages/tutorial_interfaces/tutorial_interfaces_s__rosidl_typesupport_introspection_c.cpython-310-x86_64-linux-gnu.so
[1.329s] -- Installing: /home/devuser/AOX/ROS2/src/tutorial_interfaces/install/tutorial_interfaces/local/lib/python3.10/dist-packages/tutorial_interfaces/libtutorial_interfaces__rosidl_generator_py.so
[1.329s] -- Installing: /home/devuser/AOX/ROS2/src/tutorial_interfaces/install/tutorial_interfaces/local/lib/python3.10/dist-packages/tutorial_interfaces/tutorial_interfaces_s__rosidl_typesupport_c.cpython-310-x86_64-linux-gnu.so
[1.329s] -- Up-to-date: /home/devuser/AOX/ROS2/src/tutorial_interfaces/install/tutorial_interfaces/local/lib/python3.10/dist-packages/tutorial_interfaces/_tutorial_interfaces_s.ep.rosidl_typesupport_introspection_c.c
[1.329s] -- Installing: /home/devuser/AOX/ROS2/src/tutorial_interfaces/install/tutorial_interfaces/local/lib/python3.10/dist-packages/tutorial_interfaces/__init__.py
[1.329s] -- Installing: /home/devuser/AOX/ROS2/src/tutorial_interfaces/install/tutorial_interfaces/local/lib/python3.10/dist-packages/tutorial_interfaces/tutorial_interfaces_s__rosidl_typesupport_fastrtps_c.cpython-310-x86_64-linux-gnu.so
[1.329s] -- Up-to-date: /home/devuser/AOX/ROS2/src/tutorial_interfaces/install/tutorial_interfaces/local/lib/python3.10/dist-packages/tutorial_interfaces/msg
[1.329s] -- Up-to-date: /home/devuser/AOX/ROS2/src/tutorial_interfaces/install/tutorial_interfaces/local/lib/python3.10/dist-packages/tutorial_interfaces/msg/_sphere_s.c
[1.329s] -- Up-to-date: /home/devuser/AOX/ROS2/src/tutorial_interfaces/install/tutorial_interfaces/local/lib/python3.10/dist-packages/tutorial_interfaces/msg/_num_s.c
[1.329s] -- Up-to-date: /home/devuser/AOX/ROS2/src/tutorial_interfaces/install/tutorial_interfaces/local/lib/python3.10/dist-packages/tutorial_interfaces/msg/_sphere.py
[1.329s] -- Up-to-date: /home/devuser/AOX/ROS2/src/tutorial_interfaces/install/tutorial_interfaces/local/lib/python3.10/dist-packages/tutorial_interfaces/msg/_num.py
[1.329s] -- Up-to-date: /home/devuser/AOX/ROS2/src/tutorial_interfaces/install/tutorial_interfaces/local/lib/python3.10/dist-packages/tutorial_interfaces/msg/__init__.py
[1.329s] -- Up-to-date: /home/devuser/AOX/ROS2/src/tutorial_interfaces/install/tutorial_interfaces/local/lib/python3.10/dist-packages/tutorial_interfaces/_tutorial_interfaces_s.ep.rosidl_typesupport_c.c
[1.355s] Listing '/home/devuser/AOX/ROS2/src/tutorial_interfaces/install/tutorial_interfaces/local/lib/python3.10/dist-packages/tutorial_interfaces'...
[1.355s] Compiling '/home/devuser/AOX/ROS2/src/tutorial_interfaces/install/tutorial_interfaces/local/lib/python3.10/dist-packages/tutorial_interfaces/__init__.py'...
[1.355s] Listing '/home/devuser/AOX/ROS2/src/tutorial_interfaces/install/tutorial_interfaces/local/lib/python3.10/dist-packages/tutorial_interfaces/msg'...
[1.355s] Listing '/home/devuser/AOX/ROS2/src/tutorial_interfaces/install/tutorial_interfaces/local/lib/python3.10/dist-packages/tutorial_interfaces/srv'...
[1.359s] -- Installing: /home/devuser/AOX/ROS2/src/tutorial_interfaces/install/tutorial_interfaces/local/lib/python3.10/dist-packages/tutorial_interfaces/tutorial_interfaces_s__rosidl_typesupport_fastrtps_c.cpython-310-x86_64-linux-gnu.so
[1.359s] -- Set runtime path of "/home/devuser/AOX/ROS2/src/tutorial_interfaces/install/tutorial_interfaces/local/lib/python3.10/dist-packages/tutorial_interfaces/tutorial_interfaces_s__rosidl_typesupport_fastrtps_c.cpython-310-x86_64-linux-gnu.so" to ""
[1.359s] -- Installing: /home/devuser/AOX/ROS2/src/tutorial_interfaces/install/tutorial_interfaces/local/lib/python3.10/dist-packages/tutorial_interfaces/tutorial_interfaces_s__rosidl_typesupport_introspection_c.cpython-310-x86_64-linux-gnu.so
[1.360s] -- Set runtime path of "/home/devuser/AOX/ROS2/src/tutorial_interfaces/install/tutorial_interfaces/local/lib/python3.10/dist-packages/tutorial_interfaces/tutorial_interfaces_s__rosidl_typesupport_introspection_c.cpython-310-x86_64-linux-gnu.so" to ""
[1.360s] -- Installing: /home/devuser/AOX/ROS2/src/tutorial_interfaces/install/tutorial_interfaces/local/lib/python3.10/dist-packages/tutorial_interfaces/tutorial_interfaces_s__rosidl_typesupport_c.cpython-310-x86_64-linux-gnu.so
[1.360s] -- Set runtime path of "/home/devuser/AOX/ROS2/src/tutorial_interfaces/install/tutorial_interfaces/local/lib/python3.10/dist-packages/tutorial_interfaces/tutorial_interfaces_s__rosidl_typesupport_c.cpython-310-x86_64-linux-gnu.so" to ""
[1.360s] -- Installing: /home/devuser/AOX/ROS2/src/tutorial_interfaces/install/tutorial_interfaces/lib/libtutorial_interfaces__rosidl_generator_py.so
[1.360s] -- Set runtime path of "/home/devuser/AOX/ROS2/src/tutorial_interfaces/install/tutorial_interfaces/lib/libtutorial_interfaces__rosidl_generator_py.so" to ""
[1.361s] -- Up-to-date: /home/devuser/AOX/ROS2/src/tutorial_interfaces/install/tutorial_interfaces/share/tutorial_interfaces/msg/Num.idl
[1.361s] -- Up-to-date: /home/devuser/AOX/ROS2/src/tutorial_interfaces/install/tutorial_interfaces/share/tutorial_interfaces/msg/Sphere.idl
[1.361s] -- Up-to-date: /home/devuser/AOX/ROS2/src/tutorial_interfaces/install/tutorial_interfaces/share/tutorial_interfaces/srv/Shutdown.idl
[1.361s] -- Up-to-date: /home/devuser/AOX/ROS2/src/tutorial_interfaces/install/tutorial_interfaces/share/tutorial_interfaces/msg/Num.msg
[1.361s] -- Up-to-date: /home/devuser/AOX/ROS2/src/tutorial_interfaces/install/tutorial_interfaces/share/tutorial_interfaces/msg/Sphere.msg
[1.361s] -- Up-to-date: /home/devuser/AOX/ROS2/src/tutorial_interfaces/install/tutorial_interfaces/share/tutorial_interfaces/srv/Shutdown.srv
[1.361s] -- Up-to-date: /home/devuser/AOX/ROS2/src/tutorial_interfaces/install/tutorial_interfaces/share/tutorial_interfaces/srv/Shutdown_Request.msg
[1.361s] -- Up-to-date: /home/devuser/AOX/ROS2/src/tutorial_interfaces/install/tutorial_interfaces/share/tutorial_interfaces/srv/Shutdown_Response.msg
[1.361s] -- Up-to-date: /home/devuser/AOX/ROS2/src/tutorial_interfaces/install/tutorial_interfaces/share/ament_index/resource_index/package_run_dependencies/tutorial_interfaces
[1.361s] -- Up-to-date: /home/devuser/AOX/ROS2/src/tutorial_interfaces/install/tutorial_interfaces/share/ament_index/resource_index/parent_prefix_path/tutorial_interfaces
[1.361s] -- Up-to-date: /home/devuser/AOX/ROS2/src/tutorial_interfaces/install/tutorial_interfaces/share/tutorial_interfaces/environment/ament_prefix_path.sh
[1.361s] -- Installing: /home/devuser/AOX/ROS2/src/tutorial_interfaces/install/tutorial_interfaces/share/tutorial_interfaces/environment/ament_prefix_path.dsv
[1.362s] -- Up-to-date: /home/devuser/AOX/ROS2/src/tutorial_interfaces/install/tutorial_interfaces/share/tutorial_interfaces/environment/path.sh
[1.362s] -- Installing: /home/devuser/AOX/ROS2/src/tutorial_interfaces/install/tutorial_interfaces/share/tutorial_interfaces/environment/path.dsv
[1.362s] -- Up-to-date: /home/devuser/AOX/ROS2/src/tutorial_interfaces/install/tutorial_interfaces/share/tutorial_interfaces/local_setup.bash
[1.362s] -- Up-to-date: /home/devuser/AOX/ROS2/src/tutorial_interfaces/install/tutorial_interfaces/share/tutorial_interfaces/local_setup.sh
[1.362s] -- Up-to-date: /home/devuser/AOX/ROS2/src/tutorial_interfaces/install/tutorial_interfaces/share/tutorial_interfaces/local_setup.zsh
[1.362s] -- Installing: /home/devuser/AOX/ROS2/src/tutorial_interfaces/install/tutorial_interfaces/share/tutorial_interfaces/local_setup.dsv
[1.362s] -- Installing: /home/devuser/AOX/ROS2/src/tutorial_interfaces/install/tutorial_interfaces/share/tutorial_interfaces/package.dsv
[1.362s] -- Up-to-date: /home/devuser/AOX/ROS2/src/tutorial_interfaces/install/tutorial_interfaces/share/ament_index/resource_index/packages/tutorial_interfaces
[1.362s] -- Up-to-date: /home/devuser/AOX/ROS2/src/tutorial_interfaces/install/tutorial_interfaces/share/tutorial_interfaces/cmake/export_tutorial_interfaces__rosidl_generator_cExport.cmake
[1.362s] -- Up-to-date: /home/devuser/AOX/ROS2/src/tutorial_interfaces/install/tutorial_interfaces/share/tutorial_interfaces/cmake/export_tutorial_interfaces__rosidl_generator_cExport-noconfig.cmake
[1.362s] -- Up-to-date: /home/devuser/AOX/ROS2/src/tutorial_interfaces/install/tutorial_interfaces/share/tutorial_interfaces/cmake/export_tutorial_interfaces__rosidl_typesupport_fastrtps_cExport.cmake
[1.362s] -- Up-to-date: /home/devuser/AOX/ROS2/src/tutorial_interfaces/install/tutorial_interfaces/share/tutorial_interfaces/cmake/export_tutorial_interfaces__rosidl_typesupport_fastrtps_cExport-noconfig.cmake
[1.363s] -- Up-to-date: /home/devuser/AOX/ROS2/src/tutorial_interfaces/install/tutorial_interfaces/share/tutorial_interfaces/cmake/export_tutorial_interfaces__rosidl_generator_cppExport.cmake
[1.363s] -- Up-to-date: /home/devuser/AOX/ROS2/src/tutorial_interfaces/install/tutorial_interfaces/share/tutorial_interfaces/cmake/export_tutorial_interfaces__rosidl_typesupport_fastrtps_cppExport.cmake
[1.363s] -- Up-to-date: /home/devuser/AOX/ROS2/src/tutorial_interfaces/install/tutorial_interfaces/share/tutorial_interfaces/cmake/export_tutorial_interfaces__rosidl_typesupport_fastrtps_cppExport-noconfig.cmake
[1.363s] -- Up-to-date: /home/devuser/AOX/ROS2/src/tutorial_interfaces/install/tutorial_interfaces/share/tutorial_interfaces/cmake/tutorial_interfaces__rosidl_typesupport_introspection_cExport.cmake
[1.363s] -- Up-to-date: /home/devuser/AOX/ROS2/src/tutorial_interfaces/install/tutorial_interfaces/share/tutorial_interfaces/cmake/tutorial_interfaces__rosidl_typesupport_introspection_cExport-noconfig.cmake
[1.363s] -- Up-to-date: /home/devuser/AOX/ROS2/src/tutorial_interfaces/install/tutorial_interfaces/share/tutorial_interfaces/cmake/tutorial_interfaces__rosidl_typesupport_cExport.cmake
[1.363s] -- Up-to-date: /home/devuser/AOX/ROS2/src/tutorial_interfaces/install/tutorial_interfaces/share/tutorial_interfaces/cmake/tutorial_interfaces__rosidl_typesupport_cExport-noconfig.cmake
[1.363s] -- Up-to-date: /home/devuser/AOX/ROS2/src/tutorial_interfaces/install/tutorial_interfaces/share/tutorial_interfaces/cmake/tutorial_interfaces__rosidl_typesupport_introspection_cppExport.cmake
[1.363s] -- Up-to-date: /home/devuser/AOX/ROS2/src/tutorial_interfaces/install/tutorial_interfaces/share/tutorial_interfaces/cmake/tutorial_interfaces__rosidl_typesupport_introspection_cppExport-noconfig.cmake
[1.363s] -- Up-to-date: /home/devuser/AOX/ROS2/src/tutorial_interfaces/install/tutorial_interfaces/share/tutorial_interfaces/cmake/tutorial_interfaces__rosidl_typesupport_cppExport.cmake
[1.364s] -- Up-to-date: /home/devuser/AOX/ROS2/src/tutorial_interfaces/install/tutorial_interfaces/share/tutorial_interfaces/cmake/tutorial_interfaces__rosidl_typesupport_cppExport-noconfig.cmake
[1.364s] -- Up-to-date: /home/devuser/AOX/ROS2/src/tutorial_interfaces/install/tutorial_interfaces/share/tutorial_interfaces/cmake/export_tutorial_interfaces__rosidl_generator_pyExport.cmake
[1.364s] -- Up-to-date: /home/devuser/AOX/ROS2/src/tutorial_interfaces/install/tutorial_interfaces/share/tutorial_interfaces/cmake/export_tutorial_interfaces__rosidl_generator_pyExport-noconfig.cmake
[1.364s] -- Installing: /home/devuser/AOX/ROS2/src/tutorial_interfaces/install/tutorial_interfaces/share/tutorial_interfaces/cmake/rosidl_cmake-extras.cmake
[1.364s] -- Up-to-date: /home/devuser/AOX/ROS2/src/tutorial_interfaces/install/tutorial_interfaces/share/tutorial_interfaces/cmake/ament_cmake_export_dependencies-extras.cmake
[1.364s] -- Up-to-date: /home/devuser/AOX/ROS2/src/tutorial_interfaces/install/tutorial_interfaces/share/tutorial_interfaces/cmake/ament_cmake_export_include_directories-extras.cmake
[1.364s] -- Up-to-date: /home/devuser/AOX/ROS2/src/tutorial_interfaces/install/tutorial_interfaces/share/tutorial_interfaces/cmake/ament_cmake_export_libraries-extras.cmake
[1.364s] -- Up-to-date: /home/devuser/AOX/ROS2/src/tutorial_interfaces/install/tutorial_interfaces/share/tutorial_interfaces/cmake/ament_cmake_export_targets-extras.cmake
[1.364s] -- Up-to-date: /home/devuser/AOX/ROS2/src/tutorial_interfaces/install/tutorial_interfaces/share/tutorial_interfaces/cmake/rosidl_cmake_export_typesupport_targets-extras.cmake
[1.364s] -- Up-to-date: /home/devuser/AOX/ROS2/src/tutorial_interfaces/install/tutorial_interfaces/share/tutorial_interfaces/cmake/rosidl_cmake_export_typesupport_libraries-extras.cmake
[1.364s] -- Up-to-date: /home/devuser/AOX/ROS2/src/tutorial_interfaces/install/tutorial_interfaces/share/tutorial_interfaces/cmake/tutorial_interfacesConfig.cmake
[1.365s] -- Up-to-date: /home/devuser/AOX/ROS2/src/tutorial_interfaces/install/tutorial_interfaces/share/tutorial_interfaces/cmake/tutorial_interfacesConfig-version.cmake
[1.365s] -- Up-to-date: /home/devuser/AOX/ROS2/src/tutorial_interfaces/install/tutorial_interfaces/share/tutorial_interfaces/package.xml
[1.367s] Invoked command in '/home/devuser/AOX/ROS2/src/tutorial_interfaces/build/tutorial_interfaces' returned '0': CMAKE_PREFIX_PATH=${CMAKE_PREFIX_PATH}:/opt/ros/humble /usr/bin/cmake --install /home/devuser/AOX/ROS2/src/tutorial_interfaces/build/tutorial_interfaces
