[0.041s] Invoking command in '/home/devuser/AOX/ROS2/src/tutorial_interfaces/build/tutorial_interfaces': CMAKE_PREFIX_PATH=${CMAKE_PREFIX_PATH}:/opt/ros/humble /usr/bin/cmake --build /home/devuser/AOX/ROS2/src/tutorial_interfaces/build/tutorial_interfaces -- -j8 -l8
[0.060s] -- Found ament_cmake: 1.3.5 (/opt/ros/humble/share/ament_cmake/cmake)
[0.159s] -- Found geometry_msgs: 4.2.3 (/opt/ros/humble/share/geometry_msgs/cmake)
[0.197s] -- Found rosidl_generator_c: 3.1.5 (/opt/ros/humble/share/rosidl_generator_c/cmake)
[0.199s] -- Found rosidl_adapter: 3.1.5 (/opt/ros/humble/share/rosidl_adapter/cmake)
[0.203s] -- Found rosidl_generator_cpp: 3.1.5 (/opt/ros/humble/share/rosidl_generator_cpp/cmake)
[0.211s] -- Using all available rosidl_typesupport_c: rosidl_typesupport_fastrtps_c;rosidl_typesupport_introspection_c
[0.222s] -- Using all available rosidl_typesupport_cpp: rosidl_typesupport_fastrtps_cpp;rosidl_typesupport_introspection_cpp
[0.301s] -- Found rosidl_default_generators: 1.2.0 (/opt/ros/humble/share/rosidl_default_generators/cmake)
[0.505s] -- Found ament_cmake_ros: 0.10.0 (/opt/ros/humble/share/ament_cmake_ros/cmake)
[0.885s] -- Using all available rosidl_typesupport_c: rosidl_typesupport_fastrtps_c;rosidl_typesupport_introspection_c
[1.036s] -- Using all available rosidl_typesupport_cpp: rosidl_typesupport_fastrtps_cpp;rosidl_typesupport_introspection_cpp
[1.054s] -- Found python_cmake_module: 0.10.0 (/opt/ros/humble/share/python_cmake_module/cmake)
[1.070s] -- Using PYTHON_EXECUTABLE: /usr/bin/python3
[1.070s] -- Using PYTHON_INCLUDE_DIRS: /usr/include/python3.10
[1.071s] -- Using PYTHON_LIBRARIES: /usr/lib/x86_64-linux-gnu/libpython3.10.so
[1.188s] -- Configuring done
[1.272s] -- Generating done
[1.276s] -- Build files have been written to: /home/devuser/AOX/ROS2/src/tutorial_interfaces/build/tutorial_interfaces
[1.303s] [  2%] [34m[1mGenerating C code for ROS interfaces[0m
[1.314s] [  4%] [34m[1mGenerating C++ code for ROS interfaces[0m
[1.325s] [  4%] Built target ament_cmake_python_copy_tutorial_interfaces
[1.577s] running egg_info
[1.578s] writing tutorial_interfaces.egg-info/PKG-INFO
[1.578s] writing dependency_links to tutorial_interfaces.egg-info/dependency_links.txt
[1.578s] writing top-level names to tutorial_interfaces.egg-info/top_level.txt
[1.581s] reading manifest file 'tutorial_interfaces.egg-info/SOURCES.txt'
[1.581s] writing manifest file 'tutorial_interfaces.egg-info/SOURCES.txt'
[1.601s] [  4%] Built target ament_cmake_python_build_tutorial_interfaces_egg
[1.656s] [  4%] Built target tutorial_interfaces__cpp
[1.665s] [ 10%] [34m[1mGenerating C++ type support dispatch for ROS interfaces[0m
[1.665s] [ 10%] [34m[1mGenerating C++ introspection for ROS interfaces[0m
[1.665s] [ 10%] [34m[1mGenerating C++ type support for eProsima Fast-RTPS[0m
[1.704s] [35m[1mConsolidate compiler generated dependencies of target tutorial_interfaces__rosidl_generator_c[0m
[1.718s] [ 12%] [32mBuilding C object CMakeFiles/tutorial_interfaces__rosidl_generator_c.dir/rosidl_generator_c/tutorial_interfaces/msg/detail/sphere__functions.c.o[0m
[1.718s] [ 14%] [32mBuilding C object CMakeFiles/tutorial_interfaces__rosidl_generator_c.dir/rosidl_generator_c/tutorial_interfaces/srv/detail/shutdown__functions.c.o[0m
[1.718s] [ 17%] [32mBuilding C object CMakeFiles/tutorial_interfaces__rosidl_generator_c.dir/rosidl_generator_c/tutorial_interfaces/msg/detail/num__functions.c.o[0m
[1.779s] [ 19%] [32m[1mLinking C shared library libtutorial_interfaces__rosidl_generator_c.so[0m
[1.809s] [ 19%] Built target tutorial_interfaces__rosidl_generator_c
[1.822s] [ 21%] [34m[1mGenerating C type support dispatch for ROS interfaces[0m
[1.823s] [ 23%] [34m[1mGenerating C type support for eProsima Fast-RTPS[0m
[1.823s] [ 25%] [34m[1mGenerating C introspection for ROS interfaces[0m
[2.047s] [35m[1mConsolidate compiler generated dependencies of target tutorial_interfaces__rosidl_typesupport_cpp[0m
[2.062s] [ 27%] [32mBuilding CXX object CMakeFiles/tutorial_interfaces__rosidl_typesupport_cpp.dir/rosidl_typesupport_cpp/tutorial_interfaces/msg/num__type_support.cpp.o[0m
[2.065s] [ 31%] [32mBuilding CXX object CMakeFiles/tutorial_interfaces__rosidl_typesupport_cpp.dir/rosidl_typesupport_cpp/tutorial_interfaces/srv/shutdown__type_support.cpp.o[0m
[2.065s] [ 31%] [32mBuilding CXX object CMakeFiles/tutorial_interfaces__rosidl_typesupport_cpp.dir/rosidl_typesupport_cpp/tutorial_interfaces/msg/sphere__type_support.cpp.o[0m
[2.070s] [35m[1mConsolidate compiler generated dependencies of target tutorial_interfaces__rosidl_typesupport_introspection_cpp[0m
[2.085s] [35m[1mConsolidate compiler generated dependencies of target tutorial_interfaces__rosidl_typesupport_fastrtps_cpp[0m
[2.092s] [ 34%] [32mBuilding CXX object CMakeFiles/tutorial_interfaces__rosidl_typesupport_introspection_cpp.dir/rosidl_typesupport_introspection_cpp/tutorial_interfaces/msg/detail/num__type_support.cpp.o[0m
[2.111s] [ 36%] [32mBuilding CXX object CMakeFiles/tutorial_interfaces__rosidl_typesupport_fastrtps_cpp.dir/rosidl_typesupport_fastrtps_cpp/tutorial_interfaces/msg/detail/dds_fastrtps/num__type_support.cpp.o[0m
[2.180s] [35m[1mConsolidate compiler generated dependencies of target tutorial_interfaces__rosidl_typesupport_c[0m
[2.194s] [ 38%] [32mBuilding CXX object CMakeFiles/tutorial_interfaces__rosidl_typesupport_c.dir/rosidl_typesupport_c/tutorial_interfaces/msg/num__type_support.cpp.o[0m
[2.268s] [ 40%] [32mBuilding CXX object CMakeFiles/tutorial_interfaces__rosidl_typesupport_c.dir/rosidl_typesupport_c/tutorial_interfaces/msg/sphere__type_support.cpp.o[0m
[2.318s] [ 42%] [32mBuilding CXX object CMakeFiles/tutorial_interfaces__rosidl_typesupport_c.dir/rosidl_typesupport_c/tutorial_interfaces/srv/shutdown__type_support.cpp.o[0m
[2.393s] [35m[1mConsolidate compiler generated dependencies of target tutorial_interfaces__rosidl_typesupport_introspection_c[0m
[2.396s] [35m[1mConsolidate compiler generated dependencies of target tutorial_interfaces__rosidl_typesupport_fastrtps_c[0m
[2.403s] [ 44%] [32m[1mLinking CXX shared library libtutorial_interfaces__rosidl_typesupport_c.so[0m
[2.415s] [ 46%] [32mBuilding C object CMakeFiles/tutorial_interfaces__rosidl_typesupport_introspection_c.dir/rosidl_typesupport_introspection_c/tutorial_interfaces/msg/detail/num__type_support.c.o[0m
[2.416s] [ 48%] [32mBuilding CXX object CMakeFiles/tutorial_interfaces__rosidl_typesupport_introspection_cpp.dir/rosidl_typesupport_introspection_cpp/tutorial_interfaces/msg/detail/sphere__type_support.cpp.o[0m
[2.429s] [ 51%] [32mBuilding CXX object CMakeFiles/tutorial_interfaces__rosidl_typesupport_fastrtps_c.dir/rosidl_typesupport_fastrtps_c/tutorial_interfaces/msg/detail/num__type_support_c.cpp.o[0m
[2.443s] [ 53%] [32mBuilding CXX object CMakeFiles/tutorial_interfaces__rosidl_typesupport_fastrtps_c.dir/rosidl_typesupport_fastrtps_c/tutorial_interfaces/msg/detail/sphere__type_support_c.cpp.o[0m
[2.450s] [ 55%] [32m[1mLinking CXX shared library libtutorial_interfaces__rosidl_typesupport_cpp.so[0m
[2.457s] [ 57%] [32mBuilding C object CMakeFiles/tutorial_interfaces__rosidl_typesupport_introspection_c.dir/rosidl_typesupport_introspection_c/tutorial_interfaces/msg/detail/sphere__type_support.c.o[0m
[2.496s] [ 57%] Built target tutorial_interfaces__rosidl_typesupport_c
[2.498s] [ 59%] [32mBuilding C object CMakeFiles/tutorial_interfaces__rosidl_typesupport_introspection_c.dir/rosidl_typesupport_introspection_c/tutorial_interfaces/srv/detail/shutdown__type_support.c.o[0m
[2.503s] [ 59%] Built target tutorial_interfaces__rosidl_typesupport_cpp
[2.509s] [ 61%] [32mBuilding CXX object CMakeFiles/tutorial_interfaces__rosidl_typesupport_fastrtps_c.dir/rosidl_typesupport_fastrtps_c/tutorial_interfaces/srv/detail/shutdown__type_support_c.cpp.o[0m
[2.516s] [ 63%] [32mBuilding CXX object CMakeFiles/tutorial_interfaces__rosidl_typesupport_introspection_cpp.dir/rosidl_typesupport_introspection_cpp/tutorial_interfaces/srv/detail/shutdown__type_support.cpp.o[0m
[2.540s] [ 65%] [32m[1mLinking C shared library libtutorial_interfaces__rosidl_typesupport_introspection_c.so[0m
[2.555s] [ 68%] [32mBuilding CXX object CMakeFiles/tutorial_interfaces__rosidl_typesupport_fastrtps_cpp.dir/rosidl_typesupport_fastrtps_cpp/tutorial_interfaces/msg/detail/dds_fastrtps/sphere__type_support.cpp.o[0m
[2.578s] [ 68%] Built target tutorial_interfaces__rosidl_typesupport_introspection_c
[2.588s] [ 70%] [32mBuilding CXX object CMakeFiles/tutorial_interfaces__rosidl_typesupport_fastrtps_cpp.dir/rosidl_typesupport_fastrtps_cpp/tutorial_interfaces/srv/detail/dds_fastrtps/shutdown__type_support.cpp.o[0m
[2.936s] [ 72%] [32m[1mLinking CXX shared library libtutorial_interfaces__rosidl_typesupport_fastrtps_c.so[0m
[2.981s] [ 74%] [32m[1mLinking CXX shared library libtutorial_interfaces__rosidl_typesupport_introspection_cpp.so[0m
[2.992s] [ 74%] Built target tutorial_interfaces__rosidl_typesupport_fastrtps_c
[3.006s] [ 76%] [32m[1mLinking CXX shared library libtutorial_interfaces__rosidl_typesupport_fastrtps_cpp.so[0m
[3.026s] [ 76%] Built target tutorial_interfaces__rosidl_typesupport_introspection_cpp
[3.061s] [ 76%] Built target tutorial_interfaces__rosidl_typesupport_fastrtps_cpp
[3.076s] [ 76%] Built target tutorial_interfaces
[3.091s] [ 78%] [34m[1mGenerating Python code for ROS interfaces[0m
[3.465s] [ 78%] Built target tutorial_interfaces__py
[3.472s] [35m[1mConsolidate compiler generated dependencies of target tutorial_interfaces__rosidl_generator_py[0m
[3.482s] [ 85%] [32mBuilding C object CMakeFiles/tutorial_interfaces__rosidl_generator_py.dir/rosidl_generator_py/tutorial_interfaces/srv/_shutdown_s.c.o[0m
[3.482s] [ 85%] [32mBuilding C object CMakeFiles/tutorial_interfaces__rosidl_generator_py.dir/rosidl_generator_py/tutorial_interfaces/msg/_sphere_s.c.o[0m
[3.483s] [ 85%] [32mBuilding C object CMakeFiles/tutorial_interfaces__rosidl_generator_py.dir/rosidl_generator_py/tutorial_interfaces/msg/_num_s.c.o[0m
[3.558s] [ 87%] [32m[1mLinking C shared library rosidl_generator_py/tutorial_interfaces/libtutorial_interfaces__rosidl_generator_py.so[0m
[3.586s] [ 87%] Built target tutorial_interfaces__rosidl_generator_py
[3.593s] [35m[1mConsolidate compiler generated dependencies of target tutorial_interfaces__rosidl_typesupport_c__pyext[0m
[3.602s] [ 89%] [32mBuilding C object CMakeFiles/tutorial_interfaces__rosidl_typesupport_c__pyext.dir/rosidl_generator_py/tutorial_interfaces/_tutorial_interfaces_s.ep.rosidl_typesupport_c.c.o[0m
[3.604s] [35m[1mConsolidate compiler generated dependencies of target tutorial_interfaces__rosidl_typesupport_fastrtps_c__pyext[0m
[3.614s] [ 91%] [32mBuilding C object CMakeFiles/tutorial_interfaces__rosidl_typesupport_fastrtps_c__pyext.dir/rosidl_generator_py/tutorial_interfaces/_tutorial_interfaces_s.ep.rosidl_typesupport_fastrtps_c.c.o[0m
[3.629s] [35m[1mConsolidate compiler generated dependencies of target tutorial_interfaces__rosidl_typesupport_introspection_c__pyext[0m
[3.640s] [ 93%] [32mBuilding C object CMakeFiles/tutorial_interfaces__rosidl_typesupport_introspection_c__pyext.dir/rosidl_generator_py/tutorial_interfaces/_tutorial_interfaces_s.ep.rosidl_typesupport_introspection_c.c.o[0m
[3.677s] [ 95%] [32m[1mLinking C shared library rosidl_generator_py/tutorial_interfaces/tutorial_interfaces_s__rosidl_typesupport_c.cpython-310-x86_64-linux-gnu.so[0m
[3.691s] [ 97%] [32m[1mLinking C shared library rosidl_generator_py/tutorial_interfaces/tutorial_interfaces_s__rosidl_typesupport_fastrtps_c.cpython-310-x86_64-linux-gnu.so[0m
[3.706s] [ 97%] Built target tutorial_interfaces__rosidl_typesupport_c__pyext
[3.718s] [100%] [32m[1mLinking C shared library rosidl_generator_py/tutorial_interfaces/tutorial_interfaces_s__rosidl_typesupport_introspection_c.cpython-310-x86_64-linux-gnu.so[0m
[3.720s] [100%] Built target tutorial_interfaces__rosidl_typesupport_fastrtps_c__pyext
[3.745s] [100%] Built target tutorial_interfaces__rosidl_typesupport_introspection_c__pyext
[3.752s] Invoked command in '/home/devuser/AOX/ROS2/src/tutorial_interfaces/build/tutorial_interfaces' returned '0': CMAKE_PREFIX_PATH=${CMAKE_PREFIX_PATH}:/opt/ros/humble /usr/bin/cmake --build /home/devuser/AOX/ROS2/src/tutorial_interfaces/build/tutorial_interfaces -- -j8 -l8
[3.819s] Invoking command in '/home/devuser/AOX/ROS2/src/tutorial_interfaces/build/tutorial_interfaces': CMAKE_PREFIX_PATH=${CMAKE_PREFIX_PATH}:/opt/ros/humble /usr/bin/cmake --install /home/devuser/AOX/ROS2/src/tutorial_interfaces/build/tutorial_interfaces
[3.824s] -- Install configuration: ""
[3.824s] -- Up-to-date: /home/devuser/AOX/ROS2/src/tutorial_interfaces/install/tutorial_interfaces/share/ament_index/resource_index/rosidl_interfaces/tutorial_interfaces
[3.825s] -- Up-to-date: /home/devuser/AOX/ROS2/src/tutorial_interfaces/install/tutorial_interfaces/include/tutorial_interfaces/tutorial_interfaces
[3.825s] -- Up-to-date: /home/devuser/AOX/ROS2/src/tutorial_interfaces/install/tutorial_interfaces/include/tutorial_interfaces/tutorial_interfaces/srv
[3.825s] -- Installing: /home/devuser/AOX/ROS2/src/tutorial_interfaces/install/tutorial_interfaces/include/tutorial_interfaces/tutorial_interfaces/srv/shutdown.h
[3.825s] -- Up-to-date: /home/devuser/AOX/ROS2/src/tutorial_interfaces/install/tutorial_interfaces/include/tutorial_interfaces/tutorial_interfaces/srv/detail
[3.825s] -- Up-to-date: /home/devuser/AOX/ROS2/src/tutorial_interfaces/install/tutorial_interfaces/include/tutorial_interfaces/tutorial_interfaces/srv/detail/add_three_ints__type_support.h
[3.825s] -- Up-to-date: /home/devuser/AOX/ROS2/src/tutorial_interfaces/install/tutorial_interfaces/include/tutorial_interfaces/tutorial_interfaces/srv/detail/add_three_ints__functions.c
[3.825s] -- Installing: /home/devuser/AOX/ROS2/src/tutorial_interfaces/install/tutorial_interfaces/include/tutorial_interfaces/tutorial_interfaces/srv/detail/shutdown__functions.c
[3.825s] -- Installing: /home/devuser/AOX/ROS2/src/tutorial_interfaces/install/tutorial_interfaces/include/tutorial_interfaces/tutorial_interfaces/srv/detail/shutdown__type_support.h
[3.825s] -- Up-to-date: /home/devuser/AOX/ROS2/src/tutorial_interfaces/install/tutorial_interfaces/include/tutorial_interfaces/tutorial_interfaces/srv/detail/add_three_ints__struct.h
[3.825s] -- Installing: /home/devuser/AOX/ROS2/src/tutorial_interfaces/install/tutorial_interfaces/include/tutorial_interfaces/tutorial_interfaces/srv/detail/shutdown__functions.h
[3.825s] -- Up-to-date: /home/devuser/AOX/ROS2/src/tutorial_interfaces/install/tutorial_interfaces/include/tutorial_interfaces/tutorial_interfaces/srv/detail/add_three_ints__functions.h
[3.825s] -- Installing: /home/devuser/AOX/ROS2/src/tutorial_interfaces/install/tutorial_interfaces/include/tutorial_interfaces/tutorial_interfaces/srv/detail/shutdown__struct.h
[3.825s] -- Up-to-date: /home/devuser/AOX/ROS2/src/tutorial_interfaces/install/tutorial_interfaces/include/tutorial_interfaces/tutorial_interfaces/srv/add_three_ints.h
[3.825s] -- Up-to-date: /home/devuser/AOX/ROS2/src/tutorial_interfaces/install/tutorial_interfaces/include/tutorial_interfaces/tutorial_interfaces/msg
[3.825s] -- Installing: /home/devuser/AOX/ROS2/src/tutorial_interfaces/install/tutorial_interfaces/include/tutorial_interfaces/tutorial_interfaces/msg/num.h
[3.825s] -- Installing: /home/devuser/AOX/ROS2/src/tutorial_interfaces/install/tutorial_interfaces/include/tutorial_interfaces/tutorial_interfaces/msg/sphere.h
[3.825s] -- Up-to-date: /home/devuser/AOX/ROS2/src/tutorial_interfaces/install/tutorial_interfaces/include/tutorial_interfaces/tutorial_interfaces/msg/rosidl_generator_c__visibility_control.h
[3.826s] -- Up-to-date: /home/devuser/AOX/ROS2/src/tutorial_interfaces/install/tutorial_interfaces/include/tutorial_interfaces/tutorial_interfaces/msg/detail
[3.826s] -- Installing: /home/devuser/AOX/ROS2/src/tutorial_interfaces/install/tutorial_interfaces/include/tutorial_interfaces/tutorial_interfaces/msg/detail/num__type_support.h
[3.826s] -- Installing: /home/devuser/AOX/ROS2/src/tutorial_interfaces/install/tutorial_interfaces/include/tutorial_interfaces/tutorial_interfaces/msg/detail/sphere__functions.h
[3.826s] -- Installing: /home/devuser/AOX/ROS2/src/tutorial_interfaces/install/tutorial_interfaces/include/tutorial_interfaces/tutorial_interfaces/msg/detail/num__struct.h
[3.826s] -- Installing: /home/devuser/AOX/ROS2/src/tutorial_interfaces/install/tutorial_interfaces/include/tutorial_interfaces/tutorial_interfaces/msg/detail/sphere__type_support.h
[3.826s] -- Installing: /home/devuser/AOX/ROS2/src/tutorial_interfaces/install/tutorial_interfaces/include/tutorial_interfaces/tutorial_interfaces/msg/detail/sphere__functions.c
[3.826s] -- Installing: /home/devuser/AOX/ROS2/src/tutorial_interfaces/install/tutorial_interfaces/include/tutorial_interfaces/tutorial_interfaces/msg/detail/num__functions.h
[3.826s] -- Installing: /home/devuser/AOX/ROS2/src/tutorial_interfaces/install/tutorial_interfaces/include/tutorial_interfaces/tutorial_interfaces/msg/detail/sphere__struct.h
[3.826s] -- Installing: /home/devuser/AOX/ROS2/src/tutorial_interfaces/install/tutorial_interfaces/include/tutorial_interfaces/tutorial_interfaces/msg/detail/num__functions.c
[3.826s] -- Up-to-date: /home/devuser/AOX/ROS2/src/tutorial_interfaces/install/tutorial_interfaces/share/tutorial_interfaces/environment/library_path.sh
[3.826s] -- Installing: /home/devuser/AOX/ROS2/src/tutorial_interfaces/install/tutorial_interfaces/share/tutorial_interfaces/environment/library_path.dsv
[3.826s] -- Installing: /home/devuser/AOX/ROS2/src/tutorial_interfaces/install/tutorial_interfaces/lib/libtutorial_interfaces__rosidl_generator_c.so
[3.827s] -- Set runtime path of "/home/devuser/AOX/ROS2/src/tutorial_interfaces/install/tutorial_interfaces/lib/libtutorial_interfaces__rosidl_generator_c.so" to ""
[3.827s] -- Up-to-date: /home/devuser/AOX/ROS2/src/tutorial_interfaces/install/tutorial_interfaces/include/tutorial_interfaces/tutorial_interfaces
[3.827s] -- Up-to-date: /home/devuser/AOX/ROS2/src/tutorial_interfaces/install/tutorial_interfaces/include/tutorial_interfaces/tutorial_interfaces/srv
[3.827s] -- Up-to-date: /home/devuser/AOX/ROS2/src/tutorial_interfaces/install/tutorial_interfaces/include/tutorial_interfaces/tutorial_interfaces/srv/detail
[3.827s] -- Up-to-date: /home/devuser/AOX/ROS2/src/tutorial_interfaces/install/tutorial_interfaces/include/tutorial_interfaces/tutorial_interfaces/srv/detail/add_three_ints__rosidl_typesupport_fastrtps_c.h
[3.827s] -- Installing: /home/devuser/AOX/ROS2/src/tutorial_interfaces/install/tutorial_interfaces/include/tutorial_interfaces/tutorial_interfaces/srv/detail/shutdown__rosidl_typesupport_fastrtps_c.h
[3.827s] -- Up-to-date: /home/devuser/AOX/ROS2/src/tutorial_interfaces/install/tutorial_interfaces/include/tutorial_interfaces/tutorial_interfaces/msg
[3.827s] -- Up-to-date: /home/devuser/AOX/ROS2/src/tutorial_interfaces/install/tutorial_interfaces/include/tutorial_interfaces/tutorial_interfaces/msg/detail
[3.827s] -- Installing: /home/devuser/AOX/ROS2/src/tutorial_interfaces/install/tutorial_interfaces/include/tutorial_interfaces/tutorial_interfaces/msg/detail/num__rosidl_typesupport_fastrtps_c.h
[3.827s] -- Installing: /home/devuser/AOX/ROS2/src/tutorial_interfaces/install/tutorial_interfaces/include/tutorial_interfaces/tutorial_interfaces/msg/detail/sphere__rosidl_typesupport_fastrtps_c.h
[3.827s] -- Up-to-date: /home/devuser/AOX/ROS2/src/tutorial_interfaces/install/tutorial_interfaces/include/tutorial_interfaces/tutorial_interfaces/msg/rosidl_typesupport_fastrtps_c__visibility_control.h
[3.827s] -- Installing: /home/devuser/AOX/ROS2/src/tutorial_interfaces/install/tutorial_interfaces/lib/libtutorial_interfaces__rosidl_typesupport_fastrtps_c.so
[3.827s] -- Set runtime path of "/home/devuser/AOX/ROS2/src/tutorial_interfaces/install/tutorial_interfaces/lib/libtutorial_interfaces__rosidl_typesupport_fastrtps_c.so" to ""
[3.828s] -- Up-to-date: /home/devuser/AOX/ROS2/src/tutorial_interfaces/install/tutorial_interfaces/include/tutorial_interfaces/tutorial_interfaces
[3.828s] -- Up-to-date: /home/devuser/AOX/ROS2/src/tutorial_interfaces/install/tutorial_interfaces/include/tutorial_interfaces/tutorial_interfaces/srv
[3.828s] -- Up-to-date: /home/devuser/AOX/ROS2/src/tutorial_interfaces/install/tutorial_interfaces/include/tutorial_interfaces/tutorial_interfaces/srv/add_three_ints.hpp
[3.828s] -- Up-to-date: /home/devuser/AOX/ROS2/src/tutorial_interfaces/install/tutorial_interfaces/include/tutorial_interfaces/tutorial_interfaces/srv/detail
[3.828s] -- Up-to-date: /home/devuser/AOX/ROS2/src/tutorial_interfaces/install/tutorial_interfaces/include/tutorial_interfaces/tutorial_interfaces/srv/detail/add_three_ints__traits.hpp
[3.828s] -- Installing: /home/devuser/AOX/ROS2/src/tutorial_interfaces/install/tutorial_interfaces/include/tutorial_interfaces/tutorial_interfaces/srv/detail/shutdown__builder.hpp
[3.828s] -- Installing: /home/devuser/AOX/ROS2/src/tutorial_interfaces/install/tutorial_interfaces/include/tutorial_interfaces/tutorial_interfaces/srv/detail/shutdown__traits.hpp
[3.828s] -- Installing: /home/devuser/AOX/ROS2/src/tutorial_interfaces/install/tutorial_interfaces/include/tutorial_interfaces/tutorial_interfaces/srv/detail/shutdown__struct.hpp
[3.828s] -- Up-to-date: /home/devuser/AOX/ROS2/src/tutorial_interfaces/install/tutorial_interfaces/include/tutorial_interfaces/tutorial_interfaces/srv/detail/add_three_ints__struct.hpp
[3.828s] -- Up-to-date: /home/devuser/AOX/ROS2/src/tutorial_interfaces/install/tutorial_interfaces/include/tutorial_interfaces/tutorial_interfaces/srv/detail/add_three_ints__builder.hpp
[3.828s] -- Installing: /home/devuser/AOX/ROS2/src/tutorial_interfaces/install/tutorial_interfaces/include/tutorial_interfaces/tutorial_interfaces/srv/shutdown.hpp
[3.828s] -- Up-to-date: /home/devuser/AOX/ROS2/src/tutorial_interfaces/install/tutorial_interfaces/include/tutorial_interfaces/tutorial_interfaces/msg
[3.828s] -- Installing: /home/devuser/AOX/ROS2/src/tutorial_interfaces/install/tutorial_interfaces/include/tutorial_interfaces/tutorial_interfaces/msg/num.hpp
[3.828s] -- Installing: /home/devuser/AOX/ROS2/src/tutorial_interfaces/install/tutorial_interfaces/include/tutorial_interfaces/tutorial_interfaces/msg/sphere.hpp
[3.828s] -- Up-to-date: /home/devuser/AOX/ROS2/src/tutorial_interfaces/install/tutorial_interfaces/include/tutorial_interfaces/tutorial_interfaces/msg/detail
[3.828s] -- Installing: /home/devuser/AOX/ROS2/src/tutorial_interfaces/install/tutorial_interfaces/include/tutorial_interfaces/tutorial_interfaces/msg/detail/sphere__struct.hpp
[3.828s] -- Installing: /home/devuser/AOX/ROS2/src/tutorial_interfaces/install/tutorial_interfaces/include/tutorial_interfaces/tutorial_interfaces/msg/detail/num__struct.hpp
[3.829s] -- Installing: /home/devuser/AOX/ROS2/src/tutorial_interfaces/install/tutorial_interfaces/include/tutorial_interfaces/tutorial_interfaces/msg/detail/num__traits.hpp
[3.829s] -- Installing: /home/devuser/AOX/ROS2/src/tutorial_interfaces/install/tutorial_interfaces/include/tutorial_interfaces/tutorial_interfaces/msg/detail/sphere__builder.hpp
[3.829s] -- Installing: /home/devuser/AOX/ROS2/src/tutorial_interfaces/install/tutorial_interfaces/include/tutorial_interfaces/tutorial_interfaces/msg/detail/sphere__traits.hpp
[3.829s] -- Installing: /home/devuser/AOX/ROS2/src/tutorial_interfaces/install/tutorial_interfaces/include/tutorial_interfaces/tutorial_interfaces/msg/detail/num__builder.hpp
[3.829s] -- Up-to-date: /home/devuser/AOX/ROS2/src/tutorial_interfaces/install/tutorial_interfaces/include/tutorial_interfaces/tutorial_interfaces
[3.829s] -- Up-to-date: /home/devuser/AOX/ROS2/src/tutorial_interfaces/install/tutorial_interfaces/include/tutorial_interfaces/tutorial_interfaces/srv
[3.829s] -- Up-to-date: /home/devuser/AOX/ROS2/src/tutorial_interfaces/install/tutorial_interfaces/include/tutorial_interfaces/tutorial_interfaces/srv/detail
[3.829s] -- Up-to-date: /home/devuser/AOX/ROS2/src/tutorial_interfaces/install/tutorial_interfaces/include/tutorial_interfaces/tutorial_interfaces/srv/detail/add_three_ints__rosidl_typesupport_fastrtps_cpp.hpp
[3.829s] -- Installing: /home/devuser/AOX/ROS2/src/tutorial_interfaces/install/tutorial_interfaces/include/tutorial_interfaces/tutorial_interfaces/srv/detail/shutdown__rosidl_typesupport_fastrtps_cpp.hpp
[3.829s] -- Up-to-date: /home/devuser/AOX/ROS2/src/tutorial_interfaces/install/tutorial_interfaces/include/tutorial_interfaces/tutorial_interfaces/srv/detail/dds_fastrtps
[3.829s] -- Up-to-date: /home/devuser/AOX/ROS2/src/tutorial_interfaces/install/tutorial_interfaces/include/tutorial_interfaces/tutorial_interfaces/msg
[3.829s] -- Up-to-date: /home/devuser/AOX/ROS2/src/tutorial_interfaces/install/tutorial_interfaces/include/tutorial_interfaces/tutorial_interfaces/msg/rosidl_typesupport_fastrtps_cpp__visibility_control.h
[3.829s] -- Up-to-date: /home/devuser/AOX/ROS2/src/tutorial_interfaces/install/tutorial_interfaces/include/tutorial_interfaces/tutorial_interfaces/msg/detail
[3.829s] -- Installing: /home/devuser/AOX/ROS2/src/tutorial_interfaces/install/tutorial_interfaces/include/tutorial_interfaces/tutorial_interfaces/msg/detail/num__rosidl_typesupport_fastrtps_cpp.hpp
[3.829s] -- Installing: /home/devuser/AOX/ROS2/src/tutorial_interfaces/install/tutorial_interfaces/include/tutorial_interfaces/tutorial_interfaces/msg/detail/sphere__rosidl_typesupport_fastrtps_cpp.hpp
[3.830s] -- Up-to-date: /home/devuser/AOX/ROS2/src/tutorial_interfaces/install/tutorial_interfaces/include/tutorial_interfaces/tutorial_interfaces/msg/detail/dds_fastrtps
[3.830s] -- Installing: /home/devuser/AOX/ROS2/src/tutorial_interfaces/install/tutorial_interfaces/lib/libtutorial_interfaces__rosidl_typesupport_fastrtps_cpp.so
[3.830s] -- Set runtime path of "/home/devuser/AOX/ROS2/src/tutorial_interfaces/install/tutorial_interfaces/lib/libtutorial_interfaces__rosidl_typesupport_fastrtps_cpp.so" to ""
[3.830s] -- Up-to-date: /home/devuser/AOX/ROS2/src/tutorial_interfaces/install/tutorial_interfaces/include/tutorial_interfaces/tutorial_interfaces
[3.830s] -- Up-to-date: /home/devuser/AOX/ROS2/src/tutorial_interfaces/install/tutorial_interfaces/include/tutorial_interfaces/tutorial_interfaces/srv
[3.830s] -- Up-to-date: /home/devuser/AOX/ROS2/src/tutorial_interfaces/install/tutorial_interfaces/include/tutorial_interfaces/tutorial_interfaces/srv/detail
[3.830s] -- Installing: /home/devuser/AOX/ROS2/src/tutorial_interfaces/install/tutorial_interfaces/include/tutorial_interfaces/tutorial_interfaces/srv/detail/shutdown__rosidl_typesupport_introspection_c.h
[3.830s] -- Installing: /home/devuser/AOX/ROS2/src/tutorial_interfaces/install/tutorial_interfaces/include/tutorial_interfaces/tutorial_interfaces/srv/detail/shutdown__type_support.c
[3.830s] -- Up-to-date: /home/devuser/AOX/ROS2/src/tutorial_interfaces/install/tutorial_interfaces/include/tutorial_interfaces/tutorial_interfaces/srv/detail/add_three_ints__type_support.c
[3.830s] -- Up-to-date: /home/devuser/AOX/ROS2/src/tutorial_interfaces/install/tutorial_interfaces/include/tutorial_interfaces/tutorial_interfaces/srv/detail/add_three_ints__rosidl_typesupport_introspection_c.h
[3.830s] -- Up-to-date: /home/devuser/AOX/ROS2/src/tutorial_interfaces/install/tutorial_interfaces/include/tutorial_interfaces/tutorial_interfaces/msg
[3.830s] -- Up-to-date: /home/devuser/AOX/ROS2/src/tutorial_interfaces/install/tutorial_interfaces/include/tutorial_interfaces/tutorial_interfaces/msg/rosidl_typesupport_introspection_c__visibility_control.h
[3.830s] -- Up-to-date: /home/devuser/AOX/ROS2/src/tutorial_interfaces/install/tutorial_interfaces/include/tutorial_interfaces/tutorial_interfaces/msg/detail
[3.830s] -- Installing: /home/devuser/AOX/ROS2/src/tutorial_interfaces/install/tutorial_interfaces/include/tutorial_interfaces/tutorial_interfaces/msg/detail/num__type_support.c
[3.830s] -- Installing: /home/devuser/AOX/ROS2/src/tutorial_interfaces/install/tutorial_interfaces/include/tutorial_interfaces/tutorial_interfaces/msg/detail/num__rosidl_typesupport_introspection_c.h
[3.830s] -- Installing: /home/devuser/AOX/ROS2/src/tutorial_interfaces/install/tutorial_interfaces/include/tutorial_interfaces/tutorial_interfaces/msg/detail/sphere__rosidl_typesupport_introspection_c.h
[3.830s] -- Installing: /home/devuser/AOX/ROS2/src/tutorial_interfaces/install/tutorial_interfaces/include/tutorial_interfaces/tutorial_interfaces/msg/detail/sphere__type_support.c
[3.831s] -- Installing: /home/devuser/AOX/ROS2/src/tutorial_interfaces/install/tutorial_interfaces/lib/libtutorial_interfaces__rosidl_typesupport_introspection_c.so
[3.831s] -- Set runtime path of "/home/devuser/AOX/ROS2/src/tutorial_interfaces/install/tutorial_interfaces/lib/libtutorial_interfaces__rosidl_typesupport_introspection_c.so" to ""
[3.831s] -- Installing: /home/devuser/AOX/ROS2/src/tutorial_interfaces/install/tutorial_interfaces/lib/libtutorial_interfaces__rosidl_typesupport_c.so
[3.831s] -- Set runtime path of "/home/devuser/AOX/ROS2/src/tutorial_interfaces/install/tutorial_interfaces/lib/libtutorial_interfaces__rosidl_typesupport_c.so" to ""
[3.831s] -- Up-to-date: /home/devuser/AOX/ROS2/src/tutorial_interfaces/install/tutorial_interfaces/include/tutorial_interfaces/tutorial_interfaces
[3.831s] -- Up-to-date: /home/devuser/AOX/ROS2/src/tutorial_interfaces/install/tutorial_interfaces/include/tutorial_interfaces/tutorial_interfaces/srv
[3.831s] -- Up-to-date: /home/devuser/AOX/ROS2/src/tutorial_interfaces/install/tutorial_interfaces/include/tutorial_interfaces/tutorial_interfaces/srv/detail
[3.831s] -- Up-to-date: /home/devuser/AOX/ROS2/src/tutorial_interfaces/install/tutorial_interfaces/include/tutorial_interfaces/tutorial_interfaces/srv/detail/add_three_ints__rosidl_typesupport_introspection_cpp.hpp
[3.831s] -- Installing: /home/devuser/AOX/ROS2/src/tutorial_interfaces/install/tutorial_interfaces/include/tutorial_interfaces/tutorial_interfaces/srv/detail/shutdown__type_support.cpp
[3.831s] -- Up-to-date: /home/devuser/AOX/ROS2/src/tutorial_interfaces/install/tutorial_interfaces/include/tutorial_interfaces/tutorial_interfaces/srv/detail/add_three_ints__type_support.cpp
[3.831s] -- Installing: /home/devuser/AOX/ROS2/src/tutorial_interfaces/install/tutorial_interfaces/include/tutorial_interfaces/tutorial_interfaces/srv/detail/shutdown__rosidl_typesupport_introspection_cpp.hpp
[3.831s] -- Up-to-date: /home/devuser/AOX/ROS2/src/tutorial_interfaces/install/tutorial_interfaces/include/tutorial_interfaces/tutorial_interfaces/msg
[3.831s] -- Up-to-date: /home/devuser/AOX/ROS2/src/tutorial_interfaces/install/tutorial_interfaces/include/tutorial_interfaces/tutorial_interfaces/msg/detail
[3.831s] -- Installing: /home/devuser/AOX/ROS2/src/tutorial_interfaces/install/tutorial_interfaces/include/tutorial_interfaces/tutorial_interfaces/msg/detail/num__rosidl_typesupport_introspection_cpp.hpp
[3.832s] -- Installing: /home/devuser/AOX/ROS2/src/tutorial_interfaces/install/tutorial_interfaces/include/tutorial_interfaces/tutorial_interfaces/msg/detail/sphere__type_support.cpp
[3.832s] -- Installing: /home/devuser/AOX/ROS2/src/tutorial_interfaces/install/tutorial_interfaces/include/tutorial_interfaces/tutorial_interfaces/msg/detail/sphere__rosidl_typesupport_introspection_cpp.hpp
[3.832s] -- Installing: /home/devuser/AOX/ROS2/src/tutorial_interfaces/install/tutorial_interfaces/include/tutorial_interfaces/tutorial_interfaces/msg/detail/num__type_support.cpp
[3.832s] -- Installing: /home/devuser/AOX/ROS2/src/tutorial_interfaces/install/tutorial_interfaces/lib/libtutorial_interfaces__rosidl_typesupport_introspection_cpp.so
[3.832s] -- Set runtime path of "/home/devuser/AOX/ROS2/src/tutorial_interfaces/install/tutorial_interfaces/lib/libtutorial_interfaces__rosidl_typesupport_introspection_cpp.so" to ""
[3.832s] -- Installing: /home/devuser/AOX/ROS2/src/tutorial_interfaces/install/tutorial_interfaces/lib/libtutorial_interfaces__rosidl_typesupport_cpp.so
[3.832s] -- Set runtime path of "/home/devuser/AOX/ROS2/src/tutorial_interfaces/install/tutorial_interfaces/lib/libtutorial_interfaces__rosidl_typesupport_cpp.so" to ""
[3.833s] -- Up-to-date: /home/devuser/AOX/ROS2/src/tutorial_interfaces/install/tutorial_interfaces/share/tutorial_interfaces/environment/pythonpath.sh
[3.833s] -- Installing: /home/devuser/AOX/ROS2/src/tutorial_interfaces/install/tutorial_interfaces/share/tutorial_interfaces/environment/pythonpath.dsv
[3.833s] -- Up-to-date: /home/devuser/AOX/ROS2/src/tutorial_interfaces/install/tutorial_interfaces/local/lib/python3.10/dist-packages/tutorial_interfaces-0.0.0-py3.10.egg-info
[3.833s] -- Installing: /home/devuser/AOX/ROS2/src/tutorial_interfaces/install/tutorial_interfaces/local/lib/python3.10/dist-packages/tutorial_interfaces-0.0.0-py3.10.egg-info/top_level.txt
[3.833s] -- Installing: /home/devuser/AOX/ROS2/src/tutorial_interfaces/install/tutorial_interfaces/local/lib/python3.10/dist-packages/tutorial_interfaces-0.0.0-py3.10.egg-info/SOURCES.txt
[3.833s] -- Installing: /home/devuser/AOX/ROS2/src/tutorial_interfaces/install/tutorial_interfaces/local/lib/python3.10/dist-packages/tutorial_interfaces-0.0.0-py3.10.egg-info/dependency_links.txt
[3.833s] -- Installing: /home/devuser/AOX/ROS2/src/tutorial_interfaces/install/tutorial_interfaces/local/lib/python3.10/dist-packages/tutorial_interfaces-0.0.0-py3.10.egg-info/PKG-INFO
[3.833s] -- Up-to-date: /home/devuser/AOX/ROS2/src/tutorial_interfaces/install/tutorial_interfaces/local/lib/python3.10/dist-packages/tutorial_interfaces
[3.833s] -- Installing: /home/devuser/AOX/ROS2/src/tutorial_interfaces/install/tutorial_interfaces/local/lib/python3.10/dist-packages/tutorial_interfaces/_tutorial_interfaces_s.ep.rosidl_typesupport_fastrtps_c.c
[3.833s] -- Up-to-date: /home/devuser/AOX/ROS2/src/tutorial_interfaces/install/tutorial_interfaces/local/lib/python3.10/dist-packages/tutorial_interfaces/srv
[3.833s] -- Up-to-date: /home/devuser/AOX/ROS2/src/tutorial_interfaces/install/tutorial_interfaces/local/lib/python3.10/dist-packages/tutorial_interfaces/srv/_add_three_ints.py
[3.834s] -- Installing: /home/devuser/AOX/ROS2/src/tutorial_interfaces/install/tutorial_interfaces/local/lib/python3.10/dist-packages/tutorial_interfaces/srv/_shutdown_s.c
[3.834s] -- Up-to-date: /home/devuser/AOX/ROS2/src/tutorial_interfaces/install/tutorial_interfaces/local/lib/python3.10/dist-packages/tutorial_interfaces/srv/_add_three_ints_s.c
[3.834s] -- Installing: /home/devuser/AOX/ROS2/src/tutorial_interfaces/install/tutorial_interfaces/local/lib/python3.10/dist-packages/tutorial_interfaces/srv/__init__.py
[3.834s] -- Installing: /home/devuser/AOX/ROS2/src/tutorial_interfaces/install/tutorial_interfaces/local/lib/python3.10/dist-packages/tutorial_interfaces/srv/_shutdown.py
[3.834s] -- Installing: /home/devuser/AOX/ROS2/src/tutorial_interfaces/install/tutorial_interfaces/local/lib/python3.10/dist-packages/tutorial_interfaces/tutorial_interfaces_s__rosidl_typesupport_introspection_c.cpython-310-x86_64-linux-gnu.so
[3.834s] -- Installing: /home/devuser/AOX/ROS2/src/tutorial_interfaces/install/tutorial_interfaces/local/lib/python3.10/dist-packages/tutorial_interfaces/libtutorial_interfaces__rosidl_generator_py.so
[3.834s] -- Installing: /home/devuser/AOX/ROS2/src/tutorial_interfaces/install/tutorial_interfaces/local/lib/python3.10/dist-packages/tutorial_interfaces/tutorial_interfaces_s__rosidl_typesupport_c.cpython-310-x86_64-linux-gnu.so
[3.834s] -- Installing: /home/devuser/AOX/ROS2/src/tutorial_interfaces/install/tutorial_interfaces/local/lib/python3.10/dist-packages/tutorial_interfaces/_tutorial_interfaces_s.ep.rosidl_typesupport_introspection_c.c
[3.834s] -- Installing: /home/devuser/AOX/ROS2/src/tutorial_interfaces/install/tutorial_interfaces/local/lib/python3.10/dist-packages/tutorial_interfaces/__init__.py
[3.835s] -- Installing: /home/devuser/AOX/ROS2/src/tutorial_interfaces/install/tutorial_interfaces/local/lib/python3.10/dist-packages/tutorial_interfaces/tutorial_interfaces_s__rosidl_typesupport_fastrtps_c.cpython-310-x86_64-linux-gnu.so
[3.835s] -- Up-to-date: /home/devuser/AOX/ROS2/src/tutorial_interfaces/install/tutorial_interfaces/local/lib/python3.10/dist-packages/tutorial_interfaces/msg
[3.835s] -- Installing: /home/devuser/AOX/ROS2/src/tutorial_interfaces/install/tutorial_interfaces/local/lib/python3.10/dist-packages/tutorial_interfaces/msg/_sphere_s.c
[3.835s] -- Installing: /home/devuser/AOX/ROS2/src/tutorial_interfaces/install/tutorial_interfaces/local/lib/python3.10/dist-packages/tutorial_interfaces/msg/_num_s.c
[3.835s] -- Installing: /home/devuser/AOX/ROS2/src/tutorial_interfaces/install/tutorial_interfaces/local/lib/python3.10/dist-packages/tutorial_interfaces/msg/_sphere.py
[3.835s] -- Installing: /home/devuser/AOX/ROS2/src/tutorial_interfaces/install/tutorial_interfaces/local/lib/python3.10/dist-packages/tutorial_interfaces/msg/_num.py
[3.835s] -- Installing: /home/devuser/AOX/ROS2/src/tutorial_interfaces/install/tutorial_interfaces/local/lib/python3.10/dist-packages/tutorial_interfaces/msg/__init__.py
[3.835s] -- Installing: /home/devuser/AOX/ROS2/src/tutorial_interfaces/install/tutorial_interfaces/local/lib/python3.10/dist-packages/tutorial_interfaces/_tutorial_interfaces_s.ep.rosidl_typesupport_c.c
[3.886s] Listing '/home/devuser/AOX/ROS2/src/tutorial_interfaces/install/tutorial_interfaces/local/lib/python3.10/dist-packages/tutorial_interfaces'...
[3.886s] Compiling '/home/devuser/AOX/ROS2/src/tutorial_interfaces/install/tutorial_interfaces/local/lib/python3.10/dist-packages/tutorial_interfaces/__init__.py'...
[3.886s] Listing '/home/devuser/AOX/ROS2/src/tutorial_interfaces/install/tutorial_interfaces/local/lib/python3.10/dist-packages/tutorial_interfaces/msg'...
[3.887s] Compiling '/home/devuser/AOX/ROS2/src/tutorial_interfaces/install/tutorial_interfaces/local/lib/python3.10/dist-packages/tutorial_interfaces/msg/__init__.py'...
[3.887s] Compiling '/home/devuser/AOX/ROS2/src/tutorial_interfaces/install/tutorial_interfaces/local/lib/python3.10/dist-packages/tutorial_interfaces/msg/_num.py'...
[3.887s] Compiling '/home/devuser/AOX/ROS2/src/tutorial_interfaces/install/tutorial_interfaces/local/lib/python3.10/dist-packages/tutorial_interfaces/msg/_sphere.py'...
[3.887s] Listing '/home/devuser/AOX/ROS2/src/tutorial_interfaces/install/tutorial_interfaces/local/lib/python3.10/dist-packages/tutorial_interfaces/srv'...
[3.887s] Compiling '/home/devuser/AOX/ROS2/src/tutorial_interfaces/install/tutorial_interfaces/local/lib/python3.10/dist-packages/tutorial_interfaces/srv/__init__.py'...
[3.887s] Compiling '/home/devuser/AOX/ROS2/src/tutorial_interfaces/install/tutorial_interfaces/local/lib/python3.10/dist-packages/tutorial_interfaces/srv/_shutdown.py'...
[3.891s] -- Installing: /home/devuser/AOX/ROS2/src/tutorial_interfaces/install/tutorial_interfaces/local/lib/python3.10/dist-packages/tutorial_interfaces/tutorial_interfaces_s__rosidl_typesupport_fastrtps_c.cpython-310-x86_64-linux-gnu.so
[3.891s] -- Set runtime path of "/home/devuser/AOX/ROS2/src/tutorial_interfaces/install/tutorial_interfaces/local/lib/python3.10/dist-packages/tutorial_interfaces/tutorial_interfaces_s__rosidl_typesupport_fastrtps_c.cpython-310-x86_64-linux-gnu.so" to ""
[3.891s] -- Installing: /home/devuser/AOX/ROS2/src/tutorial_interfaces/install/tutorial_interfaces/local/lib/python3.10/dist-packages/tutorial_interfaces/tutorial_interfaces_s__rosidl_typesupport_introspection_c.cpython-310-x86_64-linux-gnu.so
[3.891s] -- Set runtime path of "/home/devuser/AOX/ROS2/src/tutorial_interfaces/install/tutorial_interfaces/local/lib/python3.10/dist-packages/tutorial_interfaces/tutorial_interfaces_s__rosidl_typesupport_introspection_c.cpython-310-x86_64-linux-gnu.so" to ""
[3.892s] -- Installing: /home/devuser/AOX/ROS2/src/tutorial_interfaces/install/tutorial_interfaces/local/lib/python3.10/dist-packages/tutorial_interfaces/tutorial_interfaces_s__rosidl_typesupport_c.cpython-310-x86_64-linux-gnu.so
[3.892s] -- Set runtime path of "/home/devuser/AOX/ROS2/src/tutorial_interfaces/install/tutorial_interfaces/local/lib/python3.10/dist-packages/tutorial_interfaces/tutorial_interfaces_s__rosidl_typesupport_c.cpython-310-x86_64-linux-gnu.so" to ""
[3.892s] -- Installing: /home/devuser/AOX/ROS2/src/tutorial_interfaces/install/tutorial_interfaces/lib/libtutorial_interfaces__rosidl_generator_py.so
[3.892s] -- Set runtime path of "/home/devuser/AOX/ROS2/src/tutorial_interfaces/install/tutorial_interfaces/lib/libtutorial_interfaces__rosidl_generator_py.so" to ""
[3.892s] -- Up-to-date: /home/devuser/AOX/ROS2/src/tutorial_interfaces/install/tutorial_interfaces/share/tutorial_interfaces/msg/Num.idl
[3.893s] -- Up-to-date: /home/devuser/AOX/ROS2/src/tutorial_interfaces/install/tutorial_interfaces/share/tutorial_interfaces/msg/Sphere.idl
[3.893s] -- Installing: /home/devuser/AOX/ROS2/src/tutorial_interfaces/install/tutorial_interfaces/share/tutorial_interfaces/srv/Shutdown.idl
[3.893s] -- Up-to-date: /home/devuser/AOX/ROS2/src/tutorial_interfaces/install/tutorial_interfaces/share/tutorial_interfaces/msg/Num.msg
[3.893s] -- Up-to-date: /home/devuser/AOX/ROS2/src/tutorial_interfaces/install/tutorial_interfaces/share/tutorial_interfaces/msg/Sphere.msg
[3.893s] -- Installing: /home/devuser/AOX/ROS2/src/tutorial_interfaces/install/tutorial_interfaces/share/tutorial_interfaces/srv/Shutdown.srv
[3.893s] -- Installing: /home/devuser/AOX/ROS2/src/tutorial_interfaces/install/tutorial_interfaces/share/tutorial_interfaces/srv/Shutdown_Request.msg
[3.893s] -- Up-to-date: /home/devuser/AOX/ROS2/src/tutorial_interfaces/install/tutorial_interfaces/share/tutorial_interfaces/srv/Shutdown_Response.msg
[3.893s] -- Up-to-date: /home/devuser/AOX/ROS2/src/tutorial_interfaces/install/tutorial_interfaces/share/ament_index/resource_index/package_run_dependencies/tutorial_interfaces
[3.893s] -- Up-to-date: /home/devuser/AOX/ROS2/src/tutorial_interfaces/install/tutorial_interfaces/share/ament_index/resource_index/parent_prefix_path/tutorial_interfaces
[3.893s] -- Up-to-date: /home/devuser/AOX/ROS2/src/tutorial_interfaces/install/tutorial_interfaces/share/tutorial_interfaces/environment/ament_prefix_path.sh
[3.894s] -- Installing: /home/devuser/AOX/ROS2/src/tutorial_interfaces/install/tutorial_interfaces/share/tutorial_interfaces/environment/ament_prefix_path.dsv
[3.894s] -- Up-to-date: /home/devuser/AOX/ROS2/src/tutorial_interfaces/install/tutorial_interfaces/share/tutorial_interfaces/environment/path.sh
[3.894s] -- Installing: /home/devuser/AOX/ROS2/src/tutorial_interfaces/install/tutorial_interfaces/share/tutorial_interfaces/environment/path.dsv
[3.894s] -- Up-to-date: /home/devuser/AOX/ROS2/src/tutorial_interfaces/install/tutorial_interfaces/share/tutorial_interfaces/local_setup.bash
[3.894s] -- Up-to-date: /home/devuser/AOX/ROS2/src/tutorial_interfaces/install/tutorial_interfaces/share/tutorial_interfaces/local_setup.sh
[3.894s] -- Up-to-date: /home/devuser/AOX/ROS2/src/tutorial_interfaces/install/tutorial_interfaces/share/tutorial_interfaces/local_setup.zsh
[3.894s] -- Installing: /home/devuser/AOX/ROS2/src/tutorial_interfaces/install/tutorial_interfaces/share/tutorial_interfaces/local_setup.dsv
[3.894s] -- Installing: /home/devuser/AOX/ROS2/src/tutorial_interfaces/install/tutorial_interfaces/share/tutorial_interfaces/package.dsv
[3.894s] -- Up-to-date: /home/devuser/AOX/ROS2/src/tutorial_interfaces/install/tutorial_interfaces/share/ament_index/resource_index/packages/tutorial_interfaces
[3.895s] -- Up-to-date: /home/devuser/AOX/ROS2/src/tutorial_interfaces/install/tutorial_interfaces/share/tutorial_interfaces/cmake/export_tutorial_interfaces__rosidl_generator_cExport.cmake
[3.895s] -- Up-to-date: /home/devuser/AOX/ROS2/src/tutorial_interfaces/install/tutorial_interfaces/share/tutorial_interfaces/cmake/export_tutorial_interfaces__rosidl_generator_cExport-noconfig.cmake
[3.895s] -- Up-to-date: /home/devuser/AOX/ROS2/src/tutorial_interfaces/install/tutorial_interfaces/share/tutorial_interfaces/cmake/export_tutorial_interfaces__rosidl_typesupport_fastrtps_cExport.cmake
[3.895s] -- Up-to-date: /home/devuser/AOX/ROS2/src/tutorial_interfaces/install/tutorial_interfaces/share/tutorial_interfaces/cmake/export_tutorial_interfaces__rosidl_typesupport_fastrtps_cExport-noconfig.cmake
[3.895s] -- Up-to-date: /home/devuser/AOX/ROS2/src/tutorial_interfaces/install/tutorial_interfaces/share/tutorial_interfaces/cmake/export_tutorial_interfaces__rosidl_generator_cppExport.cmake
[3.895s] -- Up-to-date: /home/devuser/AOX/ROS2/src/tutorial_interfaces/install/tutorial_interfaces/share/tutorial_interfaces/cmake/export_tutorial_interfaces__rosidl_typesupport_fastrtps_cppExport.cmake
[3.895s] -- Up-to-date: /home/devuser/AOX/ROS2/src/tutorial_interfaces/install/tutorial_interfaces/share/tutorial_interfaces/cmake/export_tutorial_interfaces__rosidl_typesupport_fastrtps_cppExport-noconfig.cmake
[3.895s] -- Up-to-date: /home/devuser/AOX/ROS2/src/tutorial_interfaces/install/tutorial_interfaces/share/tutorial_interfaces/cmake/tutorial_interfaces__rosidl_typesupport_introspection_cExport.cmake
[3.895s] -- Up-to-date: /home/devuser/AOX/ROS2/src/tutorial_interfaces/install/tutorial_interfaces/share/tutorial_interfaces/cmake/tutorial_interfaces__rosidl_typesupport_introspection_cExport-noconfig.cmake
[3.895s] -- Up-to-date: /home/devuser/AOX/ROS2/src/tutorial_interfaces/install/tutorial_interfaces/share/tutorial_interfaces/cmake/tutorial_interfaces__rosidl_typesupport_cExport.cmake
[3.896s] -- Up-to-date: /home/devuser/AOX/ROS2/src/tutorial_interfaces/install/tutorial_interfaces/share/tutorial_interfaces/cmake/tutorial_interfaces__rosidl_typesupport_cExport-noconfig.cmake
[3.896s] -- Up-to-date: /home/devuser/AOX/ROS2/src/tutorial_interfaces/install/tutorial_interfaces/share/tutorial_interfaces/cmake/tutorial_interfaces__rosidl_typesupport_introspection_cppExport.cmake
[3.896s] -- Up-to-date: /home/devuser/AOX/ROS2/src/tutorial_interfaces/install/tutorial_interfaces/share/tutorial_interfaces/cmake/tutorial_interfaces__rosidl_typesupport_introspection_cppExport-noconfig.cmake
[3.896s] -- Up-to-date: /home/devuser/AOX/ROS2/src/tutorial_interfaces/install/tutorial_interfaces/share/tutorial_interfaces/cmake/tutorial_interfaces__rosidl_typesupport_cppExport.cmake
[3.896s] -- Up-to-date: /home/devuser/AOX/ROS2/src/tutorial_interfaces/install/tutorial_interfaces/share/tutorial_interfaces/cmake/tutorial_interfaces__rosidl_typesupport_cppExport-noconfig.cmake
[3.896s] -- Up-to-date: /home/devuser/AOX/ROS2/src/tutorial_interfaces/install/tutorial_interfaces/share/tutorial_interfaces/cmake/export_tutorial_interfaces__rosidl_generator_pyExport.cmake
[3.896s] -- Up-to-date: /home/devuser/AOX/ROS2/src/tutorial_interfaces/install/tutorial_interfaces/share/tutorial_interfaces/cmake/export_tutorial_interfaces__rosidl_generator_pyExport-noconfig.cmake
[3.896s] -- Up-to-date: /home/devuser/AOX/ROS2/src/tutorial_interfaces/install/tutorial_interfaces/share/tutorial_interfaces/cmake/rosidl_cmake-extras.cmake
[3.896s] -- Up-to-date: /home/devuser/AOX/ROS2/src/tutorial_interfaces/install/tutorial_interfaces/share/tutorial_interfaces/cmake/ament_cmake_export_dependencies-extras.cmake
[3.896s] -- Up-to-date: /home/devuser/AOX/ROS2/src/tutorial_interfaces/install/tutorial_interfaces/share/tutorial_interfaces/cmake/ament_cmake_export_include_directories-extras.cmake
[3.896s] -- Up-to-date: /home/devuser/AOX/ROS2/src/tutorial_interfaces/install/tutorial_interfaces/share/tutorial_interfaces/cmake/ament_cmake_export_libraries-extras.cmake
[3.897s] -- Up-to-date: /home/devuser/AOX/ROS2/src/tutorial_interfaces/install/tutorial_interfaces/share/tutorial_interfaces/cmake/ament_cmake_export_targets-extras.cmake
[3.897s] -- Up-to-date: /home/devuser/AOX/ROS2/src/tutorial_interfaces/install/tutorial_interfaces/share/tutorial_interfaces/cmake/rosidl_cmake_export_typesupport_targets-extras.cmake
[3.897s] -- Up-to-date: /home/devuser/AOX/ROS2/src/tutorial_interfaces/install/tutorial_interfaces/share/tutorial_interfaces/cmake/rosidl_cmake_export_typesupport_libraries-extras.cmake
[3.897s] -- Up-to-date: /home/devuser/AOX/ROS2/src/tutorial_interfaces/install/tutorial_interfaces/share/tutorial_interfaces/cmake/tutorial_interfacesConfig.cmake
[3.897s] -- Up-to-date: /home/devuser/AOX/ROS2/src/tutorial_interfaces/install/tutorial_interfaces/share/tutorial_interfaces/cmake/tutorial_interfacesConfig-version.cmake
[3.897s] -- Up-to-date: /home/devuser/AOX/ROS2/src/tutorial_interfaces/install/tutorial_interfaces/share/tutorial_interfaces/package.xml
[3.900s] Invoked command in '/home/devuser/AOX/ROS2/src/tutorial_interfaces/build/tutorial_interfaces' returned '0': CMAKE_PREFIX_PATH=${CMAKE_PREFIX_PATH}:/opt/ros/humble /usr/bin/cmake --install /home/devuser/AOX/ROS2/src/tutorial_interfaces/build/tutorial_interfaces
