[0.016s] Invoking command in '/home/devuser/AOX/ROS2/src/tutorial_interfaces/build/tutorial_interfaces': CMAKE_PREFIX_PATH=${CMAKE_PREFIX_PATH}:/opt/ros/humble /usr/bin/cmake --build /home/devuser/AOX/ROS2/src/tutorial_interfaces/build/tutorial_interfaces -- -j8 -l8
[0.042s] [35m[1mConsolidate compiler generated dependencies of target tutorial_interfaces__rosidl_generator_c[0m
[0.050s] [  2%] Built target tutorial_interfaces__cpp
[0.052s] [ 12%] Built target tutorial_interfaces__rosidl_generator_c
[0.057s] [ 12%] Built target ament_cmake_python_copy_tutorial_interfaces
[0.058s] [35m[1mConsolidate compiler generated dependencies of target tutorial_interfaces__rosidl_typesupport_cpp[0m
[0.060s] [35m[1mConsolidate compiler generated dependencies of target tutorial_interfaces__rosidl_typesupport_fastrtps_cpp[0m
[0.060s] [35m[1mConsolidate compiler generated dependencies of target tutorial_interfaces__rosidl_typesupport_introspection_cpp[0m
[0.060s] [35m[1mConsolidate compiler generated dependencies of target tutorial_interfaces__rosidl_typesupport_c[0m
[0.061s] [35m[1mConsolidate compiler generated dependencies of target tutorial_interfaces__rosidl_typesupport_introspection_c[0m
[0.062s] [35m[1mConsolidate compiler generated dependencies of target tutorial_interfaces__rosidl_typesupport_fastrtps_c[0m
[0.072s] [ 27%] Built target tutorial_interfaces__rosidl_typesupport_c
[0.072s] [ 34%] Built target tutorial_interfaces__rosidl_typesupport_introspection_c
[0.072s] [ 44%] Built target tutorial_interfaces__rosidl_typesupport_cpp
[0.074s] [ 55%] Built target tutorial_interfaces__rosidl_typesupport_introspection_cpp
[0.075s] [ 65%] Built target tutorial_interfaces__rosidl_typesupport_fastrtps_cpp
[0.078s] [ 76%] Built target tutorial_interfaces__rosidl_typesupport_fastrtps_c
[0.092s] [ 76%] Built target tutorial_interfaces
[0.106s] [ 78%] Built target tutorial_interfaces__py
[0.114s] [35m[1mConsolidate compiler generated dependencies of target tutorial_interfaces__rosidl_generator_py[0m
[0.125s] [ 87%] Built target tutorial_interfaces__rosidl_generator_py
[0.134s] [35m[1mConsolidate compiler generated dependencies of target tutorial_interfaces__rosidl_typesupport_c__pyext[0m
[0.134s] [35m[1mConsolidate compiler generated dependencies of target tutorial_interfaces__rosidl_typesupport_introspection_c__pyext[0m
[0.135s] [35m[1mConsolidate compiler generated dependencies of target tutorial_interfaces__rosidl_typesupport_fastrtps_c__pyext[0m
[0.146s] [ 91%] Built target tutorial_interfaces__rosidl_typesupport_fastrtps_c__pyext
[0.146s] [100%] Built target tutorial_interfaces__rosidl_typesupport_c__pyext
[0.146s] [100%] Built target tutorial_interfaces__rosidl_typesupport_introspection_c__pyext
[0.248s] running egg_info
[0.248s] writing tutorial_interfaces.egg-info/PKG-INFO
[0.248s] writing dependency_links to tutorial_interfaces.egg-info/dependency_links.txt
[0.249s] writing top-level names to tutorial_interfaces.egg-info/top_level.txt
[0.250s] reading manifest file 'tutorial_interfaces.egg-info/SOURCES.txt'
[0.251s] writing manifest file 'tutorial_interfaces.egg-info/SOURCES.txt'
[0.269s] [100%] Built target ament_cmake_python_build_tutorial_interfaces_egg
[0.277s] Invoked command in '/home/devuser/AOX/ROS2/src/tutorial_interfaces/build/tutorial_interfaces' returned '0': CMAKE_PREFIX_PATH=${CMAKE_PREFIX_PATH}:/opt/ros/humble /usr/bin/cmake --build /home/devuser/AOX/ROS2/src/tutorial_interfaces/build/tutorial_interfaces -- -j8 -l8
[0.346s] Invoking command in '/home/devuser/AOX/ROS2/src/tutorial_interfaces/build/tutorial_interfaces': CMAKE_PREFIX_PATH=${CMAKE_PREFIX_PATH}:/opt/ros/humble /usr/bin/cmake --install /home/devuser/AOX/ROS2/src/tutorial_interfaces/build/tutorial_interfaces
[0.351s] -- Install configuration: ""
[0.352s] -- Up-to-date: /home/devuser/AOX/ROS2/src/tutorial_interfaces/install/tutorial_interfaces/share/ament_index/resource_index/rosidl_interfaces/tutorial_interfaces
[0.352s] -- Up-to-date: /home/devuser/AOX/ROS2/src/tutorial_interfaces/install/tutorial_interfaces/include/tutorial_interfaces/tutorial_interfaces
[0.352s] -- Up-to-date: /home/devuser/AOX/ROS2/src/tutorial_interfaces/install/tutorial_interfaces/include/tutorial_interfaces/tutorial_interfaces/srv
[0.352s] -- Up-to-date: /home/devuser/AOX/ROS2/src/tutorial_interfaces/install/tutorial_interfaces/include/tutorial_interfaces/tutorial_interfaces/srv/shutdown.h
[0.352s] -- Up-to-date: /home/devuser/AOX/ROS2/src/tutorial_interfaces/install/tutorial_interfaces/include/tutorial_interfaces/tutorial_interfaces/srv/detail
[0.352s] -- Up-to-date: /home/devuser/AOX/ROS2/src/tutorial_interfaces/install/tutorial_interfaces/include/tutorial_interfaces/tutorial_interfaces/srv/detail/add_three_ints__type_support.h
[0.352s] -- Up-to-date: /home/devuser/AOX/ROS2/src/tutorial_interfaces/install/tutorial_interfaces/include/tutorial_interfaces/tutorial_interfaces/srv/detail/add_three_ints__functions.c
[0.352s] -- Up-to-date: /home/devuser/AOX/ROS2/src/tutorial_interfaces/install/tutorial_interfaces/include/tutorial_interfaces/tutorial_interfaces/srv/detail/shutdown__functions.c
[0.352s] -- Up-to-date: /home/devuser/AOX/ROS2/src/tutorial_interfaces/install/tutorial_interfaces/include/tutorial_interfaces/tutorial_interfaces/srv/detail/shutdown__type_support.h
[0.352s] -- Up-to-date: /home/devuser/AOX/ROS2/src/tutorial_interfaces/install/tutorial_interfaces/include/tutorial_interfaces/tutorial_interfaces/srv/detail/add_three_ints__struct.h
[0.352s] -- Up-to-date: /home/devuser/AOX/ROS2/src/tutorial_interfaces/install/tutorial_interfaces/include/tutorial_interfaces/tutorial_interfaces/srv/detail/shutdown__functions.h
[0.353s] -- Up-to-date: /home/devuser/AOX/ROS2/src/tutorial_interfaces/install/tutorial_interfaces/include/tutorial_interfaces/tutorial_interfaces/srv/detail/add_three_ints__functions.h
[0.353s] -- Up-to-date: /home/devuser/AOX/ROS2/src/tutorial_interfaces/install/tutorial_interfaces/include/tutorial_interfaces/tutorial_interfaces/srv/detail/shutdown__struct.h
[0.353s] -- Up-to-date: /home/devuser/AOX/ROS2/src/tutorial_interfaces/install/tutorial_interfaces/include/tutorial_interfaces/tutorial_interfaces/srv/add_three_ints.h
[0.353s] -- Up-to-date: /home/devuser/AOX/ROS2/src/tutorial_interfaces/install/tutorial_interfaces/include/tutorial_interfaces/tutorial_interfaces/msg
[0.353s] -- Up-to-date: /home/devuser/AOX/ROS2/src/tutorial_interfaces/install/tutorial_interfaces/include/tutorial_interfaces/tutorial_interfaces/msg/num.h
[0.353s] -- Up-to-date: /home/devuser/AOX/ROS2/src/tutorial_interfaces/install/tutorial_interfaces/include/tutorial_interfaces/tutorial_interfaces/msg/sphere.h
[0.353s] -- Up-to-date: /home/devuser/AOX/ROS2/src/tutorial_interfaces/install/tutorial_interfaces/include/tutorial_interfaces/tutorial_interfaces/msg/rosidl_generator_c__visibility_control.h
[0.353s] -- Up-to-date: /home/devuser/AOX/ROS2/src/tutorial_interfaces/install/tutorial_interfaces/include/tutorial_interfaces/tutorial_interfaces/msg/detail
[0.353s] -- Up-to-date: /home/devuser/AOX/ROS2/src/tutorial_interfaces/install/tutorial_interfaces/include/tutorial_interfaces/tutorial_interfaces/msg/detail/num__type_support.h
[0.353s] -- Up-to-date: /home/devuser/AOX/ROS2/src/tutorial_interfaces/install/tutorial_interfaces/include/tutorial_interfaces/tutorial_interfaces/msg/detail/sphere__functions.h
[0.353s] -- Up-to-date: /home/devuser/AOX/ROS2/src/tutorial_interfaces/install/tutorial_interfaces/include/tutorial_interfaces/tutorial_interfaces/msg/detail/num__struct.h
[0.353s] -- Up-to-date: /home/devuser/AOX/ROS2/src/tutorial_interfaces/install/tutorial_interfaces/include/tutorial_interfaces/tutorial_interfaces/msg/detail/sphere__type_support.h
[0.354s] -- Up-to-date: /home/devuser/AOX/ROS2/src/tutorial_interfaces/install/tutorial_interfaces/include/tutorial_interfaces/tutorial_interfaces/msg/detail/sphere__functions.c
[0.354s] -- Up-to-date: /home/devuser/AOX/ROS2/src/tutorial_interfaces/install/tutorial_interfaces/include/tutorial_interfaces/tutorial_interfaces/msg/detail/num__functions.h
[0.354s] -- Up-to-date: /home/devuser/AOX/ROS2/src/tutorial_interfaces/install/tutorial_interfaces/include/tutorial_interfaces/tutorial_interfaces/msg/detail/sphere__struct.h
[0.354s] -- Up-to-date: /home/devuser/AOX/ROS2/src/tutorial_interfaces/install/tutorial_interfaces/include/tutorial_interfaces/tutorial_interfaces/msg/detail/num__functions.c
[0.354s] -- Up-to-date: /home/devuser/AOX/ROS2/src/tutorial_interfaces/install/tutorial_interfaces/share/tutorial_interfaces/environment/library_path.sh
[0.354s] -- Up-to-date: /home/devuser/AOX/ROS2/src/tutorial_interfaces/install/tutorial_interfaces/share/tutorial_interfaces/environment/library_path.dsv
[0.354s] -- Up-to-date: /home/devuser/AOX/ROS2/src/tutorial_interfaces/install/tutorial_interfaces/lib/libtutorial_interfaces__rosidl_generator_c.so
[0.354s] -- Up-to-date: /home/devuser/AOX/ROS2/src/tutorial_interfaces/install/tutorial_interfaces/include/tutorial_interfaces/tutorial_interfaces
[0.354s] -- Up-to-date: /home/devuser/AOX/ROS2/src/tutorial_interfaces/install/tutorial_interfaces/include/tutorial_interfaces/tutorial_interfaces/srv
[0.354s] -- Up-to-date: /home/devuser/AOX/ROS2/src/tutorial_interfaces/install/tutorial_interfaces/include/tutorial_interfaces/tutorial_interfaces/srv/detail
[0.354s] -- Up-to-date: /home/devuser/AOX/ROS2/src/tutorial_interfaces/install/tutorial_interfaces/include/tutorial_interfaces/tutorial_interfaces/srv/detail/add_three_ints__rosidl_typesupport_fastrtps_c.h
[0.355s] -- Up-to-date: /home/devuser/AOX/ROS2/src/tutorial_interfaces/install/tutorial_interfaces/include/tutorial_interfaces/tutorial_interfaces/srv/detail/shutdown__rosidl_typesupport_fastrtps_c.h
[0.355s] -- Up-to-date: /home/devuser/AOX/ROS2/src/tutorial_interfaces/install/tutorial_interfaces/include/tutorial_interfaces/tutorial_interfaces/msg
[0.355s] -- Up-to-date: /home/devuser/AOX/ROS2/src/tutorial_interfaces/install/tutorial_interfaces/include/tutorial_interfaces/tutorial_interfaces/msg/detail
[0.355s] -- Up-to-date: /home/devuser/AOX/ROS2/src/tutorial_interfaces/install/tutorial_interfaces/include/tutorial_interfaces/tutorial_interfaces/msg/detail/num__rosidl_typesupport_fastrtps_c.h
[0.355s] -- Up-to-date: /home/devuser/AOX/ROS2/src/tutorial_interfaces/install/tutorial_interfaces/include/tutorial_interfaces/tutorial_interfaces/msg/detail/sphere__rosidl_typesupport_fastrtps_c.h
[0.355s] -- Up-to-date: /home/devuser/AOX/ROS2/src/tutorial_interfaces/install/tutorial_interfaces/include/tutorial_interfaces/tutorial_interfaces/msg/rosidl_typesupport_fastrtps_c__visibility_control.h
[0.355s] -- Up-to-date: /home/devuser/AOX/ROS2/src/tutorial_interfaces/install/tutorial_interfaces/lib/libtutorial_interfaces__rosidl_typesupport_fastrtps_c.so
[0.355s] -- Up-to-date: /home/devuser/AOX/ROS2/src/tutorial_interfaces/install/tutorial_interfaces/include/tutorial_interfaces/tutorial_interfaces
[0.356s] -- Up-to-date: /home/devuser/AOX/ROS2/src/tutorial_interfaces/install/tutorial_interfaces/include/tutorial_interfaces/tutorial_interfaces/srv
[0.356s] -- Up-to-date: /home/devuser/AOX/ROS2/src/tutorial_interfaces/install/tutorial_interfaces/include/tutorial_interfaces/tutorial_interfaces/srv/add_three_ints.hpp
[0.356s] -- Up-to-date: /home/devuser/AOX/ROS2/src/tutorial_interfaces/install/tutorial_interfaces/include/tutorial_interfaces/tutorial_interfaces/srv/detail
[0.356s] -- Up-to-date: /home/devuser/AOX/ROS2/src/tutorial_interfaces/install/tutorial_interfaces/include/tutorial_interfaces/tutorial_interfaces/srv/detail/add_three_ints__traits.hpp
[0.356s] -- Up-to-date: /home/devuser/AOX/ROS2/src/tutorial_interfaces/install/tutorial_interfaces/include/tutorial_interfaces/tutorial_interfaces/srv/detail/shutdown__builder.hpp
[0.356s] -- Up-to-date: /home/devuser/AOX/ROS2/src/tutorial_interfaces/install/tutorial_interfaces/include/tutorial_interfaces/tutorial_interfaces/srv/detail/shutdown__traits.hpp
[0.356s] -- Up-to-date: /home/devuser/AOX/ROS2/src/tutorial_interfaces/install/tutorial_interfaces/include/tutorial_interfaces/tutorial_interfaces/srv/detail/shutdown__struct.hpp
[0.356s] -- Up-to-date: /home/devuser/AOX/ROS2/src/tutorial_interfaces/install/tutorial_interfaces/include/tutorial_interfaces/tutorial_interfaces/srv/detail/add_three_ints__struct.hpp
[0.356s] -- Up-to-date: /home/devuser/AOX/ROS2/src/tutorial_interfaces/install/tutorial_interfaces/include/tutorial_interfaces/tutorial_interfaces/srv/detail/add_three_ints__builder.hpp
[0.356s] -- Up-to-date: /home/devuser/AOX/ROS2/src/tutorial_interfaces/install/tutorial_interfaces/include/tutorial_interfaces/tutorial_interfaces/srv/shutdown.hpp
[0.356s] -- Up-to-date: /home/devuser/AOX/ROS2/src/tutorial_interfaces/install/tutorial_interfaces/include/tutorial_interfaces/tutorial_interfaces/msg
[0.356s] -- Up-to-date: /home/devuser/AOX/ROS2/src/tutorial_interfaces/install/tutorial_interfaces/include/tutorial_interfaces/tutorial_interfaces/msg/num.hpp
[0.356s] -- Up-to-date: /home/devuser/AOX/ROS2/src/tutorial_interfaces/install/tutorial_interfaces/include/tutorial_interfaces/tutorial_interfaces/msg/sphere.hpp
[0.356s] -- Up-to-date: /home/devuser/AOX/ROS2/src/tutorial_interfaces/install/tutorial_interfaces/include/tutorial_interfaces/tutorial_interfaces/msg/detail
[0.357s] -- Up-to-date: /home/devuser/AOX/ROS2/src/tutorial_interfaces/install/tutorial_interfaces/include/tutorial_interfaces/tutorial_interfaces/msg/detail/sphere__struct.hpp
[0.357s] -- Up-to-date: /home/devuser/AOX/ROS2/src/tutorial_interfaces/install/tutorial_interfaces/include/tutorial_interfaces/tutorial_interfaces/msg/detail/num__struct.hpp
[0.357s] -- Up-to-date: /home/devuser/AOX/ROS2/src/tutorial_interfaces/install/tutorial_interfaces/include/tutorial_interfaces/tutorial_interfaces/msg/detail/num__traits.hpp
[0.357s] -- Up-to-date: /home/devuser/AOX/ROS2/src/tutorial_interfaces/install/tutorial_interfaces/include/tutorial_interfaces/tutorial_interfaces/msg/detail/sphere__builder.hpp
[0.357s] -- Up-to-date: /home/devuser/AOX/ROS2/src/tutorial_interfaces/install/tutorial_interfaces/include/tutorial_interfaces/tutorial_interfaces/msg/detail/sphere__traits.hpp
[0.357s] -- Up-to-date: /home/devuser/AOX/ROS2/src/tutorial_interfaces/install/tutorial_interfaces/include/tutorial_interfaces/tutorial_interfaces/msg/detail/num__builder.hpp
[0.357s] -- Up-to-date: /home/devuser/AOX/ROS2/src/tutorial_interfaces/install/tutorial_interfaces/include/tutorial_interfaces/tutorial_interfaces
[0.357s] -- Up-to-date: /home/devuser/AOX/ROS2/src/tutorial_interfaces/install/tutorial_interfaces/include/tutorial_interfaces/tutorial_interfaces/srv
[0.357s] -- Up-to-date: /home/devuser/AOX/ROS2/src/tutorial_interfaces/install/tutorial_interfaces/include/tutorial_interfaces/tutorial_interfaces/srv/detail
[0.357s] -- Up-to-date: /home/devuser/AOX/ROS2/src/tutorial_interfaces/install/tutorial_interfaces/include/tutorial_interfaces/tutorial_interfaces/srv/detail/add_three_ints__rosidl_typesupport_fastrtps_cpp.hpp
[0.357s] -- Up-to-date: /home/devuser/AOX/ROS2/src/tutorial_interfaces/install/tutorial_interfaces/include/tutorial_interfaces/tutorial_interfaces/srv/detail/shutdown__rosidl_typesupport_fastrtps_cpp.hpp
[0.357s] -- Up-to-date: /home/devuser/AOX/ROS2/src/tutorial_interfaces/install/tutorial_interfaces/include/tutorial_interfaces/tutorial_interfaces/srv/detail/dds_fastrtps
[0.357s] -- Up-to-date: /home/devuser/AOX/ROS2/src/tutorial_interfaces/install/tutorial_interfaces/include/tutorial_interfaces/tutorial_interfaces/msg
[0.357s] -- Up-to-date: /home/devuser/AOX/ROS2/src/tutorial_interfaces/install/tutorial_interfaces/include/tutorial_interfaces/tutorial_interfaces/msg/rosidl_typesupport_fastrtps_cpp__visibility_control.h
[0.357s] -- Up-to-date: /home/devuser/AOX/ROS2/src/tutorial_interfaces/install/tutorial_interfaces/include/tutorial_interfaces/tutorial_interfaces/msg/detail
[0.357s] -- Up-to-date: /home/devuser/AOX/ROS2/src/tutorial_interfaces/install/tutorial_interfaces/include/tutorial_interfaces/tutorial_interfaces/msg/detail/num__rosidl_typesupport_fastrtps_cpp.hpp
[0.357s] -- Up-to-date: /home/devuser/AOX/ROS2/src/tutorial_interfaces/install/tutorial_interfaces/include/tutorial_interfaces/tutorial_interfaces/msg/detail/sphere__rosidl_typesupport_fastrtps_cpp.hpp
[0.357s] -- Up-to-date: /home/devuser/AOX/ROS2/src/tutorial_interfaces/install/tutorial_interfaces/include/tutorial_interfaces/tutorial_interfaces/msg/detail/dds_fastrtps
[0.357s] -- Up-to-date: /home/devuser/AOX/ROS2/src/tutorial_interfaces/install/tutorial_interfaces/lib/libtutorial_interfaces__rosidl_typesupport_fastrtps_cpp.so
[0.358s] -- Up-to-date: /home/devuser/AOX/ROS2/src/tutorial_interfaces/install/tutorial_interfaces/include/tutorial_interfaces/tutorial_interfaces
[0.358s] -- Up-to-date: /home/devuser/AOX/ROS2/src/tutorial_interfaces/install/tutorial_interfaces/include/tutorial_interfaces/tutorial_interfaces/srv
[0.358s] -- Up-to-date: /home/devuser/AOX/ROS2/src/tutorial_interfaces/install/tutorial_interfaces/include/tutorial_interfaces/tutorial_interfaces/srv/detail
[0.358s] -- Up-to-date: /home/devuser/AOX/ROS2/src/tutorial_interfaces/install/tutorial_interfaces/include/tutorial_interfaces/tutorial_interfaces/srv/detail/shutdown__rosidl_typesupport_introspection_c.h
[0.358s] -- Up-to-date: /home/devuser/AOX/ROS2/src/tutorial_interfaces/install/tutorial_interfaces/include/tutorial_interfaces/tutorial_interfaces/srv/detail/shutdown__type_support.c
[0.358s] -- Up-to-date: /home/devuser/AOX/ROS2/src/tutorial_interfaces/install/tutorial_interfaces/include/tutorial_interfaces/tutorial_interfaces/srv/detail/add_three_ints__type_support.c
[0.358s] -- Up-to-date: /home/devuser/AOX/ROS2/src/tutorial_interfaces/install/tutorial_interfaces/include/tutorial_interfaces/tutorial_interfaces/srv/detail/add_three_ints__rosidl_typesupport_introspection_c.h
[0.358s] -- Up-to-date: /home/devuser/AOX/ROS2/src/tutorial_interfaces/install/tutorial_interfaces/include/tutorial_interfaces/tutorial_interfaces/msg
[0.358s] -- Up-to-date: /home/devuser/AOX/ROS2/src/tutorial_interfaces/install/tutorial_interfaces/include/tutorial_interfaces/tutorial_interfaces/msg/rosidl_typesupport_introspection_c__visibility_control.h
[0.358s] -- Up-to-date: /home/devuser/AOX/ROS2/src/tutorial_interfaces/install/tutorial_interfaces/include/tutorial_interfaces/tutorial_interfaces/msg/detail
[0.358s] -- Up-to-date: /home/devuser/AOX/ROS2/src/tutorial_interfaces/install/tutorial_interfaces/include/tutorial_interfaces/tutorial_interfaces/msg/detail/num__type_support.c
[0.358s] -- Up-to-date: /home/devuser/AOX/ROS2/src/tutorial_interfaces/install/tutorial_interfaces/include/tutorial_interfaces/tutorial_interfaces/msg/detail/num__rosidl_typesupport_introspection_c.h
[0.358s] -- Up-to-date: /home/devuser/AOX/ROS2/src/tutorial_interfaces/install/tutorial_interfaces/include/tutorial_interfaces/tutorial_interfaces/msg/detail/sphere__rosidl_typesupport_introspection_c.h
[0.358s] -- Up-to-date: /home/devuser/AOX/ROS2/src/tutorial_interfaces/install/tutorial_interfaces/include/tutorial_interfaces/tutorial_interfaces/msg/detail/sphere__type_support.c
[0.358s] -- Up-to-date: /home/devuser/AOX/ROS2/src/tutorial_interfaces/install/tutorial_interfaces/lib/libtutorial_interfaces__rosidl_typesupport_introspection_c.so
[0.358s] -- Up-to-date: /home/devuser/AOX/ROS2/src/tutorial_interfaces/install/tutorial_interfaces/lib/libtutorial_interfaces__rosidl_typesupport_c.so
[0.358s] -- Up-to-date: /home/devuser/AOX/ROS2/src/tutorial_interfaces/install/tutorial_interfaces/include/tutorial_interfaces/tutorial_interfaces
[0.358s] -- Up-to-date: /home/devuser/AOX/ROS2/src/tutorial_interfaces/install/tutorial_interfaces/include/tutorial_interfaces/tutorial_interfaces/srv
[0.359s] -- Up-to-date: /home/devuser/AOX/ROS2/src/tutorial_interfaces/install/tutorial_interfaces/include/tutorial_interfaces/tutorial_interfaces/srv/detail
[0.359s] -- Up-to-date: /home/devuser/AOX/ROS2/src/tutorial_interfaces/install/tutorial_interfaces/include/tutorial_interfaces/tutorial_interfaces/srv/detail/add_three_ints__rosidl_typesupport_introspection_cpp.hpp
[0.359s] -- Up-to-date: /home/devuser/AOX/ROS2/src/tutorial_interfaces/install/tutorial_interfaces/include/tutorial_interfaces/tutorial_interfaces/srv/detail/shutdown__type_support.cpp
[0.359s] -- Up-to-date: /home/devuser/AOX/ROS2/src/tutorial_interfaces/install/tutorial_interfaces/include/tutorial_interfaces/tutorial_interfaces/srv/detail/add_three_ints__type_support.cpp
[0.359s] -- Up-to-date: /home/devuser/AOX/ROS2/src/tutorial_interfaces/install/tutorial_interfaces/include/tutorial_interfaces/tutorial_interfaces/srv/detail/shutdown__rosidl_typesupport_introspection_cpp.hpp
[0.359s] -- Up-to-date: /home/devuser/AOX/ROS2/src/tutorial_interfaces/install/tutorial_interfaces/include/tutorial_interfaces/tutorial_interfaces/msg
[0.359s] -- Up-to-date: /home/devuser/AOX/ROS2/src/tutorial_interfaces/install/tutorial_interfaces/include/tutorial_interfaces/tutorial_interfaces/msg/detail
[0.359s] -- Up-to-date: /home/devuser/AOX/ROS2/src/tutorial_interfaces/install/tutorial_interfaces/include/tutorial_interfaces/tutorial_interfaces/msg/detail/num__rosidl_typesupport_introspection_cpp.hpp
[0.359s] -- Up-to-date: /home/devuser/AOX/ROS2/src/tutorial_interfaces/install/tutorial_interfaces/include/tutorial_interfaces/tutorial_interfaces/msg/detail/sphere__type_support.cpp
[0.359s] -- Up-to-date: /home/devuser/AOX/ROS2/src/tutorial_interfaces/install/tutorial_interfaces/include/tutorial_interfaces/tutorial_interfaces/msg/detail/sphere__rosidl_typesupport_introspection_cpp.hpp
[0.359s] -- Up-to-date: /home/devuser/AOX/ROS2/src/tutorial_interfaces/install/tutorial_interfaces/include/tutorial_interfaces/tutorial_interfaces/msg/detail/num__type_support.cpp
[0.359s] -- Up-to-date: /home/devuser/AOX/ROS2/src/tutorial_interfaces/install/tutorial_interfaces/lib/libtutorial_interfaces__rosidl_typesupport_introspection_cpp.so
[0.359s] -- Up-to-date: /home/devuser/AOX/ROS2/src/tutorial_interfaces/install/tutorial_interfaces/lib/libtutorial_interfaces__rosidl_typesupport_cpp.so
[0.359s] -- Up-to-date: /home/devuser/AOX/ROS2/src/tutorial_interfaces/install/tutorial_interfaces/share/tutorial_interfaces/environment/pythonpath.sh
[0.360s] -- Up-to-date: /home/devuser/AOX/ROS2/src/tutorial_interfaces/install/tutorial_interfaces/share/tutorial_interfaces/environment/pythonpath.dsv
[0.360s] -- Up-to-date: /home/devuser/AOX/ROS2/src/tutorial_interfaces/install/tutorial_interfaces/local/lib/python3.10/dist-packages/tutorial_interfaces-0.0.0-py3.10.egg-info
[0.360s] -- Installing: /home/devuser/AOX/ROS2/src/tutorial_interfaces/install/tutorial_interfaces/local/lib/python3.10/dist-packages/tutorial_interfaces-0.0.0-py3.10.egg-info/top_level.txt
[0.360s] -- Installing: /home/devuser/AOX/ROS2/src/tutorial_interfaces/install/tutorial_interfaces/local/lib/python3.10/dist-packages/tutorial_interfaces-0.0.0-py3.10.egg-info/SOURCES.txt
[0.360s] -- Installing: /home/devuser/AOX/ROS2/src/tutorial_interfaces/install/tutorial_interfaces/local/lib/python3.10/dist-packages/tutorial_interfaces-0.0.0-py3.10.egg-info/dependency_links.txt
[0.360s] -- Installing: /home/devuser/AOX/ROS2/src/tutorial_interfaces/install/tutorial_interfaces/local/lib/python3.10/dist-packages/tutorial_interfaces-0.0.0-py3.10.egg-info/PKG-INFO
[0.360s] -- Up-to-date: /home/devuser/AOX/ROS2/src/tutorial_interfaces/install/tutorial_interfaces/local/lib/python3.10/dist-packages/tutorial_interfaces
[0.360s] -- Up-to-date: /home/devuser/AOX/ROS2/src/tutorial_interfaces/install/tutorial_interfaces/local/lib/python3.10/dist-packages/tutorial_interfaces/_tutorial_interfaces_s.ep.rosidl_typesupport_fastrtps_c.c
[0.360s] -- Up-to-date: /home/devuser/AOX/ROS2/src/tutorial_interfaces/install/tutorial_interfaces/local/lib/python3.10/dist-packages/tutorial_interfaces/srv
[0.360s] -- Up-to-date: /home/devuser/AOX/ROS2/src/tutorial_interfaces/install/tutorial_interfaces/local/lib/python3.10/dist-packages/tutorial_interfaces/srv/_add_three_ints.py
[0.360s] -- Up-to-date: /home/devuser/AOX/ROS2/src/tutorial_interfaces/install/tutorial_interfaces/local/lib/python3.10/dist-packages/tutorial_interfaces/srv/_shutdown_s.c
[0.360s] -- Up-to-date: /home/devuser/AOX/ROS2/src/tutorial_interfaces/install/tutorial_interfaces/local/lib/python3.10/dist-packages/tutorial_interfaces/srv/_add_three_ints_s.c
[0.360s] -- Up-to-date: /home/devuser/AOX/ROS2/src/tutorial_interfaces/install/tutorial_interfaces/local/lib/python3.10/dist-packages/tutorial_interfaces/srv/__init__.py
[0.360s] -- Up-to-date: /home/devuser/AOX/ROS2/src/tutorial_interfaces/install/tutorial_interfaces/local/lib/python3.10/dist-packages/tutorial_interfaces/srv/_shutdown.py
[0.360s] -- Up-to-date: /home/devuser/AOX/ROS2/src/tutorial_interfaces/install/tutorial_interfaces/local/lib/python3.10/dist-packages/tutorial_interfaces/tutorial_interfaces_s__rosidl_typesupport_introspection_c.cpython-310-x86_64-linux-gnu.so
[0.360s] -- Up-to-date: /home/devuser/AOX/ROS2/src/tutorial_interfaces/install/tutorial_interfaces/local/lib/python3.10/dist-packages/tutorial_interfaces/libtutorial_interfaces__rosidl_generator_py.so
[0.360s] -- Up-to-date: /home/devuser/AOX/ROS2/src/tutorial_interfaces/install/tutorial_interfaces/local/lib/python3.10/dist-packages/tutorial_interfaces/tutorial_interfaces_s__rosidl_typesupport_c.cpython-310-x86_64-linux-gnu.so
[0.360s] -- Up-to-date: /home/devuser/AOX/ROS2/src/tutorial_interfaces/install/tutorial_interfaces/local/lib/python3.10/dist-packages/tutorial_interfaces/_tutorial_interfaces_s.ep.rosidl_typesupport_introspection_c.c
[0.360s] -- Up-to-date: /home/devuser/AOX/ROS2/src/tutorial_interfaces/install/tutorial_interfaces/local/lib/python3.10/dist-packages/tutorial_interfaces/__init__.py
[0.360s] -- Up-to-date: /home/devuser/AOX/ROS2/src/tutorial_interfaces/install/tutorial_interfaces/local/lib/python3.10/dist-packages/tutorial_interfaces/tutorial_interfaces_s__rosidl_typesupport_fastrtps_c.cpython-310-x86_64-linux-gnu.so
[0.360s] -- Up-to-date: /home/devuser/AOX/ROS2/src/tutorial_interfaces/install/tutorial_interfaces/local/lib/python3.10/dist-packages/tutorial_interfaces/msg
[0.360s] -- Up-to-date: /home/devuser/AOX/ROS2/src/tutorial_interfaces/install/tutorial_interfaces/local/lib/python3.10/dist-packages/tutorial_interfaces/msg/_sphere_s.c
[0.361s] -- Up-to-date: /home/devuser/AOX/ROS2/src/tutorial_interfaces/install/tutorial_interfaces/local/lib/python3.10/dist-packages/tutorial_interfaces/msg/_num_s.c
[0.361s] -- Up-to-date: /home/devuser/AOX/ROS2/src/tutorial_interfaces/install/tutorial_interfaces/local/lib/python3.10/dist-packages/tutorial_interfaces/msg/_sphere.py
[0.361s] -- Up-to-date: /home/devuser/AOX/ROS2/src/tutorial_interfaces/install/tutorial_interfaces/local/lib/python3.10/dist-packages/tutorial_interfaces/msg/_num.py
[0.361s] -- Up-to-date: /home/devuser/AOX/ROS2/src/tutorial_interfaces/install/tutorial_interfaces/local/lib/python3.10/dist-packages/tutorial_interfaces/msg/__init__.py
[0.361s] -- Up-to-date: /home/devuser/AOX/ROS2/src/tutorial_interfaces/install/tutorial_interfaces/local/lib/python3.10/dist-packages/tutorial_interfaces/_tutorial_interfaces_s.ep.rosidl_typesupport_c.c
[0.388s] Listing '/home/devuser/AOX/ROS2/src/tutorial_interfaces/install/tutorial_interfaces/local/lib/python3.10/dist-packages/tutorial_interfaces'...
[0.388s] Listing '/home/devuser/AOX/ROS2/src/tutorial_interfaces/install/tutorial_interfaces/local/lib/python3.10/dist-packages/tutorial_interfaces/msg'...
[0.388s] Listing '/home/devuser/AOX/ROS2/src/tutorial_interfaces/install/tutorial_interfaces/local/lib/python3.10/dist-packages/tutorial_interfaces/srv'...
[0.393s] -- Up-to-date: /home/devuser/AOX/ROS2/src/tutorial_interfaces/install/tutorial_interfaces/local/lib/python3.10/dist-packages/tutorial_interfaces/tutorial_interfaces_s__rosidl_typesupport_fastrtps_c.cpython-310-x86_64-linux-gnu.so
[0.393s] -- Up-to-date: /home/devuser/AOX/ROS2/src/tutorial_interfaces/install/tutorial_interfaces/local/lib/python3.10/dist-packages/tutorial_interfaces/tutorial_interfaces_s__rosidl_typesupport_introspection_c.cpython-310-x86_64-linux-gnu.so
[0.393s] -- Up-to-date: /home/devuser/AOX/ROS2/src/tutorial_interfaces/install/tutorial_interfaces/local/lib/python3.10/dist-packages/tutorial_interfaces/tutorial_interfaces_s__rosidl_typesupport_c.cpython-310-x86_64-linux-gnu.so
[0.393s] -- Up-to-date: /home/devuser/AOX/ROS2/src/tutorial_interfaces/install/tutorial_interfaces/lib/libtutorial_interfaces__rosidl_generator_py.so
[0.394s] -- Up-to-date: /home/devuser/AOX/ROS2/src/tutorial_interfaces/install/tutorial_interfaces/share/tutorial_interfaces/msg/Num.idl
[0.394s] -- Up-to-date: /home/devuser/AOX/ROS2/src/tutorial_interfaces/install/tutorial_interfaces/share/tutorial_interfaces/msg/Sphere.idl
[0.394s] -- Up-to-date: /home/devuser/AOX/ROS2/src/tutorial_interfaces/install/tutorial_interfaces/share/tutorial_interfaces/srv/Shutdown.idl
[0.394s] -- Up-to-date: /home/devuser/AOX/ROS2/src/tutorial_interfaces/install/tutorial_interfaces/share/tutorial_interfaces/msg/Num.msg
[0.394s] -- Up-to-date: /home/devuser/AOX/ROS2/src/tutorial_interfaces/install/tutorial_interfaces/share/tutorial_interfaces/msg/Sphere.msg
[0.394s] -- Up-to-date: /home/devuser/AOX/ROS2/src/tutorial_interfaces/install/tutorial_interfaces/share/tutorial_interfaces/srv/Shutdown.srv
[0.394s] -- Up-to-date: /home/devuser/AOX/ROS2/src/tutorial_interfaces/install/tutorial_interfaces/share/tutorial_interfaces/srv/Shutdown_Request.msg
[0.394s] -- Up-to-date: /home/devuser/AOX/ROS2/src/tutorial_interfaces/install/tutorial_interfaces/share/tutorial_interfaces/srv/Shutdown_Response.msg
[0.394s] -- Up-to-date: /home/devuser/AOX/ROS2/src/tutorial_interfaces/install/tutorial_interfaces/share/ament_index/resource_index/package_run_dependencies/tutorial_interfaces
[0.394s] -- Up-to-date: /home/devuser/AOX/ROS2/src/tutorial_interfaces/install/tutorial_interfaces/share/ament_index/resource_index/parent_prefix_path/tutorial_interfaces
[0.394s] -- Up-to-date: /home/devuser/AOX/ROS2/src/tutorial_interfaces/install/tutorial_interfaces/share/tutorial_interfaces/environment/ament_prefix_path.sh
[0.395s] -- Up-to-date: /home/devuser/AOX/ROS2/src/tutorial_interfaces/install/tutorial_interfaces/share/tutorial_interfaces/environment/ament_prefix_path.dsv
[0.395s] -- Up-to-date: /home/devuser/AOX/ROS2/src/tutorial_interfaces/install/tutorial_interfaces/share/tutorial_interfaces/environment/path.sh
[0.395s] -- Up-to-date: /home/devuser/AOX/ROS2/src/tutorial_interfaces/install/tutorial_interfaces/share/tutorial_interfaces/environment/path.dsv
[0.395s] -- Up-to-date: /home/devuser/AOX/ROS2/src/tutorial_interfaces/install/tutorial_interfaces/share/tutorial_interfaces/local_setup.bash
[0.395s] -- Up-to-date: /home/devuser/AOX/ROS2/src/tutorial_interfaces/install/tutorial_interfaces/share/tutorial_interfaces/local_setup.sh
[0.395s] -- Up-to-date: /home/devuser/AOX/ROS2/src/tutorial_interfaces/install/tutorial_interfaces/share/tutorial_interfaces/local_setup.zsh
[0.395s] -- Up-to-date: /home/devuser/AOX/ROS2/src/tutorial_interfaces/install/tutorial_interfaces/share/tutorial_interfaces/local_setup.dsv
[0.395s] -- Installing: /home/devuser/AOX/ROS2/src/tutorial_interfaces/install/tutorial_interfaces/share/tutorial_interfaces/package.dsv
[0.395s] -- Up-to-date: /home/devuser/AOX/ROS2/src/tutorial_interfaces/install/tutorial_interfaces/share/ament_index/resource_index/packages/tutorial_interfaces
[0.395s] -- Up-to-date: /home/devuser/AOX/ROS2/src/tutorial_interfaces/install/tutorial_interfaces/share/tutorial_interfaces/cmake/export_tutorial_interfaces__rosidl_generator_cExport.cmake
[0.395s] -- Up-to-date: /home/devuser/AOX/ROS2/src/tutorial_interfaces/install/tutorial_interfaces/share/tutorial_interfaces/cmake/export_tutorial_interfaces__rosidl_generator_cExport-noconfig.cmake
[0.395s] -- Up-to-date: /home/devuser/AOX/ROS2/src/tutorial_interfaces/install/tutorial_interfaces/share/tutorial_interfaces/cmake/export_tutorial_interfaces__rosidl_typesupport_fastrtps_cExport.cmake
[0.395s] -- Up-to-date: /home/devuser/AOX/ROS2/src/tutorial_interfaces/install/tutorial_interfaces/share/tutorial_interfaces/cmake/export_tutorial_interfaces__rosidl_typesupport_fastrtps_cExport-noconfig.cmake
[0.396s] -- Up-to-date: /home/devuser/AOX/ROS2/src/tutorial_interfaces/install/tutorial_interfaces/share/tutorial_interfaces/cmake/export_tutorial_interfaces__rosidl_generator_cppExport.cmake
[0.396s] -- Up-to-date: /home/devuser/AOX/ROS2/src/tutorial_interfaces/install/tutorial_interfaces/share/tutorial_interfaces/cmake/export_tutorial_interfaces__rosidl_typesupport_fastrtps_cppExport.cmake
[0.396s] -- Up-to-date: /home/devuser/AOX/ROS2/src/tutorial_interfaces/install/tutorial_interfaces/share/tutorial_interfaces/cmake/export_tutorial_interfaces__rosidl_typesupport_fastrtps_cppExport-noconfig.cmake
[0.396s] -- Up-to-date: /home/devuser/AOX/ROS2/src/tutorial_interfaces/install/tutorial_interfaces/share/tutorial_interfaces/cmake/tutorial_interfaces__rosidl_typesupport_introspection_cExport.cmake
[0.396s] -- Up-to-date: /home/devuser/AOX/ROS2/src/tutorial_interfaces/install/tutorial_interfaces/share/tutorial_interfaces/cmake/tutorial_interfaces__rosidl_typesupport_introspection_cExport-noconfig.cmake
[0.396s] -- Up-to-date: /home/devuser/AOX/ROS2/src/tutorial_interfaces/install/tutorial_interfaces/share/tutorial_interfaces/cmake/tutorial_interfaces__rosidl_typesupport_cExport.cmake
[0.396s] -- Up-to-date: /home/devuser/AOX/ROS2/src/tutorial_interfaces/install/tutorial_interfaces/share/tutorial_interfaces/cmake/tutorial_interfaces__rosidl_typesupport_cExport-noconfig.cmake
[0.396s] -- Up-to-date: /home/devuser/AOX/ROS2/src/tutorial_interfaces/install/tutorial_interfaces/share/tutorial_interfaces/cmake/tutorial_interfaces__rosidl_typesupport_introspection_cppExport.cmake
[0.396s] -- Up-to-date: /home/devuser/AOX/ROS2/src/tutorial_interfaces/install/tutorial_interfaces/share/tutorial_interfaces/cmake/tutorial_interfaces__rosidl_typesupport_introspection_cppExport-noconfig.cmake
[0.396s] -- Up-to-date: /home/devuser/AOX/ROS2/src/tutorial_interfaces/install/tutorial_interfaces/share/tutorial_interfaces/cmake/tutorial_interfaces__rosidl_typesupport_cppExport.cmake
[0.396s] -- Up-to-date: /home/devuser/AOX/ROS2/src/tutorial_interfaces/install/tutorial_interfaces/share/tutorial_interfaces/cmake/tutorial_interfaces__rosidl_typesupport_cppExport-noconfig.cmake
[0.396s] -- Up-to-date: /home/devuser/AOX/ROS2/src/tutorial_interfaces/install/tutorial_interfaces/share/tutorial_interfaces/cmake/export_tutorial_interfaces__rosidl_generator_pyExport.cmake
[0.396s] -- Up-to-date: /home/devuser/AOX/ROS2/src/tutorial_interfaces/install/tutorial_interfaces/share/tutorial_interfaces/cmake/export_tutorial_interfaces__rosidl_generator_pyExport-noconfig.cmake
[0.396s] -- Up-to-date: /home/devuser/AOX/ROS2/src/tutorial_interfaces/install/tutorial_interfaces/share/tutorial_interfaces/cmake/rosidl_cmake-extras.cmake
[0.397s] -- Up-to-date: /home/devuser/AOX/ROS2/src/tutorial_interfaces/install/tutorial_interfaces/share/tutorial_interfaces/cmake/ament_cmake_export_dependencies-extras.cmake
[0.397s] -- Up-to-date: /home/devuser/AOX/ROS2/src/tutorial_interfaces/install/tutorial_interfaces/share/tutorial_interfaces/cmake/ament_cmake_export_include_directories-extras.cmake
[0.397s] -- Up-to-date: /home/devuser/AOX/ROS2/src/tutorial_interfaces/install/tutorial_interfaces/share/tutorial_interfaces/cmake/ament_cmake_export_libraries-extras.cmake
[0.397s] -- Up-to-date: /home/devuser/AOX/ROS2/src/tutorial_interfaces/install/tutorial_interfaces/share/tutorial_interfaces/cmake/ament_cmake_export_targets-extras.cmake
[0.397s] -- Up-to-date: /home/devuser/AOX/ROS2/src/tutorial_interfaces/install/tutorial_interfaces/share/tutorial_interfaces/cmake/rosidl_cmake_export_typesupport_targets-extras.cmake
[0.397s] -- Up-to-date: /home/devuser/AOX/ROS2/src/tutorial_interfaces/install/tutorial_interfaces/share/tutorial_interfaces/cmake/rosidl_cmake_export_typesupport_libraries-extras.cmake
[0.397s] -- Up-to-date: /home/devuser/AOX/ROS2/src/tutorial_interfaces/install/tutorial_interfaces/share/tutorial_interfaces/cmake/tutorial_interfacesConfig.cmake
[0.397s] -- Up-to-date: /home/devuser/AOX/ROS2/src/tutorial_interfaces/install/tutorial_interfaces/share/tutorial_interfaces/cmake/tutorial_interfacesConfig-version.cmake
[0.397s] -- Up-to-date: /home/devuser/AOX/ROS2/src/tutorial_interfaces/install/tutorial_interfaces/share/tutorial_interfaces/package.xml
[0.398s] Invoked command in '/home/devuser/AOX/ROS2/src/tutorial_interfaces/build/tutorial_interfaces' returned '0': CMAKE_PREFIX_PATH=${CMAKE_PREFIX_PATH}:/opt/ros/humble /usr/bin/cmake --install /home/devuser/AOX/ROS2/src/tutorial_interfaces/build/tutorial_interfaces
